Using pre-set license
Built from '6000.0/staging' branch; Version is '6000.0.32f1 (b2e806cf271c) revision 11724806'; Using compiler version '193933523'; Build Type 'Release'
OS: 'Windows 11  (10.0.26100) 64bit Core' Language: 'en' Physical Memory: 32694 MB
BatchMode: 1, IsHumanControllingUs: 0, StartBugReporterOnCrash: 0, Is64bit: 1, IsPro: 1

COMMAND LINE ARGUMENTS:
C:\Program Files\Unity\Hub\Editor\6000.0.32f1\Editor\Unity.exe
-adb2
-batchMode
-noUpm
-name
AssetImportWorker23
-projectPath
C:/Users/calcr/Documents/GitHub/Fight-Knights/Fight Knights
-logFile
Logs/AssetImportWorker23.log
-srvPort
58358
-job-worker-count
7
-background-job-worker-count
8
-gc-helper-count
1
Successfully changed project path to: C:/Users/calcr/Documents/GitHub/Fight-Knights/Fight Knights
C:/Users/calcr/Documents/GitHub/Fight-Knights/Fight Knights
[UnityMemory] Configuration Parameters - Can be set up in boot.config
    "memorysetup-bucket-allocator-granularity=16"
    "memorysetup-bucket-allocator-bucket-count=8"
    "memorysetup-bucket-allocator-block-size=33554432"
    "memorysetup-bucket-allocator-block-count=8"
    "memorysetup-main-allocator-block-size=16777216"
    "memorysetup-thread-allocator-block-size=16777216"
    "memorysetup-gfx-main-allocator-block-size=16777216"
    "memorysetup-gfx-thread-allocator-block-size=16777216"
    "memorysetup-cache-allocator-block-size=4194304"
    "memorysetup-typetree-allocator-block-size=2097152"
    "memorysetup-profiler-bucket-allocator-granularity=16"
    "memorysetup-profiler-bucket-allocator-bucket-count=8"
    "memorysetup-profiler-bucket-allocator-block-size=33554432"
    "memorysetup-profiler-bucket-allocator-block-count=8"
    "memorysetup-profiler-allocator-block-size=16777216"
    "memorysetup-profiler-editor-allocator-block-size=1048576"
    "memorysetup-temp-allocator-size-main=16777216"
    "memorysetup-job-temp-allocator-block-size=2097152"
    "memorysetup-job-temp-allocator-block-size-background=1048576"
    "memorysetup-job-temp-allocator-reduction-small-platforms=262144"
    "memorysetup-allocator-temp-initial-block-size-main=262144"
    "memorysetup-allocator-temp-initial-block-size-worker=262144"
    "memorysetup-temp-allocator-size-background-worker=32768"
    "memorysetup-temp-allocator-size-job-worker=262144"
    "memorysetup-temp-allocator-size-preload-manager=33554432"
    "memorysetup-temp-allocator-size-nav-mesh-worker=65536"
    "memorysetup-temp-allocator-size-audio-worker=65536"
    "memorysetup-temp-allocator-size-cloud-worker=32768"
    "memorysetup-temp-allocator-size-gi-baking-worker=262144"
    "memorysetup-temp-allocator-size-gi-baking-worker=262144"
    "memorysetup-temp-allocator-size-gi-baking-worker=262144"
    "memorysetup-temp-allocator-size-gi-baking-worker=262144"
    "memorysetup-temp-allocator-size-gi-baking-worker=262144"
    "memorysetup-temp-allocator-size-gfx=262144"
Player connection [30156]  Target information:

Player connection [30156]  * "[IP] 192.168.0.35 [Port] 0 [Flags] 2 [Guid] 861288176 [EditorId] 861288176 [Version] 1048832 [Id] WindowsEditor(7,Calvins) [Debug] 1 [PackageName] WindowsEditor [ProjectName] Editor" 

Player connection [30156] Host joined multi-casting on [225.0.0.222:54997]...
Player connection [30156] Host joined alternative multi-casting on [225.0.0.222:34997]...
JobSystem: Creating JobQueue using job-worker-count value 7
[Physics::Module] Initialized fallback backend.
[Physics::Module] Id: 0xdecafbad
Library Redirect Path: Library/
[Physics::Module] Selected backend.
[Physics::Module] Name: PhysX
[Physics::Module] Id: 0xf2b8ea05
[Physics::Module] SDK Version: 4.1.2
[Physics::Module] Integration Version: 1.0.0
[Physics::Module] Threading Mode: Multi-Threaded
Refreshing native plugins compatible for Editor in 1.37 ms, found 2 plugins.
Preloading 0 native plugins for Editor in 0.00 ms.
Initialize engine version: 6000.0.32f1 (b2e806cf271c)
[Subsystems] Discovering subsystems at path C:/Program Files/Unity/Hub/Editor/6000.0.32f1/Editor/Data/Resources/UnitySubsystems
[Subsystems] Discovering subsystems at path C:/Users/calcr/Documents/GitHub/Fight-Knights/Fight Knights/Assets
GfxDevice: creating device client; kGfxThreadingModeNonThreaded
Direct3D:
    Version:  Direct3D 11.0 [level 11.1]
    Renderer: NVIDIA GeForce RTX 3080 Ti (ID=0x2208)
    Vendor:   NVIDIA
    VRAM:     12086 MB
    Driver:   32.0.15.6636
Initialize mono
Mono path[0] = 'C:/Program Files/Unity/Hub/Editor/6000.0.32f1/Editor/Data/Managed'
Mono path[1] = 'C:/Program Files/Unity/Hub/Editor/6000.0.32f1/Editor/Data/MonoBleedingEdge/lib/mono/unityjit-win32'
Mono config path = 'C:/Program Files/Unity/Hub/Editor/6000.0.32f1/Editor/Data/MonoBleedingEdge/etc'
Using monoOptions --debugger-agent=transport=dt_socket,embedding=1,server=y,suspend=n,address=127.0.0.1:56964
Begin MonoManager ReloadAssembly
Registering precompiled unity dll's ...
Register platform support module: C:/Program Files/Unity/Hub/Editor/6000.0.32f1/Editor/Data/PlaybackEngines/WebGLSupport/UnityEditor.WebGL.Extensions.dll
Register platform support module: C:/Program Files/Unity/Hub/Editor/6000.0.32f1/Editor/Data/PlaybackEngines/WindowsStandaloneSupport/UnityEditor.WindowsStandalone.Extensions.dll
Register platform support module: C:/Program Files/Unity/Hub/Editor/6000.0.32f1/Editor/Data/PlaybackEngines/AndroidPlayer/UnityEditor.Android.Extensions.dll
Register platform support module: C:/Program Files/Unity/Hub/Editor/6000.0.32f1/Editor/Data/PlaybackEngines/iOSSupport/UnityEditor.iOS.Extensions.dll
Register platform support module: C:/Program Files/Unity/Hub/Editor/6000.0.32f1/Editor/Data/PlaybackEngines/LinuxStandaloneSupport/UnityEditor.LinuxStandalone.Extensions.dll
Registered in 0.006846 seconds.
- Loaded All Assemblies, in  0.389 seconds
Native extension for LinuxStandalone target not found
[usbmuxd] Start listen thread
[usbmuxd] Listen thread started
Native extension for iOS target not found
Native extension for Android target not found
Android Extension - Scanning For ADB Devices 248 ms
Native extension for WindowsStandalone target not found
Native extension for WebGL target not found
Mono: successfully reloaded assembly
- Finished resetting the current domain, in  0.612 seconds
Domain Reload Profiling: 999ms
	BeginReloadAssembly (129ms)
		ExecutionOrderSort (0ms)
		DisableScriptedObjects (0ms)
		BackupInstance (0ms)
		ReleaseScriptingObjects (0ms)
		CreateAndSetChildDomain (1ms)
	RebuildCommonClasses (37ms)
	RebuildNativeTypeToScriptingClass (12ms)
	initialDomainReloadingComplete (49ms)
	LoadAllAssembliesAndSetupDomain (160ms)
		LoadAssemblies (126ms)
		RebuildTransferFunctionScriptingTraits (0ms)
		AnalyzeDomain (156ms)
			TypeCache.Refresh (155ms)
				TypeCache.ScanAssembly (143ms)
			BuildScriptInfoCaches (0ms)
			ResolveRequiredComponents (0ms)
	FinalizeReload (612ms)
		ReleaseScriptCaches (0ms)
		RebuildScriptCaches (0ms)
		SetupLoadedEditorAssemblies (570ms)
			LogAssemblyErrors (0ms)
			InitializePlatformSupportModulesInManaged (359ms)
			SetLoadedEditorAssemblies (3ms)
			BeforeProcessingInitializeOnLoad (46ms)
			ProcessInitializeOnLoadAttributes (105ms)
			ProcessInitializeOnLoadMethodAttributes (55ms)
			AfterProcessingInitializeOnLoad (0ms)
			EditorAssembliesLoaded (0ms)
		ExecutionOrderSort2 (0ms)
		AwakeInstancesAfterBackupRestoration (0ms)
========================================================================
Worker process is ready to serve import requests
Import Worker Mode flag is 0x00
Begin MonoManager ReloadAssembly
- Loaded All Assemblies, in  0.685 seconds
Refreshing native plugins compatible for Editor in 0.79 ms, found 2 plugins.
Native extension for LinuxStandalone target not found
Native extension for iOS target not found
Native extension for Android target not found
Native extension for WindowsStandalone target not found
Native extension for WebGL target not found
Mono: successfully reloaded assembly
- Finished resetting the current domain, in  0.704 seconds
Domain Reload Profiling: 1384ms
	BeginReloadAssembly (161ms)
		ExecutionOrderSort (0ms)
		DisableScriptedObjects (5ms)
		BackupInstance (0ms)
		ReleaseScriptingObjects (0ms)
		CreateAndSetChildDomain (27ms)
	RebuildCommonClasses (37ms)
	RebuildNativeTypeToScriptingClass (12ms)
	initialDomainReloadingComplete (40ms)
	LoadAllAssembliesAndSetupDomain (430ms)
		LoadAssemblies (323ms)
		RebuildTransferFunctionScriptingTraits (0ms)
		AnalyzeDomain (204ms)
			TypeCache.Refresh (146ms)
				TypeCache.ScanAssembly (132ms)
			BuildScriptInfoCaches (45ms)
			ResolveRequiredComponents (9ms)
	FinalizeReload (705ms)
		ReleaseScriptCaches (0ms)
		RebuildScriptCaches (0ms)
		SetupLoadedEditorAssemblies (558ms)
			LogAssemblyErrors (0ms)
			InitializePlatformSupportModulesInManaged (17ms)
			SetLoadedEditorAssemblies (4ms)
			BeforeProcessingInitializeOnLoad (94ms)
			ProcessInitializeOnLoadAttributes (366ms)
			ProcessInitializeOnLoadMethodAttributes (69ms)
			AfterProcessingInitializeOnLoad (7ms)
			EditorAssembliesLoaded (0ms)
		ExecutionOrderSort2 (0ms)
		AwakeInstancesAfterBackupRestoration (5ms)
Launched and connected shader compiler UnityShaderCompiler.exe after 0.02 seconds
Refreshing native plugins compatible for Editor in 0.85 ms, found 2 plugins.
Preloading 0 native plugins for Editor in 0.00 ms.
Unloading 228 Unused Serialized files (Serialized files now loaded: 0)
Unloading 4505 unused Assets / (3.7 MB). Loaded Objects now: 5227.
Memory consumption went from 180.0 MB to 176.3 MB.
Total: 7.277600 ms (FindLiveObjects: 0.544500 ms CreateObjectMapping: 0.199500 ms MarkObjects: 4.706200 ms  DeleteObjects: 1.824600 ms)

========================================================================
Received Prepare
Begin MonoManager ReloadAssembly
- Loaded All Assemblies, in  0.610 seconds
Refreshing native plugins compatible for Editor in 0.71 ms, found 2 plugins.
Native extension for LinuxStandalone target not found
Native extension for iOS target not found
Native extension for Android target not found
Native extension for WindowsStandalone target not found
Native extension for WebGL target not found
Mono: successfully reloaded assembly
- Finished resetting the current domain, in  0.667 seconds
Domain Reload Profiling: 1273ms
	BeginReloadAssembly (175ms)
		ExecutionOrderSort (0ms)
		DisableScriptedObjects (5ms)
		BackupInstance (0ms)
		ReleaseScriptingObjects (0ms)
		CreateAndSetChildDomain (40ms)
	RebuildCommonClasses (37ms)
	RebuildNativeTypeToScriptingClass (12ms)
	initialDomainReloadingComplete (25ms)
	LoadAllAssembliesAndSetupDomain (357ms)
		LoadAssemblies (299ms)
		RebuildTransferFunctionScriptingTraits (0ms)
		AnalyzeDomain (147ms)
			TypeCache.Refresh (5ms)
				TypeCache.ScanAssembly (0ms)
			BuildScriptInfoCaches (131ms)
			ResolveRequiredComponents (9ms)
	FinalizeReload (667ms)
		ReleaseScriptCaches (0ms)
		RebuildScriptCaches (0ms)
		SetupLoadedEditorAssemblies (484ms)
			LogAssemblyErrors (0ms)
			InitializePlatformSupportModulesInManaged (17ms)
			SetLoadedEditorAssemblies (4ms)
			BeforeProcessingInitializeOnLoad (91ms)
			ProcessInitializeOnLoadAttributes (317ms)
			ProcessInitializeOnLoadMethodAttributes (45ms)
			AfterProcessingInitializeOnLoad (9ms)
			EditorAssembliesLoaded (0ms)
		ExecutionOrderSort2 (0ms)
		AwakeInstancesAfterBackupRestoration (10ms)
Refreshing native plugins compatible for Editor in 0.91 ms, found 2 plugins.
Preloading 0 native plugins for Editor in 0.00 ms.
Unloading 22 Unused Serialized files (Serialized files now loaded: 0)
Unloading 4503 unused Assets / (3.6 MB). Loaded Objects now: 5241.
Memory consumption went from 154.4 MB to 150.8 MB.
Total: 6.476200 ms (FindLiveObjects: 0.581200 ms CreateObjectMapping: 0.214900 ms MarkObjects: 4.003000 ms  DeleteObjects: 1.675600 ms)

Prepare: number of updated asset objects reloaded= 0
========================================================================
Received Import Request.
  Time since last request: 700028.980379 seconds.
  path: Assets/Prefabs/SwordPlayer/Sword And Shield Idle.fbx
  artifactKey: Guid(75db05344ee886c4196a18a80327fc7f) Importer(815301076,1909f56bfc062723c751e8b465ee728b)
Start importing Assets/Prefabs/SwordPlayer/Sword And Shield Idle.fbx using Guid(75db05344ee886c4196a18a80327fc7f) Importer(815301076,1909f56bfc062723c751e8b465ee728b) (PreviewImporter) -> (artifact id: '3ff7e5e61194720c90a761a00f98b9a2') in 0.5145529 seconds
Number of updated asset objects reloaded before import = 0Number of asset objects unloaded after import = 111

========================================================================
Received Import Request.
  Time since last request: 0.000040 seconds.
  path: Assets/Prefabs/SwordPlayer/SwordSelect.prefab
  artifactKey: Guid(9eb5fb26bd4271c448712757c900c994) Importer(815301076,1909f56bfc062723c751e8b465ee728b)
Start importing Assets/Prefabs/SwordPlayer/SwordSelect.prefab using Guid(9eb5fb26bd4271c448712757c900c994) Importer(815301076,1909f56bfc062723c751e8b465ee728b) (PreviewImporter) -> (artifact id: '74f9877501040316cf967bd69d0cd58a') in 0.8085401 seconds
Number of updated asset objects reloaded before import = 0Number of asset objects unloaded after import = 9062

========================================================================
Received Import Request.
  Time since last request: 0.000039 seconds.
  path: Assets/Prefabs/SwordPlayer/SwordParent.prefab
  artifactKey: Guid(e809b6e33e0232f498e11a170466585e) Importer(815301076,1909f56bfc062723c751e8b465ee728b)
Start importing Assets/Prefabs/SwordPlayer/SwordParent.prefab using Guid(e809b6e33e0232f498e11a170466585e) Importer(815301076,1909f56bfc062723c751e8b465ee728b) (PreviewImporter) -> (artifact id: '8ce6bd11cf639581f9247136ac9d4e87') in 0.0198678 seconds
Number of updated asset objects reloaded before import = 0Number of asset objects unloaded after import = 26

========================================================================
Received Import Request.
  Time since last request: 2.414576 seconds.
  path: Assets/Prefabs/SwordPlayer/SwordSelect.prefab
  artifactKey: Guid(9eb5fb26bd4271c448712757c900c994) Importer(815301076,1909f56bfc062723c751e8b465ee728b)
Start importing Assets/Prefabs/SwordPlayer/SwordSelect.prefab using Guid(9eb5fb26bd4271c448712757c900c994) Importer(815301076,1909f56bfc062723c751e8b465ee728b) (PreviewImporter) -> (artifact id: '5b7f84e68ae67e2ffe24e861ef57cc74') in 0.2164423 seconds
Number of updated asset objects reloaded before import = 0Number of asset objects unloaded after import = 9062

========================================================================
Received Import Request.
  Time since last request: 13.334459 seconds.
  path: Assets/Prefabs/Particles/cannonparticleParent 1.prefab
  artifactKey: Guid(a0e7d1ee04511bb43b04507ef261f9e0) Importer(815301076,1909f56bfc062723c751e8b465ee728b)
Start importing Assets/Prefabs/Particles/cannonparticleParent 1.prefab using Guid(a0e7d1ee04511bb43b04507ef261f9e0) Importer(815301076,1909f56bfc062723c751e8b465ee728b) (PreviewImporter) -> (artifact id: 'b1cb0108902b9adc249635a995e4aead') in 0.0282595 seconds
Number of updated asset objects reloaded before import = 0Number of asset objects unloaded after import = 79

========================================================================
Received Import Request.
  Time since last request: 0.000022 seconds.
  path: Assets/Prefabs/Particles/EnergyPushParent.prefab
  artifactKey: Guid(071539070a3862044bd05d69606e0c85) Importer(815301076,1909f56bfc062723c751e8b465ee728b)
Start importing Assets/Prefabs/Particles/EnergyPushParent.prefab using Guid(071539070a3862044bd05d69606e0c85) Importer(815301076,1909f56bfc062723c751e8b465ee728b) (PreviewImporter) -> (artifact id: 'ff197048d1a58d3a71a74bf7d6b92297') in 0.0148067 seconds
Number of updated asset objects reloaded before import = 0Number of asset objects unloaded after import = 32

========================================================================
Received Import Request.
  Time since last request: 0.000044 seconds.
  path: Assets/Prefabs/Particles/SM_Rock_Boulder_01.prefab
  artifactKey: Guid(5b7d85f3188111442a119e3a7854f535) Importer(815301076,1909f56bfc062723c751e8b465ee728b)
Start importing Assets/Prefabs/Particles/SM_Rock_Boulder_01.prefab using Guid(5b7d85f3188111442a119e3a7854f535) Importer(815301076,1909f56bfc062723c751e8b465ee728b) (PreviewImporter) -> (artifact id: '03065e8f7e8b805aa6f82db96302ba31') in 0.0149386 seconds
Number of updated asset objects reloaded before import = 0Number of asset objects unloaded after import = 39

========================================================================
Received Import Request.
  Time since last request: 0.000023 seconds.
  path: Assets/Prefabs/Particles/StoneExplode.prefab
  artifactKey: Guid(f10ae8963d54d5c42afc6e4d1387f30d) Importer(815301076,1909f56bfc062723c751e8b465ee728b)
Start importing Assets/Prefabs/Particles/StoneExplode.prefab using Guid(f10ae8963d54d5c42afc6e4d1387f30d) Importer(815301076,1909f56bfc062723c751e8b465ee728b) (PreviewImporter) -> (artifact id: '06213d235b9e057aa730341a3b1e8e89') in 0.0188345 seconds
Number of updated asset objects reloaded before import = 0Number of asset objects unloaded after import = 27

========================================================================
Received Import Request.
  Time since last request: 0.000022 seconds.
  path: Assets/Prefabs/Particles/FireballParent.prefab
  artifactKey: Guid(4304654ba7f48e94d889df0279a5a9f7) Importer(815301076,1909f56bfc062723c751e8b465ee728b)
Start importing Assets/Prefabs/Particles/FireballParent.prefab using Guid(4304654ba7f48e94d889df0279a5a9f7) Importer(815301076,1909f56bfc062723c751e8b465ee728b) (PreviewImporter) -> (artifact id: '30c6d0bf735bb3a6aeaa7aa4505ccd68') in 0.0141454 seconds
Number of updated asset objects reloaded before import = 0Number of asset objects unloaded after import = 17

========================================================================
Received Import Request.
  Time since last request: 0.000026 seconds.
  path: Assets/Prefabs/Particles/SlashQuad.prefab
  artifactKey: Guid(bbba8705eb4698e4fb8a191a0d282dc4) Importer(815301076,1909f56bfc062723c751e8b465ee728b)
Start importing Assets/Prefabs/Particles/SlashQuad.prefab using Guid(bbba8705eb4698e4fb8a191a0d282dc4) Importer(815301076,1909f56bfc062723c751e8b465ee728b) (PreviewImporter) -> (artifact id: '2f3af560f47bcdfa8a4f4b3781311b64') in 0.0166152 seconds
Number of updated asset objects reloaded before import = 0Number of asset objects unloaded after import = 9

========================================================================
Received Import Request.
  Time since last request: 0.000021 seconds.
  path: Assets/Prefabs/Particles/HitBoxParent.prefab
  artifactKey: Guid(a8ea0182405ad0945b6408e82dda57c5) Importer(815301076,1909f56bfc062723c751e8b465ee728b)
Start importing Assets/Prefabs/Particles/HitBoxParent.prefab using Guid(a8ea0182405ad0945b6408e82dda57c5) Importer(815301076,1909f56bfc062723c751e8b465ee728b) (PreviewImporter) -> (artifact id: '876d694901531ebcb479accb3a98ce2c') in 0.0023746 seconds
Number of updated asset objects reloaded before import = 0Number of asset objects unloaded after import = 8

========================================================================
Received Import Request.
  Time since last request: 0.000024 seconds.
  path: Assets/Prefabs/Particles/StartStunnedParent.prefab
  artifactKey: Guid(164d29503e3357842b050b20fa80bb8f) Importer(815301076,1909f56bfc062723c751e8b465ee728b)
Start importing Assets/Prefabs/Particles/StartStunnedParent.prefab using Guid(164d29503e3357842b050b20fa80bb8f) Importer(815301076,1909f56bfc062723c751e8b465ee728b) (PreviewImporter) -> (artifact id: '20bec2c6310011b55fb6e439ddeacf3f') in 0.0175795 seconds
Number of updated asset objects reloaded before import = 0Number of asset objects unloaded after import = 34

========================================================================
Received Import Request.
  Time since last request: 0.000029 seconds.
  path: Assets/Prefabs/Particles/GlowParent.prefab
  artifactKey: Guid(78e5fecad84c17d48a37fbce4da20b6f) Importer(815301076,1909f56bfc062723c751e8b465ee728b)
Start importing Assets/Prefabs/Particles/GlowParent.prefab using Guid(78e5fecad84c17d48a37fbce4da20b6f) Importer(815301076,1909f56bfc062723c751e8b465ee728b) (PreviewImporter) -> (artifact id: '9eb6878e30f16666bbe5c4693c07fb09') in 0.0137225 seconds
Number of updated asset objects reloaded before import = 0Number of asset objects unloaded after import = 18

========================================================================
Received Import Request.
  Time since last request: 0.000021 seconds.
  path: Assets/Prefabs/Particles/FireExplosionParent.prefab
  artifactKey: Guid(078ddc21fa743f54b889f07d5bc7daf0) Importer(815301076,1909f56bfc062723c751e8b465ee728b)
Start importing Assets/Prefabs/Particles/FireExplosionParent.prefab using Guid(078ddc21fa743f54b889f07d5bc7daf0) Importer(815301076,1909f56bfc062723c751e8b465ee728b) (PreviewImporter) -> (artifact id: '80179e7a87e69d17561e11cd59d4cf63') in 0.014993 seconds
Number of updated asset objects reloaded before import = 0Number of asset objects unloaded after import = 50

========================================================================
Received Import Request.
  Time since last request: 0.000022 seconds.
  path: Assets/Prefabs/Particles/CloneExplosion.prefab
  artifactKey: Guid(d02e60174f08db4408f90db93dcbf51f) Importer(815301076,1909f56bfc062723c751e8b465ee728b)
Start importing Assets/Prefabs/Particles/CloneExplosion.prefab using Guid(d02e60174f08db4408f90db93dcbf51f) Importer(815301076,1909f56bfc062723c751e8b465ee728b) (PreviewImporter) -> (artifact id: 'bb520a6bc372464492a6bc07bf3e91e4') in 0.0223033 seconds
Number of updated asset objects reloaded before import = 0Number of asset objects unloaded after import = 176

========================================================================
Received Import Request.
  Time since last request: 0.000025 seconds.
  path: Assets/Prefabs/Particles/player_slash.png
  artifactKey: Guid(83782b432dc0dd74ab861bd2d1c5d8fc) Importer(815301076,1909f56bfc062723c751e8b465ee728b)
Start importing Assets/Prefabs/Particles/player_slash.png using Guid(83782b432dc0dd74ab861bd2d1c5d8fc) Importer(815301076,1909f56bfc062723c751e8b465ee728b) (PreviewImporter) -> (artifact id: '77adc27a1738a49c6c5bbe0f9837b60b') in 0.0137226 seconds
Number of updated asset objects reloaded before import = 0Number of asset objects unloaded after import = 2

========================================================================
Received Import Request.
  Time since last request: 0.000028 seconds.
  path: Assets/Prefabs/Particles/FireballParentMoving.prefab
  artifactKey: Guid(000786d69ad68fa4194264401d6cf815) Importer(815301076,1909f56bfc062723c751e8b465ee728b)
Start importing Assets/Prefabs/Particles/FireballParentMoving.prefab using Guid(000786d69ad68fa4194264401d6cf815) Importer(815301076,1909f56bfc062723c751e8b465ee728b) (PreviewImporter) -> (artifact id: 'c7a4d56ba53460bd19fefc30f834bf3f') in 0.0104511 seconds
Number of updated asset objects reloaded before import = 0Number of asset objects unloaded after import = 43

========================================================================
Received Import Request.
  Time since last request: 0.000046 seconds.
  path: Assets/Prefabs/Particles/SwirlParent.prefab
  artifactKey: Guid(6e5324308a591a84794d0e8c28d57b49) Importer(815301076,1909f56bfc062723c751e8b465ee728b)
Start importing Assets/Prefabs/Particles/SwirlParent.prefab using Guid(6e5324308a591a84794d0e8c28d57b49) Importer(815301076,1909f56bfc062723c751e8b465ee728b) (PreviewImporter) -> (artifact id: 'f1025e20a4915a3c900a7a7ca5dbebce') in 0.0147591 seconds
Number of updated asset objects reloaded before import = 0Number of asset objects unloaded after import = 19

========================================================================
Received Import Request.
  Time since last request: 0.000031 seconds.
  path: Assets/Prefabs/Particles/LeftJab.prefab
  artifactKey: Guid(69f272aadee1ff843a8b5c115379f46d) Importer(815301076,1909f56bfc062723c751e8b465ee728b)
Start importing Assets/Prefabs/Particles/LeftJab.prefab using Guid(69f272aadee1ff843a8b5c115379f46d) Importer(815301076,1909f56bfc062723c751e8b465ee728b) (PreviewImporter) -> (artifact id: 'cc861d67da7a9c9eda88fc000014c2c0') in 0.0159288 seconds
Number of updated asset objects reloaded before import = 0Number of asset objects unloaded after import = 76

========================================================================
Received Import Request.
  Time since last request: 0.000040 seconds.
  path: Assets/Prefabs/Particles/FireBallShot.prefab
  artifactKey: Guid(ab0d85c734dac124a9058f2f46d5b237) Importer(815301076,1909f56bfc062723c751e8b465ee728b)
Start importing Assets/Prefabs/Particles/FireBallShot.prefab using Guid(ab0d85c734dac124a9058f2f46d5b237) Importer(815301076,1909f56bfc062723c751e8b465ee728b) (PreviewImporter) -> (artifact id: '7f2d80082077a496449bda5ed2aed0cf') in 0.0184769 seconds
Number of updated asset objects reloaded before import = 0Number of asset objects unloaded after import = 60

========================================================================
Received Import Request.
  Time since last request: 0.000032 seconds.
  path: Assets/Prefabs/Particles/DeathEffect.prefab
  artifactKey: Guid(9c43f70a337369b41b11f1a3d8d14623) Importer(815301076,1909f56bfc062723c751e8b465ee728b)
Start importing Assets/Prefabs/Particles/DeathEffect.prefab using Guid(9c43f70a337369b41b11f1a3d8d14623) Importer(815301076,1909f56bfc062723c751e8b465ee728b) (PreviewImporter) -> (artifact id: 'eb55d93bd963375e83621d26e06e94b5') in 0.0155865 seconds
Number of updated asset objects reloaded before import = 0Number of asset objects unloaded after import = 35

========================================================================
Received Import Request.
  Time since last request: 0.000027 seconds.
  path: Assets/Prefabs/Particles/ParryParent.prefab
  artifactKey: Guid(1ab4d7f44ea85ba43842a96bd395010f) Importer(815301076,1909f56bfc062723c751e8b465ee728b)
Start importing Assets/Prefabs/Particles/ParryParent.prefab using Guid(1ab4d7f44ea85ba43842a96bd395010f) Importer(815301076,1909f56bfc062723c751e8b465ee728b) (PreviewImporter) -> (artifact id: 'abb16239d4f902076fddf4ec048271af') in 0.0856457 seconds
Number of updated asset objects reloaded before import = 0Number of asset objects unloaded after import = 49

========================================================================
Received Import Request.
  Time since last request: 18.567077 seconds.
  path: Assets/PolygonDungeon/Prefabs/FX/FX_Magic_Swirl.prefab
  artifactKey: Guid(bf0e56a097b1e8e41819c3d039977632) Importer(815301076,1909f56bfc062723c751e8b465ee728b)
Start importing Assets/PolygonDungeon/Prefabs/FX/FX_Magic_Swirl.prefab using Guid(bf0e56a097b1e8e41819c3d039977632) Importer(815301076,1909f56bfc062723c751e8b465ee728b) (PreviewImporter) -> (artifact id: '57ec987dfe7c4fe95b01f72938c7cd61') in 0.0181923 seconds
Number of updated asset objects reloaded before import = 0Number of asset objects unloaded after import = 8

========================================================================
Received Import Request.
  Time since last request: 0.000020 seconds.
  path: Assets/PolygonDungeon/Models/SM_Prop_Tech_SwitchBoard_01.fbx
  artifactKey: Guid(d1595314df2f83d4dbd497012663b172) Importer(815301076,1909f56bfc062723c751e8b465ee728b)
Start importing Assets/PolygonDungeon/Models/SM_Prop_Tech_SwitchBoard_01.fbx using Guid(d1595314df2f83d4dbd497012663b172) Importer(815301076,1909f56bfc062723c751e8b465ee728b) (PreviewImporter) -> (artifact id: '03684bba0c5b4ef688fe4aa4cf546767') in 0.018201 seconds
Number of updated asset objects reloaded before import = 0Number of asset objects unloaded after import = 7

========================================================================
Received Import Request.
  Time since last request: 0.000022 seconds.
  path: Assets/PolygonDungeon/Models/SM_Wep_Crystal_Ornate_Straightsword_01.fbx
  artifactKey: Guid(61f4e8d2a5b031a41b97ad2c616ae894) Importer(815301076,1909f56bfc062723c751e8b465ee728b)
Start importing Assets/PolygonDungeon/Models/SM_Wep_Crystal_Ornate_Straightsword_01.fbx using Guid(61f4e8d2a5b031a41b97ad2c616ae894) Importer(815301076,1909f56bfc062723c751e8b465ee728b) (PreviewImporter) -> (artifact id: '37920c689e5352e51be06536db35c39a') in 0.0249631 seconds
Number of updated asset objects reloaded before import = 0Number of asset objects unloaded after import = 7

========================================================================
Received Import Request.
  Time since last request: 0.000030 seconds.
  path: Assets/PolygonNature/Prefabs/Trees/SM_Tree_Swamp_Root_01.prefab
  artifactKey: Guid(6cc10fda75a465b4c88a8c85b969dff6) Importer(815301076,1909f56bfc062723c751e8b465ee728b)
Start importing Assets/PolygonNature/Prefabs/Trees/SM_Tree_Swamp_Root_01.prefab using Guid(6cc10fda75a465b4c88a8c85b969dff6) Importer(815301076,1909f56bfc062723c751e8b465ee728b) (PreviewImporter) -> (artifact id: 'ed4cb90b3763d7f7828fe037964215ab') in 0.5272772 seconds
Number of updated asset objects reloaded before import = 0Number of asset objects unloaded after import = 9

========================================================================
Received Import Request.
  Time since last request: 0.000024 seconds.
  path: Assets/PolygonNature/Models/SM_Tree_Swamp_Root_02.fbx
  artifactKey: Guid(d4fd2352d6af9744b9fa4ea2da5ecb0b) Importer(815301076,1909f56bfc062723c751e8b465ee728b)
Start importing Assets/PolygonNature/Models/SM_Tree_Swamp_Root_02.fbx using Guid(d4fd2352d6af9744b9fa4ea2da5ecb0b) Importer(815301076,1909f56bfc062723c751e8b465ee728b) (PreviewImporter) -> (artifact id: '05e6ef563c6e2730c7a1ab6671bde3aa') in 0.0183392 seconds
Number of updated asset objects reloaded before import = 0Number of asset objects unloaded after import = 7

========================================================================
Received Import Request.
  Time since last request: 0.000031 seconds.
  path: Assets/PolygonPirates/Prefabs/Weapons/SM_Wep_Shortsword_01.prefab
  artifactKey: Guid(662136e9e9c510e4385455e701010fd6) Importer(815301076,1909f56bfc062723c751e8b465ee728b)
Start importing Assets/PolygonPirates/Prefabs/Weapons/SM_Wep_Shortsword_01.prefab using Guid(662136e9e9c510e4385455e701010fd6) Importer(815301076,1909f56bfc062723c751e8b465ee728b) (PreviewImporter) -> (artifact id: '41ff66cd35c6024d302545d8ca5b75ad') in 0.0152471 seconds
Number of updated asset objects reloaded before import = 0Number of asset objects unloaded after import = 12

========================================================================
Received Import Request.
  Time since last request: 0.000023 seconds.
  path: Assets/Low-Poly Weapons/Models/Sword.fbx
  artifactKey: Guid(72be0c703037640cf97b8487e7a0d830) Importer(815301076,1909f56bfc062723c751e8b465ee728b)
Start importing Assets/Low-Poly Weapons/Models/Sword.fbx using Guid(72be0c703037640cf97b8487e7a0d830) Importer(815301076,1909f56bfc062723c751e8b465ee728b) (PreviewImporter) -> (artifact id: '9f4ec97360b3a439ab649ed7a150a880') in 0.5442109 seconds
Number of updated asset objects reloaded before import = 0Number of asset objects unloaded after import = 10

========================================================================
Received Import Request.
  Time since last request: 0.000025 seconds.
  path: Assets/PolygonDungeon/Models/CollisionConvex/SM_Wep_Ornate_Sword_01_Convex.asset
  artifactKey: Guid(6dfdb203528207642a9a93cda851ea15) Importer(815301076,1909f56bfc062723c751e8b465ee728b)
Start importing Assets/PolygonDungeon/Models/CollisionConvex/SM_Wep_Ornate_Sword_01_Convex.asset using Guid(6dfdb203528207642a9a93cda851ea15) Importer(815301076,1909f56bfc062723c751e8b465ee728b) (PreviewImporter) -> (artifact id: '57f8e250e113a5c69da36daba80dc1a0') in 0.0169989 seconds
Number of updated asset objects reloaded before import = 0Number of asset objects unloaded after import = 3

========================================================================
Received Import Request.
  Time since last request: 0.000030 seconds.
  path: Assets/PolygonPirates/Models/SM_Wep_Shortsword_01_Convex.asset
  artifactKey: Guid(a92c7248a4187d94eafcb6f9ccc934dd) Importer(815301076,1909f56bfc062723c751e8b465ee728b)
Start importing Assets/PolygonPirates/Models/SM_Wep_Shortsword_01_Convex.asset using Guid(a92c7248a4187d94eafcb6f9ccc934dd) Importer(815301076,1909f56bfc062723c751e8b465ee728b) (PreviewImporter) -> (artifact id: 'd249614667bf1842c3b41caa9a35cb0a') in 0.0159301 seconds
Number of updated asset objects reloaded before import = 0Number of asset objects unloaded after import = 3

========================================================================
Received Import Request.
  Time since last request: 0.000021 seconds.
  path: Assets/PolygonDungeon/Models/CollisionConvex/SM_Wep_Crystal_Ornate_Straightsword_01_Convex.asset
  artifactKey: Guid(2816e07dbdd809d4d962a69afb384e1b) Importer(815301076,1909f56bfc062723c751e8b465ee728b)
Start importing Assets/PolygonDungeon/Models/CollisionConvex/SM_Wep_Crystal_Ornate_Straightsword_01_Convex.asset using Guid(2816e07dbdd809d4d962a69afb384e1b) Importer(815301076,1909f56bfc062723c751e8b465ee728b) (PreviewImporter) -> (artifact id: '4e1c1a9dbf7992bed260008eb7b9ab65') in 0.0148733 seconds
Number of updated asset objects reloaded before import = 0Number of asset objects unloaded after import = 3

========================================================================
Received Import Request.
  Time since last request: 0.000021 seconds.
  path: Assets/Animation/Sword And Shield Impact (1).fbx
  artifactKey: Guid(d4baeedc6cbaa0b4ab731aa000c0dae3) Importer(815301076,1909f56bfc062723c751e8b465ee728b)
Start importing Assets/Animation/Sword And Shield Impact (1).fbx using Guid(d4baeedc6cbaa0b4ab731aa000c0dae3) Importer(815301076,1909f56bfc062723c751e8b465ee728b) (PreviewImporter) -> (artifact id: 'ae070a306322952149739c2402679ab8') in 0.0289254 seconds
Number of updated asset objects reloaded before import = 0Number of asset objects unloaded after import = 111

========================================================================
Received Import Request.
  Time since last request: 0.000022 seconds.
  path: Assets/PolygonNature/Models/SM_Terrain_Swamp_Growth_02.fbx
  artifactKey: Guid(620987034c4da62449f629fa4574ed4d) Importer(815301076,1909f56bfc062723c751e8b465ee728b)
Start importing Assets/PolygonNature/Models/SM_Terrain_Swamp_Growth_02.fbx using Guid(620987034c4da62449f629fa4574ed4d) Importer(815301076,1909f56bfc062723c751e8b465ee728b) (PreviewImporter) -> (artifact id: '0e6c6571df2e7fa0851a66ffc58edc82') in 0.0194045 seconds
Number of updated asset objects reloaded before import = 0Number of asset objects unloaded after import = 7

========================================================================
Received Import Request.
  Time since last request: 0.000022 seconds.
  path: Assets/PolygonDungeon/Prefabs/Weapons/SM_Wep_Greatsword_Curved_01.prefab
  artifactKey: Guid(e6138525164fc714a9e749b7608ec9b3) Importer(815301076,1909f56bfc062723c751e8b465ee728b)
Start importing Assets/PolygonDungeon/Prefabs/Weapons/SM_Wep_Greatsword_Curved_01.prefab using Guid(e6138525164fc714a9e749b7608ec9b3) Importer(815301076,1909f56bfc062723c751e8b465ee728b) (PreviewImporter) -> (artifact id: '43a7cadf07a59e52f2a32d09cd9c1109') in 0.0420871 seconds
Number of updated asset objects reloaded before import = 0Number of asset objects unloaded after import = 13

========================================================================
Received Import Request.
  Time since last request: 0.000029 seconds.
  path: Assets/PolygonNature/Models/SM_Tree_Swamp_Root_01.fbx
  artifactKey: Guid(8d78a700f8b741f439f9d96feaaf3527) Importer(815301076,1909f56bfc062723c751e8b465ee728b)
Start importing Assets/PolygonNature/Models/SM_Tree_Swamp_Root_01.fbx using Guid(8d78a700f8b741f439f9d96feaaf3527) Importer(815301076,1909f56bfc062723c751e8b465ee728b) (PreviewImporter) -> (artifact id: '7fdfef05bf3dac99a46a97fc48d3a836') in 0.0172653 seconds
Number of updated asset objects reloaded before import = 0Number of asset objects unloaded after import = 7

========================================================================
Received Import Request.
  Time since last request: 0.000034 seconds.
  path: Assets/PolygonDungeon/Models/CollisionConvex/SM_Trap_Swing_Blade_01_Convex 1.asset
  artifactKey: Guid(1f23a948b9701e14f8283dd058acb335) Importer(815301076,1909f56bfc062723c751e8b465ee728b)
Start importing Assets/PolygonDungeon/Models/CollisionConvex/SM_Trap_Swing_Blade_01_Convex 1.asset using Guid(1f23a948b9701e14f8283dd058acb335) Importer(815301076,1909f56bfc062723c751e8b465ee728b) (PreviewImporter) -> (artifact id: 'a8b96b3965c7c9632cb4114086c57a92') in 0.0202314 seconds
Number of updated asset objects reloaded before import = 0Number of asset objects unloaded after import = 4

========================================================================
Received Import Request.
  Time since last request: 0.000028 seconds.
  path: Assets/PolygonDungeon/Models/CollisionConvex/SM_Wep_Crystal_DoubleSword_01_Convex.asset
  artifactKey: Guid(59447c218a1585b40bc6aabb3a596a2a) Importer(815301076,1909f56bfc062723c751e8b465ee728b)
Start importing Assets/PolygonDungeon/Models/CollisionConvex/SM_Wep_Crystal_DoubleSword_01_Convex.asset using Guid(59447c218a1585b40bc6aabb3a596a2a) Importer(815301076,1909f56bfc062723c751e8b465ee728b) (PreviewImporter) -> (artifact id: 'c11f38790988bd394bf29f70172ce88d') in 0.0166587 seconds
Number of updated asset objects reloaded before import = 0Number of asset objects unloaded after import = 3

========================================================================
Received Import Request.
  Time since last request: 0.000021 seconds.
  path: Assets/PolygonNature/Prefabs/Trees/SM_Tree_Swamp_Stump_02.prefab
  artifactKey: Guid(eb570ee4ce047744fbfdd57ab0c57b44) Importer(815301076,1909f56bfc062723c751e8b465ee728b)
Start importing Assets/PolygonNature/Prefabs/Trees/SM_Tree_Swamp_Stump_02.prefab using Guid(eb570ee4ce047744fbfdd57ab0c57b44) Importer(815301076,1909f56bfc062723c751e8b465ee728b) (PreviewImporter) -> (artifact id: 'abac9b0bbd41ef62b205f857669adac9') in 0.0157689 seconds
Number of updated asset objects reloaded before import = 0Number of asset objects unloaded after import = 12

========================================================================
Received Import Request.
  Time since last request: 0.000031 seconds.
  path: Assets/PolygonDungeon/Models/SM_Wep_Ornate_Sword_02.fbx
  artifactKey: Guid(b24956cf5d4cc0e44a42e03d26fa5797) Importer(815301076,1909f56bfc062723c751e8b465ee728b)
Start importing Assets/PolygonDungeon/Models/SM_Wep_Ornate_Sword_02.fbx using Guid(b24956cf5d4cc0e44a42e03d26fa5797) Importer(815301076,1909f56bfc062723c751e8b465ee728b) (PreviewImporter) -> (artifact id: '6971c9f6c39000fd097c70cfb17970c3') in 0.0173567 seconds
Number of updated asset objects reloaded before import = 0Number of asset objects unloaded after import = 7

========================================================================
Received Import Request.
  Time since last request: 0.000023 seconds.
  path: Assets/Animation/Sword And Shield Impact 1.fbx
  artifactKey: Guid(7ebfe7c27f534734c8e8fd690f8819e3) Importer(815301076,1909f56bfc062723c751e8b465ee728b)
Start importing Assets/Animation/Sword And Shield Impact 1.fbx using Guid(7ebfe7c27f534734c8e8fd690f8819e3) Importer(815301076,1909f56bfc062723c751e8b465ee728b) (PreviewImporter) -> (artifact id: '2e4cfff94bec63c092e955c9412851bf') in 0.0290808 seconds
Number of updated asset objects reloaded before import = 0Number of asset objects unloaded after import = 85

========================================================================
Received Import Request.
  Time since last request: 0.000026 seconds.
  path: Assets/PolygonNature/Models/SM_Tree_Swamp_Stump_02.fbx
  artifactKey: Guid(805a0deec17f1864bbb971b4d73774d8) Importer(815301076,1909f56bfc062723c751e8b465ee728b)
Start importing Assets/PolygonNature/Models/SM_Tree_Swamp_Stump_02.fbx using Guid(805a0deec17f1864bbb971b4d73774d8) Importer(815301076,1909f56bfc062723c751e8b465ee728b) (PreviewImporter) -> (artifact id: '2867ac62b949e841aad25e2084c751a1') in 0.0176834 seconds
Number of updated asset objects reloaded before import = 0Number of asset objects unloaded after import = 7

========================================================================
Received Import Request.
  Time since last request: 0.000029 seconds.
  path: Assets/PolygonNature/Prefabs/Trees/SM_Tree_Swamp_Stump_01.prefab
  artifactKey: Guid(608213fc5c7ac4d4f98850704ec8906c) Importer(815301076,1909f56bfc062723c751e8b465ee728b)
Start importing Assets/PolygonNature/Prefabs/Trees/SM_Tree_Swamp_Stump_01.prefab using Guid(608213fc5c7ac4d4f98850704ec8906c) Importer(815301076,1909f56bfc062723c751e8b465ee728b) (PreviewImporter) -> (artifact id: '6bbda765a3f538c7e20f0b59b615a307') in 0.0159474 seconds
Number of updated asset objects reloaded before import = 0Number of asset objects unloaded after import = 12

========================================================================
Received Import Request.
  Time since last request: 0.000027 seconds.
  path: Assets/PolygonFantasyHeroCharacters/Prefabs/Weapons/SM_Wep_Sword_Rapier_Cover_01.prefab
  artifactKey: Guid(dab4d3bfd0f0a6f4aa5249c2d0fce6e3) Importer(815301076,1909f56bfc062723c751e8b465ee728b)
Start importing Assets/PolygonFantasyHeroCharacters/Prefabs/Weapons/SM_Wep_Sword_Rapier_Cover_01.prefab using Guid(dab4d3bfd0f0a6f4aa5249c2d0fce6e3) Importer(815301076,1909f56bfc062723c751e8b465ee728b) (PreviewImporter) -> (artifact id: '38fa2d3bf5765501a84c0b5c2e215556') in 0.0168106 seconds
Number of updated asset objects reloaded before import = 0Number of asset objects unloaded after import = 22

========================================================================
Received Import Request.
  Time since last request: 0.000023 seconds.
  path: Assets/PolygonDungeon/Models/SM_Trap_Swing_Blade_01.fbx
  artifactKey: Guid(c1de42800dba83442959031eacb99495) Importer(815301076,1909f56bfc062723c751e8b465ee728b)
Start importing Assets/PolygonDungeon/Models/SM_Trap_Swing_Blade_01.fbx using Guid(c1de42800dba83442959031eacb99495) Importer(815301076,1909f56bfc062723c751e8b465ee728b) (PreviewImporter) -> (artifact id: '29a8303c0926c227a2e37aa1127ce975') in 0.0194051 seconds
Number of updated asset objects reloaded before import = 0Number of asset objects unloaded after import = 7

========================================================================
Received Import Request.
  Time since last request: 0.000022 seconds.
  path: Assets/PolygonFantasyHeroCharacters/Models/Weapons/SM_Wep_Sword_Cover_01.fbx
  artifactKey: Guid(ba40743ca670f72428e421682f20efec) Importer(815301076,1909f56bfc062723c751e8b465ee728b)
Start importing Assets/PolygonFantasyHeroCharacters/Models/Weapons/SM_Wep_Sword_Cover_01.fbx using Guid(ba40743ca670f72428e421682f20efec) Importer(815301076,1909f56bfc062723c751e8b465ee728b) (PreviewImporter) -> (artifact id: 'f7d25c9193c40f8b557b43c2c1ae9b79') in 0.0167951 seconds
Number of updated asset objects reloaded before import = 0Number of asset objects unloaded after import = 7

========================================================================
Received Import Request.
  Time since last request: 0.000023 seconds.
  path: Assets/PolygonDungeon/Models/SM_Wep_Greatsword_Round_01.fbx
  artifactKey: Guid(d7525610871b2c647b24f4aa65c6ce89) Importer(815301076,1909f56bfc062723c751e8b465ee728b)
Start importing Assets/PolygonDungeon/Models/SM_Wep_Greatsword_Round_01.fbx using Guid(d7525610871b2c647b24f4aa65c6ce89) Importer(815301076,1909f56bfc062723c751e8b465ee728b) (PreviewImporter) -> (artifact id: 'ce39bca323f0ca2f08d45efe6a58f917') in 0.0174456 seconds
Number of updated asset objects reloaded before import = 0Number of asset objects unloaded after import = 7

========================================================================
Received Import Request.
  Time since last request: 0.000039 seconds.
  path: Assets/PolygonNature/Materials/LODS/Alternates/PolygonNature_Leaves_Willow_LOD_01_Swamp.mat
  artifactKey: Guid(3da26891ca1f02f47bc4abd3e3528dac) Importer(815301076,1909f56bfc062723c751e8b465ee728b)
Start importing Assets/PolygonNature/Materials/LODS/Alternates/PolygonNature_Leaves_Willow_LOD_01_Swamp.mat using Guid(3da26891ca1f02f47bc4abd3e3528dac) Importer(815301076,1909f56bfc062723c751e8b465ee728b) (PreviewImporter) -> (artifact id: 'b25a0a6cc7c84e157748e7c68b977f1b') in 0.0092424 seconds
Number of updated asset objects reloaded before import = 0Number of asset objects unloaded after import = 4

Editor requested this worker to shutdown with reason: Scaling down because of idle timeout
AssetImportWorker is now disconnected from the server
Process exiting
Exiting without the bug reporter. Application will terminate with return code 0