Using pre-set license
Built from '6000.0/staging' branch; Version is '6000.0.32f1 (b2e806cf271c) revision 11724806'; Using compiler version '193933523'; Build Type 'Release'
OS: 'Windows 11  (10.0.26100) 64bit Core' Language: 'en' Physical Memory: 32694 MB
BatchMode: 1, IsHumanControllingUs: 0, StartBugReporterOnCrash: 0, Is64bit: 1, IsPro: 1

COMMAND LINE ARGUMENTS:
C:\Program Files\Unity\Hub\Editor\6000.0.32f1\Editor\Unity.exe
-adb2
-batchMode
-noUpm
-name
AssetImportWorker25
-projectPath
C:/Users/calcr/Documents/GitHub/Fight-Knights/Fight Knights
-logFile
Logs/AssetImportWorker25.log
-srvPort
58358
-job-worker-count
7
-background-job-worker-count
8
-gc-helper-count
1
Successfully changed project path to: C:/Users/calcr/Documents/GitHub/Fight-Knights/Fight Knights
C:/Users/calcr/Documents/GitHub/Fight-Knights/Fight Knights
[UnityMemory] Configuration Parameters - Can be set up in boot.config
    "memorysetup-bucket-allocator-granularity=16"
    "memorysetup-bucket-allocator-bucket-count=8"
    "memorysetup-bucket-allocator-block-size=33554432"
    "memorysetup-bucket-allocator-block-count=8"
    "memorysetup-main-allocator-block-size=16777216"
    "memorysetup-thread-allocator-block-size=16777216"
    "memorysetup-gfx-main-allocator-block-size=16777216"
    "memorysetup-gfx-thread-allocator-block-size=16777216"
    "memorysetup-cache-allocator-block-size=4194304"
    "memorysetup-typetree-allocator-block-size=2097152"
    "memorysetup-profiler-bucket-allocator-granularity=16"
    "memorysetup-profiler-bucket-allocator-bucket-count=8"
    "memorysetup-profiler-bucket-allocator-block-size=33554432"
    "memorysetup-profiler-bucket-allocator-block-count=8"
    "memorysetup-profiler-allocator-block-size=16777216"
    "memorysetup-profiler-editor-allocator-block-size=1048576"
    "memorysetup-temp-allocator-size-main=16777216"
    "memorysetup-job-temp-allocator-block-size=2097152"
    "memorysetup-job-temp-allocator-block-size-background=1048576"
    "memorysetup-job-temp-allocator-reduction-small-platforms=262144"
    "memorysetup-allocator-temp-initial-block-size-main=262144"
    "memorysetup-allocator-temp-initial-block-size-worker=262144"
    "memorysetup-temp-allocator-size-background-worker=32768"
    "memorysetup-temp-allocator-size-job-worker=262144"
    "memorysetup-temp-allocator-size-preload-manager=33554432"
    "memorysetup-temp-allocator-size-nav-mesh-worker=65536"
    "memorysetup-temp-allocator-size-audio-worker=65536"
    "memorysetup-temp-allocator-size-cloud-worker=32768"
    "memorysetup-temp-allocator-size-gi-baking-worker=262144"
    "memorysetup-temp-allocator-size-gi-baking-worker=262144"
    "memorysetup-temp-allocator-size-gi-baking-worker=262144"
    "memorysetup-temp-allocator-size-gi-baking-worker=262144"
    "memorysetup-temp-allocator-size-gi-baking-worker=262144"
    "memorysetup-temp-allocator-size-gfx=262144"
Player connection [10904]  Target information:

Player connection [10904]  * "[IP] 192.168.0.35 [Port] 0 [Flags] 2 [Guid] 3788303967 [EditorId] 3788303967 [Version] 1048832 [Id] WindowsEditor(7,Calvins) [Debug] 1 [PackageName] WindowsEditor [ProjectName] Editor" 

Player connection [10904] Host joined multi-casting on [225.0.0.222:54997]...
Player connection [10904] Host joined alternative multi-casting on [225.0.0.222:34997]...
JobSystem: Creating JobQueue using job-worker-count value 7
[Physics::Module] Initialized fallback backend.
[Physics::Module] Id: 0xdecafbad
Library Redirect Path: Library/
[Physics::Module] Selected backend.
[Physics::Module] Name: PhysX
[Physics::Module] Id: 0xf2b8ea05
[Physics::Module] SDK Version: 4.1.2
[Physics::Module] Integration Version: 1.0.0
[Physics::Module] Threading Mode: Multi-Threaded
Refreshing native plugins compatible for Editor in 1.20 ms, found 2 plugins.
Preloading 0 native plugins for Editor in 0.00 ms.
Initialize engine version: 6000.0.32f1 (b2e806cf271c)
[Subsystems] Discovering subsystems at path C:/Program Files/Unity/Hub/Editor/6000.0.32f1/Editor/Data/Resources/UnitySubsystems
[Subsystems] Discovering subsystems at path C:/Users/calcr/Documents/GitHub/Fight-Knights/Fight Knights/Assets
GfxDevice: creating device client; kGfxThreadingModeNonThreaded
Direct3D:
    Version:  Direct3D 11.0 [level 11.1]
    Renderer: NVIDIA GeForce RTX 3080 Ti (ID=0x2208)
    Vendor:   NVIDIA
    VRAM:     12086 MB
    Driver:   32.0.15.6636
Initialize mono
Mono path[0] = 'C:/Program Files/Unity/Hub/Editor/6000.0.32f1/Editor/Data/Managed'
Mono path[1] = 'C:/Program Files/Unity/Hub/Editor/6000.0.32f1/Editor/Data/MonoBleedingEdge/lib/mono/unityjit-win32'
Mono config path = 'C:/Program Files/Unity/Hub/Editor/6000.0.32f1/Editor/Data/MonoBleedingEdge/etc'
Using monoOptions --debugger-agent=transport=dt_socket,embedding=1,server=y,suspend=n,address=127.0.0.1:56684
Begin MonoManager ReloadAssembly
Registering precompiled unity dll's ...
Register platform support module: C:/Program Files/Unity/Hub/Editor/6000.0.32f1/Editor/Data/PlaybackEngines/WebGLSupport/UnityEditor.WebGL.Extensions.dll
Register platform support module: C:/Program Files/Unity/Hub/Editor/6000.0.32f1/Editor/Data/PlaybackEngines/WindowsStandaloneSupport/UnityEditor.WindowsStandalone.Extensions.dll
Register platform support module: C:/Program Files/Unity/Hub/Editor/6000.0.32f1/Editor/Data/PlaybackEngines/AndroidPlayer/UnityEditor.Android.Extensions.dll
Register platform support module: C:/Program Files/Unity/Hub/Editor/6000.0.32f1/Editor/Data/PlaybackEngines/iOSSupport/UnityEditor.iOS.Extensions.dll
Register platform support module: C:/Program Files/Unity/Hub/Editor/6000.0.32f1/Editor/Data/PlaybackEngines/LinuxStandaloneSupport/UnityEditor.LinuxStandalone.Extensions.dll
Registered in 0.007203 seconds.
- Loaded All Assemblies, in  0.411 seconds
Native extension for LinuxStandalone target not found
[usbmuxd] Start listen thread
[usbmuxd] Listen thread started
Native extension for iOS target not found
Native extension for Android target not found
Android Extension - Scanning For ADB Devices 257 ms
Native extension for WindowsStandalone target not found
Native extension for WebGL target not found
Mono: successfully reloaded assembly
- Finished resetting the current domain, in  0.611 seconds
Domain Reload Profiling: 1019ms
	BeginReloadAssembly (133ms)
		ExecutionOrderSort (0ms)
		DisableScriptedObjects (0ms)
		BackupInstance (0ms)
		ReleaseScriptingObjects (0ms)
		CreateAndSetChildDomain (1ms)
	RebuildCommonClasses (39ms)
	RebuildNativeTypeToScriptingClass (13ms)
	initialDomainReloadingComplete (52ms)
	LoadAllAssembliesAndSetupDomain (171ms)
		LoadAssemblies (130ms)
		RebuildTransferFunctionScriptingTraits (0ms)
		AnalyzeDomain (167ms)
			TypeCache.Refresh (165ms)
				TypeCache.ScanAssembly (152ms)
			BuildScriptInfoCaches (0ms)
			ResolveRequiredComponents (0ms)
	FinalizeReload (612ms)
		ReleaseScriptCaches (0ms)
		RebuildScriptCaches (0ms)
		SetupLoadedEditorAssemblies (564ms)
			LogAssemblyErrors (0ms)
			InitializePlatformSupportModulesInManaged (372ms)
			SetLoadedEditorAssemblies (3ms)
			BeforeProcessingInitializeOnLoad (47ms)
			ProcessInitializeOnLoadAttributes (94ms)
			ProcessInitializeOnLoadMethodAttributes (47ms)
			AfterProcessingInitializeOnLoad (0ms)
			EditorAssembliesLoaded (0ms)
		ExecutionOrderSort2 (0ms)
		AwakeInstancesAfterBackupRestoration (0ms)
========================================================================
Worker process is ready to serve import requests
Import Worker Mode flag is 0x00
Begin MonoManager ReloadAssembly
- Loaded All Assemblies, in  0.645 seconds
Refreshing native plugins compatible for Editor in 0.75 ms, found 2 plugins.
Native extension for LinuxStandalone target not found
Native extension for iOS target not found
Native extension for Android target not found
Native extension for WindowsStandalone target not found
Native extension for WebGL target not found
Mono: successfully reloaded assembly
- Finished resetting the current domain, in  0.636 seconds
Domain Reload Profiling: 1276ms
	BeginReloadAssembly (147ms)
		ExecutionOrderSort (0ms)
		DisableScriptedObjects (5ms)
		BackupInstance (0ms)
		ReleaseScriptingObjects (0ms)
		CreateAndSetChildDomain (25ms)
	RebuildCommonClasses (35ms)
	RebuildNativeTypeToScriptingClass (12ms)
	initialDomainReloadingComplete (36ms)
	LoadAllAssembliesAndSetupDomain (410ms)
		LoadAssemblies (299ms)
		RebuildTransferFunctionScriptingTraits (0ms)
		AnalyzeDomain (199ms)
			TypeCache.Refresh (140ms)
				TypeCache.ScanAssembly (126ms)
			BuildScriptInfoCaches (46ms)
			ResolveRequiredComponents (9ms)
	FinalizeReload (637ms)
		ReleaseScriptCaches (0ms)
		RebuildScriptCaches (0ms)
		SetupLoadedEditorAssemblies (506ms)
			LogAssemblyErrors (0ms)
			InitializePlatformSupportModulesInManaged (17ms)
			SetLoadedEditorAssemblies (3ms)
			BeforeProcessingInitializeOnLoad (87ms)
			ProcessInitializeOnLoadAttributes (328ms)
			ProcessInitializeOnLoadMethodAttributes (64ms)
			AfterProcessingInitializeOnLoad (6ms)
			EditorAssembliesLoaded (0ms)
		ExecutionOrderSort2 (0ms)
		AwakeInstancesAfterBackupRestoration (5ms)
Launched and connected shader compiler UnityShaderCompiler.exe after 0.01 seconds
Refreshing native plugins compatible for Editor in 0.76 ms, found 2 plugins.
Preloading 0 native plugins for Editor in 0.00 ms.
Unloading 228 Unused Serialized files (Serialized files now loaded: 0)
Unloading 4505 unused Assets / (3.8 MB). Loaded Objects now: 5227.
Memory consumption went from 178.1 MB to 174.3 MB.
Total: 7.768400 ms (FindLiveObjects: 0.545100 ms CreateObjectMapping: 0.171200 ms MarkObjects: 4.702900 ms  DeleteObjects: 2.347400 ms)

========================================================================
Received Import Request.
  Time since last request: 700046.470965 seconds.
  path: Assets/Prefabs/Particles/ArrowIndicator.prefab
  artifactKey: Guid(42f853cd98db39e40b8f9c8b31f7cd1a) Importer(815301076,1909f56bfc062723c751e8b465ee728b)
Start importing Assets/Prefabs/Particles/ArrowIndicator.prefab using Guid(42f853cd98db39e40b8f9c8b31f7cd1a) Importer(815301076,1909f56bfc062723c751e8b465ee728b) (PreviewImporter) -> (artifact id: '12b550b2bedcefff98b97391ffef0e6d') in 0.4643861 seconds
Number of updated asset objects reloaded before import = 0Number of asset objects unloaded after import = 16

========================================================================
Received Import Request.
  Time since last request: 0.000023 seconds.
  path: Assets/Prefabs/Particles/SwordSlashParent.prefab
  artifactKey: Guid(dc826ea220060c342ad3dff36e429abe) Importer(815301076,1909f56bfc062723c751e8b465ee728b)
Start importing Assets/Prefabs/Particles/SwordSlashParent.prefab using Guid(dc826ea220060c342ad3dff36e429abe) Importer(815301076,1909f56bfc062723c751e8b465ee728b) (PreviewImporter) -> (artifact id: '62e4d428a0208042ff185e70a2695f69') in 0.0184924 seconds
Number of updated asset objects reloaded before import = 0Number of asset objects unloaded after import = 62

========================================================================
Received Import Request.
  Time since last request: 0.000033 seconds.
  path: Assets/Prefabs/Particles/RespawnParticle.prefab
  artifactKey: Guid(644842548b0b01446b0fe719106cf771) Importer(815301076,1909f56bfc062723c751e8b465ee728b)
Start importing Assets/Prefabs/Particles/RespawnParticle.prefab using Guid(644842548b0b01446b0fe719106cf771) Importer(815301076,1909f56bfc062723c751e8b465ee728b) (PreviewImporter) -> (artifact id: '3b1e92154ad4c7bd13ee422f3510e25a') in 0.0159978 seconds
Number of updated asset objects reloaded before import = 0Number of asset objects unloaded after import = 45

========================================================================
Received Import Request.
  Time since last request: 0.000028 seconds.
  path: Assets/Prefabs/Particles/SlashMat.mat
  artifactKey: Guid(07938365d77cdfa408ac02f71749f30d) Importer(815301076,1909f56bfc062723c751e8b465ee728b)
Start importing Assets/Prefabs/Particles/SlashMat.mat using Guid(07938365d77cdfa408ac02f71749f30d) Importer(815301076,1909f56bfc062723c751e8b465ee728b) (PreviewImporter) -> (artifact id: 'ae41cc216c3827715a114ec9995f9bd7') in 0.048134 seconds
Number of updated asset objects reloaded before import = 0Number of asset objects unloaded after import = 2

========================================================================
Received Import Request.
  Time since last request: 0.000024 seconds.
  path: Assets/Prefabs/Particles/StarStunnedContinue.prefab
  artifactKey: Guid(b2ba3d19bc0ff0642bc0d02de2ccc303) Importer(815301076,1909f56bfc062723c751e8b465ee728b)
Start importing Assets/Prefabs/Particles/StarStunnedContinue.prefab using Guid(b2ba3d19bc0ff0642bc0d02de2ccc303) Importer(815301076,1909f56bfc062723c751e8b465ee728b) (PreviewImporter) -> (artifact id: 'cf6b8189044340e49d6061de7eb070d0') in 0.0175438 seconds
Number of updated asset objects reloaded before import = 0Number of asset objects unloaded after import = 27

========================================================================
Received Import Request.
  Time since last request: 0.000021 seconds.
  path: Assets/Prefabs/Particles/RockParent.prefab
  artifactKey: Guid(40952b3dc8c943846b92cd6b75cb388e) Importer(815301076,1909f56bfc062723c751e8b465ee728b)
Start importing Assets/Prefabs/Particles/RockParent.prefab using Guid(40952b3dc8c943846b92cd6b75cb388e) Importer(815301076,1909f56bfc062723c751e8b465ee728b) (PreviewImporter) -> (artifact id: '10e0e1515607da65a47d1eb89ae2436c') in 0.0213225 seconds
Number of updated asset objects reloaded before import = 0Number of asset objects unloaded after import = 116

========================================================================
Received Import Request.
  Time since last request: 0.000030 seconds.
  path: Assets/Prefabs/Particles/FX_CannonShot_01 1.prefab
  artifactKey: Guid(b82c3c657c03f45419236f19f732a874) Importer(815301076,1909f56bfc062723c751e8b465ee728b)
Start importing Assets/Prefabs/Particles/FX_CannonShot_01 1.prefab using Guid(b82c3c657c03f45419236f19f732a874) Importer(815301076,1909f56bfc062723c751e8b465ee728b) (PreviewImporter) -> (artifact id: '47fdf445793fcfce8ec291533d463517') in 0.014181 seconds
Number of updated asset objects reloaded before import = 0Number of asset objects unloaded after import = 26

========================================================================
Received Import Request.
  Time since last request: 0.000030 seconds.
  path: Assets/Prefabs/Particles/FireballArrow.prefab
  artifactKey: Guid(c7be19b054d88a241abddb06d9a7a034) Importer(815301076,1909f56bfc062723c751e8b465ee728b)
Start importing Assets/Prefabs/Particles/FireballArrow.prefab using Guid(c7be19b054d88a241abddb06d9a7a034) Importer(815301076,1909f56bfc062723c751e8b465ee728b) (PreviewImporter) -> (artifact id: '2365d94a67531daf1e17054a4a8f9fd0') in 0.0145829 seconds
Number of updated asset objects reloaded before import = 0Number of asset objects unloaded after import = 43

========================================================================
Received Import Request.
  Time since last request: 0.000023 seconds.
  path: Assets/Prefabs/Particles/StartDashParent.prefab
  artifactKey: Guid(5a91117816ec23047a2a8cf295064467) Importer(815301076,1909f56bfc062723c751e8b465ee728b)
Start importing Assets/Prefabs/Particles/StartDashParent.prefab using Guid(5a91117816ec23047a2a8cf295064467) Importer(815301076,1909f56bfc062723c751e8b465ee728b) (PreviewImporter) -> (artifact id: 'fe0c708e74f6817169b2c01bbe63a6ef') in 0.0076474 seconds
Number of updated asset objects reloaded before import = 0Number of asset objects unloaded after import = 17

========================================================================
Received Import Request.
  Time since last request: 18.562652 seconds.
  path: Assets/Pixel Cursors/cursorSword_silver.png
  artifactKey: Guid(37e919e77b505934db9b32954dea57ea) Importer(815301076,1909f56bfc062723c751e8b465ee728b)
Start importing Assets/Pixel Cursors/cursorSword_silver.png using Guid(37e919e77b505934db9b32954dea57ea) Importer(815301076,1909f56bfc062723c751e8b465ee728b) (PreviewImporter) -> (artifact id: 'b7c082439d72969bd19dc073ca65f1b4') in 0.0391393 seconds
Number of updated asset objects reloaded before import = 0Number of asset objects unloaded after import = 3

========================================================================
Received Import Request.
  Time since last request: 0.000024 seconds.
  path: Assets/PolygonDungeon/Models/CollisionConvex/SM_Trap_Swing_Blade_01_Convex.asset
  artifactKey: Guid(fdd082c5b6fd6dd46af5702c230d2804) Importer(815301076,1909f56bfc062723c751e8b465ee728b)
Start importing Assets/PolygonDungeon/Models/CollisionConvex/SM_Trap_Swing_Blade_01_Convex.asset using Guid(fdd082c5b6fd6dd46af5702c230d2804) Importer(815301076,1909f56bfc062723c751e8b465ee728b) (PreviewImporter) -> (artifact id: 'b0c71483084eb2c1717c709c5ad11fe8') in 0.0461905 seconds
Number of updated asset objects reloaded before import = 0Number of asset objects unloaded after import = 3

========================================================================
Received Import Request.
  Time since last request: 0.000049 seconds.
  path: Assets/PolygonNature/Models/SM_Tree_Swamp_02.fbx
  artifactKey: Guid(554970ff3a447a64abec221ee9bd69bb) Importer(815301076,1909f56bfc062723c751e8b465ee728b)
Start importing Assets/PolygonNature/Models/SM_Tree_Swamp_02.fbx using Guid(554970ff3a447a64abec221ee9bd69bb) Importer(815301076,1909f56bfc062723c751e8b465ee728b) (PreviewImporter) -> (artifact id: '295e22c124d072265d4db702778fc95f') in 0.021471 seconds
Number of updated asset objects reloaded before import = 0Number of asset objects unloaded after import = 7

========================================================================
Received Import Request.
  Time since last request: 0.000019 seconds.
  path: Assets/PolygonDungeon/Prefabs/Weapons/SM_Wep_BrokenSword_01.prefab
  artifactKey: Guid(4b12cbf8230d02b4890f46dba29baeff) Importer(815301076,1909f56bfc062723c751e8b465ee728b)
Start importing Assets/PolygonDungeon/Prefabs/Weapons/SM_Wep_BrokenSword_01.prefab using Guid(4b12cbf8230d02b4890f46dba29baeff) Importer(815301076,1909f56bfc062723c751e8b465ee728b) (PreviewImporter) -> (artifact id: '71038b39d4ba0e3457ab1bfe5e02d507') in 0.0317644 seconds
Number of updated asset objects reloaded before import = 0Number of asset objects unloaded after import = 13

========================================================================
Received Import Request.
  Time since last request: 0.000020 seconds.
  path: Assets/PolygonNature/Prefabs/Trees/SM_Tree_Swamp_02.prefab
  artifactKey: Guid(dbbffa6287a94b24c80e0839e6696216) Importer(815301076,1909f56bfc062723c751e8b465ee728b)
Start importing Assets/PolygonNature/Prefabs/Trees/SM_Tree_Swamp_02.prefab using Guid(dbbffa6287a94b24c80e0839e6696216) Importer(815301076,1909f56bfc062723c751e8b465ee728b) (PreviewImporter) -> (artifact id: '005f2225e7d864ef254e4df00f33c8be') in 0.016425 seconds
Number of updated asset objects reloaded before import = 0Number of asset objects unloaded after import = 12

========================================================================
Received Import Request.
  Time since last request: 0.000026 seconds.
  path: Assets/PolygonDungeon/Models/CollisionConvex/SM_Wep_BrokenSword_01_Convex.asset
  artifactKey: Guid(60b2a7f7020b3204c88877411d4c6fb5) Importer(815301076,1909f56bfc062723c751e8b465ee728b)
Start importing Assets/PolygonDungeon/Models/CollisionConvex/SM_Wep_BrokenSword_01_Convex.asset using Guid(60b2a7f7020b3204c88877411d4c6fb5) Importer(815301076,1909f56bfc062723c751e8b465ee728b) (PreviewImporter) -> (artifact id: 'ce5c48847c4a2109bbfe55289dfb9a96') in 0.0151241 seconds
Number of updated asset objects reloaded before import = 0Number of asset objects unloaded after import = 3

========================================================================
Received Import Request.
  Time since last request: 0.000022 seconds.
  path: Assets/PolygonDungeon/Models/ScaleFixedCharacters/Characters.fbx
  artifactKey: Guid(b6ef2f4d0154b2747860a3332fa05f97) Importer(815301076,1909f56bfc062723c751e8b465ee728b)
Start importing Assets/PolygonDungeon/Models/ScaleFixedCharacters/Characters.fbx using Guid(b6ef2f4d0154b2747860a3332fa05f97) Importer(815301076,1909f56bfc062723c751e8b465ee728b) (PreviewImporter) -> (artifact id: '7e21c9481d24f98aca3dfeadbfd32385') in 0.252351 seconds
Number of updated asset objects reloaded before import = 0Number of asset objects unloaded after import = 229

========================================================================
Received Import Request.
  Time since last request: 0.000059 seconds.
  path: Assets/PolygonDungeon/Models/CollisionConvex/SM_Prop_Tech_SwitchBoard_01_Convex.asset
  artifactKey: Guid(a578c3a9ab60eca4aaad299b1a459798) Importer(815301076,1909f56bfc062723c751e8b465ee728b)
Start importing Assets/PolygonDungeon/Models/CollisionConvex/SM_Prop_Tech_SwitchBoard_01_Convex.asset using Guid(a578c3a9ab60eca4aaad299b1a459798) Importer(815301076,1909f56bfc062723c751e8b465ee728b) (PreviewImporter) -> (artifact id: 'e8e1a2a242ada695693775a5408eedf4') in 0.0143583 seconds
Number of updated asset objects reloaded before import = 0Number of asset objects unloaded after import = 3

========================================================================
Received Import Request.
  Time since last request: 0.000030 seconds.
  path: Assets/TextMesh Pro/Examples & Extras/Fonts/Oswald-Bold.ttf
  artifactKey: Guid(c9f6d0e7bc8541498c9a4799ba184ede) Importer(815301076,1909f56bfc062723c751e8b465ee728b)
Start importing Assets/TextMesh Pro/Examples & Extras/Fonts/Oswald-Bold.ttf using Guid(c9f6d0e7bc8541498c9a4799ba184ede) Importer(815301076,1909f56bfc062723c751e8b465ee728b) (PreviewImporter) -> (artifact id: '2d35a2c9f273f70644996e3a241658cc') in 0.0225263 seconds
Number of updated asset objects reloaded before import = 0Number of asset objects unloaded after import = 4

========================================================================
Received Import Request.
  Time since last request: 0.000023 seconds.
  path: Assets/PolygonDungeon/Prefabs/Weapons/SM_Wep_Greatsword_Round_01.prefab
  artifactKey: Guid(4aeec2a8eb0265641938df66ebefe8cf) Importer(815301076,1909f56bfc062723c751e8b465ee728b)
Start importing Assets/PolygonDungeon/Prefabs/Weapons/SM_Wep_Greatsword_Round_01.prefab using Guid(4aeec2a8eb0265641938df66ebefe8cf) Importer(815301076,1909f56bfc062723c751e8b465ee728b) (PreviewImporter) -> (artifact id: '812f1caa266f7c2c8f81823b90387e37') in 0.0201821 seconds
Number of updated asset objects reloaded before import = 0Number of asset objects unloaded after import = 13

========================================================================
Received Import Request.
  Time since last request: 0.000021 seconds.
  path: Assets/PolygonFantasyHeroCharacters/Models/Weapons/SM_Wep_Sword_Small_01.fbx
  artifactKey: Guid(0456482893525f941abe21ac94126e81) Importer(815301076,1909f56bfc062723c751e8b465ee728b)
Start importing Assets/PolygonFantasyHeroCharacters/Models/Weapons/SM_Wep_Sword_Small_01.fbx using Guid(0456482893525f941abe21ac94126e81) Importer(815301076,1909f56bfc062723c751e8b465ee728b) (PreviewImporter) -> (artifact id: 'c11a2887915c372c6d9baa8ff953ab1a') in 0.0167124 seconds
Number of updated asset objects reloaded before import = 0Number of asset objects unloaded after import = 7

========================================================================
Received Import Request.
  Time since last request: 0.000022 seconds.
  path: Assets/Animation/Stable Sword Outward Slash.fbx
  artifactKey: Guid(4f11696377ded314ea795bf770f1c51b) Importer(815301076,1909f56bfc062723c751e8b465ee728b)
Start importing Assets/Animation/Stable Sword Outward Slash.fbx using Guid(4f11696377ded314ea795bf770f1c51b) Importer(815301076,1909f56bfc062723c751e8b465ee728b) (PreviewImporter) -> (artifact id: '9b3c2d542a7b417b5c1edfcaea34f028') in 0.0335868 seconds
Number of updated asset objects reloaded before import = 0Number of asset objects unloaded after import = 111

========================================================================
Received Import Request.
  Time since last request: 0.000023 seconds.
  path: Assets/PolygonPirates/Models/SM_Wep_Shortsword_02_Convex.asset
  artifactKey: Guid(c0377d7877c64ca4bad493fa285c26b2) Importer(815301076,1909f56bfc062723c751e8b465ee728b)
Start importing Assets/PolygonPirates/Models/SM_Wep_Shortsword_02_Convex.asset using Guid(c0377d7877c64ca4bad493fa285c26b2) Importer(815301076,1909f56bfc062723c751e8b465ee728b) (PreviewImporter) -> (artifact id: '42bfcf8f17bfb03c672cbe2670f93b22') in 0.0193253 seconds
Number of updated asset objects reloaded before import = 0Number of asset objects unloaded after import = 3

========================================================================
Received Import Request.
  Time since last request: 0.000034 seconds.
  path: Assets/PolygonFantasyHeroCharacters/Prefabs/Weapons/SM_Wep_Sword_01.prefab
  artifactKey: Guid(0c14f3ea30af4174ba288b3c2042f665) Importer(815301076,1909f56bfc062723c751e8b465ee728b)
Start importing Assets/PolygonFantasyHeroCharacters/Prefabs/Weapons/SM_Wep_Sword_01.prefab using Guid(0c14f3ea30af4174ba288b3c2042f665) Importer(815301076,1909f56bfc062723c751e8b465ee728b) (PreviewImporter) -> (artifact id: '5e6aba35710a7615cb0306ab7bdf0874') in 0.0196092 seconds
Number of updated asset objects reloaded before import = 0Number of asset objects unloaded after import = 22

========================================================================
Received Import Request.
  Time since last request: 0.000022 seconds.
  path: Assets/PolygonFantasyHeroCharacters/Models/Weapons/SM_Wep_Sword_Rapier_01.fbx
  artifactKey: Guid(48566ab8be1103144a10cbb53a45a4ce) Importer(815301076,1909f56bfc062723c751e8b465ee728b)
Start importing Assets/PolygonFantasyHeroCharacters/Models/Weapons/SM_Wep_Sword_Rapier_01.fbx using Guid(48566ab8be1103144a10cbb53a45a4ce) Importer(815301076,1909f56bfc062723c751e8b465ee728b) (PreviewImporter) -> (artifact id: '53bacb12cf26d4d653315bfd8e6881d8') in 0.0214447 seconds
Number of updated asset objects reloaded before import = 0Number of asset objects unloaded after import = 7

========================================================================
Received Import Request.
  Time since last request: 0.000022 seconds.
  path: Assets/PolygonNature/Prefabs/Trees/SM_Tree_Swamp_03.prefab
  artifactKey: Guid(e8efa5f3f39eede46b964d93acc7a7de) Importer(815301076,1909f56bfc062723c751e8b465ee728b)
Start importing Assets/PolygonNature/Prefabs/Trees/SM_Tree_Swamp_03.prefab using Guid(e8efa5f3f39eede46b964d93acc7a7de) Importer(815301076,1909f56bfc062723c751e8b465ee728b) (PreviewImporter) -> (artifact id: '06fe8d42f44aa3cd416ddeebae3ac3d4') in 0.017501 seconds
Number of updated asset objects reloaded before import = 0Number of asset objects unloaded after import = 12

========================================================================
Received Import Request.
  Time since last request: 0.000022 seconds.
  path: Assets/PolygonDungeon/Models/CollisionConvex/SM_Wep_Greatsword_Curved_01_Convex.asset
  artifactKey: Guid(9185d2654053d994c926d286f0787d8f) Importer(815301076,1909f56bfc062723c751e8b465ee728b)
Start importing Assets/PolygonDungeon/Models/CollisionConvex/SM_Wep_Greatsword_Curved_01_Convex.asset using Guid(9185d2654053d994c926d286f0787d8f) Importer(815301076,1909f56bfc062723c751e8b465ee728b) (PreviewImporter) -> (artifact id: 'e7370a76ba188d2030fd90d6c5450798') in 0.0138545 seconds
Number of updated asset objects reloaded before import = 0Number of asset objects unloaded after import = 3

========================================================================
Received Import Request.
  Time since last request: 0.000019 seconds.
  path: Assets/Animation/RunWithSword.fbx
  artifactKey: Guid(97cc70f8a9d6ed048845ea5869de9764) Importer(815301076,1909f56bfc062723c751e8b465ee728b)
Start importing Assets/Animation/RunWithSword.fbx using Guid(97cc70f8a9d6ed048845ea5869de9764) Importer(815301076,1909f56bfc062723c751e8b465ee728b) (PreviewImporter) -> (artifact id: 'a4ee5c38afbd5b9f3e05c5904d9c40e5') in 0.0320419 seconds
Number of updated asset objects reloaded before import = 0Number of asset objects unloaded after import = 111

========================================================================
Received Import Request.
  Time since last request: 0.000023 seconds.
  path: Assets/PolygonPirates/Models/SM_Wep_Shortsword_02.fbx
  artifactKey: Guid(d32828cb150860940baf6c5d8985245a) Importer(815301076,1909f56bfc062723c751e8b465ee728b)
Start importing Assets/PolygonPirates/Models/SM_Wep_Shortsword_02.fbx using Guid(d32828cb150860940baf6c5d8985245a) Importer(815301076,1909f56bfc062723c751e8b465ee728b) (PreviewImporter) -> (artifact id: 'd0126dc71f7066b1b80bd555706f7440') in 0.0171085 seconds
Number of updated asset objects reloaded before import = 0Number of asset objects unloaded after import = 7

========================================================================
Received Import Request.
  Time since last request: 0.000039 seconds.
  path: Assets/PolygonNature/Materials/Misc/PolygonNature_Swamp_Growth.mat
  artifactKey: Guid(2ad7f172dfdc3c54dad2cf7db1b3e4a2) Importer(815301076,1909f56bfc062723c751e8b465ee728b)
Start importing Assets/PolygonNature/Materials/Misc/PolygonNature_Swamp_Growth.mat using Guid(2ad7f172dfdc3c54dad2cf7db1b3e4a2) Importer(815301076,1909f56bfc062723c751e8b465ee728b) (PreviewImporter) -> (artifact id: '3f873121d3312082dcf9c3e6eb95ec53') in 0.0203505 seconds
Number of updated asset objects reloaded before import = 0Number of asset objects unloaded after import = 2

========================================================================
Received Import Request.
  Time since last request: 0.000022 seconds.
  path: Assets/PolygonDungeon/Models/SM_Wep_Straightsword_01.fbx
  artifactKey: Guid(7782f443ba1a6994aa7da99e2a32b54e) Importer(815301076,1909f56bfc062723c751e8b465ee728b)
Start importing Assets/PolygonDungeon/Models/SM_Wep_Straightsword_01.fbx using Guid(7782f443ba1a6994aa7da99e2a32b54e) Importer(815301076,1909f56bfc062723c751e8b465ee728b) (PreviewImporter) -> (artifact id: 'dad84c58dbc2cd4e40f2069c71374f49') in 0.0184026 seconds
Number of updated asset objects reloaded before import = 0Number of asset objects unloaded after import = 7

========================================================================
Received Import Request.
  Time since last request: 0.000023 seconds.
  path: Assets/PolygonParticleFX/Textures/PolygonParticles_Swipe_01.png
  artifactKey: Guid(ce1c15ae60b1d1147a4c121b6c97d6b2) Importer(815301076,1909f56bfc062723c751e8b465ee728b)
Start importing Assets/PolygonParticleFX/Textures/PolygonParticles_Swipe_01.png using Guid(ce1c15ae60b1d1147a4c121b6c97d6b2) Importer(815301076,1909f56bfc062723c751e8b465ee728b) (PreviewImporter) -> (artifact id: '8ca7dd1ef836bdfd7e0a0f85043fde81') in 0.0140254 seconds
Number of updated asset objects reloaded before import = 0Number of asset objects unloaded after import = 2

========================================================================
Received Import Request.
  Time since last request: 0.000035 seconds.
  path: Assets/PolygonDungeon/Prefabs/Weapons/SM_Wep_Ornate_Sword_02.prefab
  artifactKey: Guid(e6fa756c603368045a35e5b45a1b84cb) Importer(815301076,1909f56bfc062723c751e8b465ee728b)
Start importing Assets/PolygonDungeon/Prefabs/Weapons/SM_Wep_Ornate_Sword_02.prefab using Guid(e6fa756c603368045a35e5b45a1b84cb) Importer(815301076,1909f56bfc062723c751e8b465ee728b) (PreviewImporter) -> (artifact id: '8c086cbb886ab54ccba6b7a2a52ed718') in 0.0215681 seconds
Number of updated asset objects reloaded before import = 0Number of asset objects unloaded after import = 13

========================================================================
Received Import Request.
  Time since last request: 0.000044 seconds.
  path: Assets/Dragon TCG v1.1/dragon_TCG-assets/sword_04.png
  artifactKey: Guid(2fb01507c1cc644258f8eb4a54c664a2) Importer(815301076,1909f56bfc062723c751e8b465ee728b)
Start importing Assets/Dragon TCG v1.1/dragon_TCG-assets/sword_04.png using Guid(2fb01507c1cc644258f8eb4a54c664a2) Importer(815301076,1909f56bfc062723c751e8b465ee728b) (PreviewImporter) -> (artifact id: 'ec46f988ba9ae9d6c6ccecbd55755b03') in 0.0176462 seconds
Number of updated asset objects reloaded before import = 0Number of asset objects unloaded after import = 3

========================================================================
Received Import Request.
  Time since last request: 0.000026 seconds.
  path: Assets/PolygonNature/Models/SM_Tree_Swamp_01.fbx
  artifactKey: Guid(201dd9287f13f4d4eb779092d97e7c61) Importer(815301076,1909f56bfc062723c751e8b465ee728b)
Start importing Assets/PolygonNature/Models/SM_Tree_Swamp_01.fbx using Guid(201dd9287f13f4d4eb779092d97e7c61) Importer(815301076,1909f56bfc062723c751e8b465ee728b) (PreviewImporter) -> (artifact id: '2cf7bf3a09dc5476ebf85a0b5e12ac02') in 0.0172922 seconds
Number of updated asset objects reloaded before import = 0Number of asset objects unloaded after import = 7

========================================================================
Received Import Request.
  Time since last request: 0.000028 seconds.
  path: Assets/PolygonNature/Models/SM_Tree_Swamp_Branch_02.fbx
  artifactKey: Guid(c2166a7e43428d948aae4de3e26014a3) Importer(815301076,1909f56bfc062723c751e8b465ee728b)
Start importing Assets/PolygonNature/Models/SM_Tree_Swamp_Branch_02.fbx using Guid(c2166a7e43428d948aae4de3e26014a3) Importer(815301076,1909f56bfc062723c751e8b465ee728b) (PreviewImporter) -> (artifact id: 'e99d22c6bf1a09bc46ef63493a7973be') in 0.0179413 seconds
Number of updated asset objects reloaded before import = 0Number of asset objects unloaded after import = 7

========================================================================
Received Import Request.
  Time since last request: 0.000023 seconds.
  path: Assets/PolygonDungeon/Models/Characters.fbx
  artifactKey: Guid(b69174d668ba02d44b14a084b217670a) Importer(815301076,1909f56bfc062723c751e8b465ee728b)
Start importing Assets/PolygonDungeon/Models/Characters.fbx using Guid(b69174d668ba02d44b14a084b217670a) Importer(815301076,1909f56bfc062723c751e8b465ee728b) (PreviewImporter) -> (artifact id: '28bba62c78d8f8d3d17af574fe87d287') in 0.1931539 seconds
Number of updated asset objects reloaded before import = 0Number of asset objects unloaded after import = 230

========================================================================
Received Import Request.
  Time since last request: 0.000025 seconds.
  path: Assets/TextMesh Pro/Examples & Extras/Resources/Fonts & Materials/Oswald Bold SDF.asset
  artifactKey: Guid(0161d805a3764c089bef00bfe00793f5) Importer(815301076,1909f56bfc062723c751e8b465ee728b)
Start importing Assets/TextMesh Pro/Examples & Extras/Resources/Fonts & Materials/Oswald Bold SDF.asset using Guid(0161d805a3764c089bef00bfe00793f5) Importer(815301076,1909f56bfc062723c751e8b465ee728b) (PreviewImporter) -> (artifact id: '80178f9b85e661a7da84735bbef38901') in 0.0161588 seconds
Number of updated asset objects reloaded before import = 0Number of asset objects unloaded after import = 6

========================================================================
Received Import Request.
  Time since last request: 0.000038 seconds.
  path: Assets/PolygonDungeon/Models/CollisionConvex/SM_Wep_Greatsword_Straight_01_Convex.asset
  artifactKey: Guid(8853b485feca9f84c86d745635a2f5ee) Importer(815301076,1909f56bfc062723c751e8b465ee728b)
Start importing Assets/PolygonDungeon/Models/CollisionConvex/SM_Wep_Greatsword_Straight_01_Convex.asset using Guid(8853b485feca9f84c86d745635a2f5ee) Importer(815301076,1909f56bfc062723c751e8b465ee728b) (PreviewImporter) -> (artifact id: 'a2e4d89add78527af0bf28be288bb5b5') in 0.0138303 seconds
Number of updated asset objects reloaded before import = 0Number of asset objects unloaded after import = 3

========================================================================
Received Import Request.
  Time since last request: 0.000022 seconds.
  path: Assets/PolygonParticleFX/Prefabs/FX_Swirl_02.prefab
  artifactKey: Guid(9efac3ef75f3a054f93c32ffa91c05e7) Importer(815301076,1909f56bfc062723c751e8b465ee728b)
Start importing Assets/PolygonParticleFX/Prefabs/FX_Swirl_02.prefab using Guid(9efac3ef75f3a054f93c32ffa91c05e7) Importer(815301076,1909f56bfc062723c751e8b465ee728b) (PreviewImporter) -> (artifact id: '3edcf2a5820b25188df1161b648f0fee') in 0.015341 seconds
Number of updated asset objects reloaded before import = 0Number of asset objects unloaded after import = 15

========================================================================
Received Import Request.
  Time since last request: 0.000024 seconds.
  path: Assets/PolygonDungeon/Models/CollisionConvex/SM_Wep_Greatsword_Round_01_Convex.asset
  artifactKey: Guid(464033f3eac2ef64e912cb8b1163e79a) Importer(815301076,1909f56bfc062723c751e8b465ee728b)
Start importing Assets/PolygonDungeon/Models/CollisionConvex/SM_Wep_Greatsword_Round_01_Convex.asset using Guid(464033f3eac2ef64e912cb8b1163e79a) Importer(815301076,1909f56bfc062723c751e8b465ee728b) (PreviewImporter) -> (artifact id: '2bd2c6c40da39420ed9e1eb0d7154b17') in 0.0141746 seconds
Number of updated asset objects reloaded before import = 0Number of asset objects unloaded after import = 3

========================================================================
Received Import Request.
  Time since last request: 0.000023 seconds.
  path: Assets/PolygonDungeon/Models/SM_Wep_GreatSword_01.fbx
  artifactKey: Guid(2221a18cfc36ca7448f6f50bc66b151b) Importer(815301076,1909f56bfc062723c751e8b465ee728b)
Start importing Assets/PolygonDungeon/Models/SM_Wep_GreatSword_01.fbx using Guid(2221a18cfc36ca7448f6f50bc66b151b) Importer(815301076,1909f56bfc062723c751e8b465ee728b) (PreviewImporter) -> (artifact id: '2a3b001a24433385b218185de01cc0bc') in 0.0204354 seconds
Number of updated asset objects reloaded before import = 0Number of asset objects unloaded after import = 7

========================================================================
Received Import Request.
  Time since last request: 0.000029 seconds.
  path: Assets/PolygonDungeon/Prefabs/Environments/Misc/SM_Trap_Swing_Blade_Housing_01.prefab
  artifactKey: Guid(3f1a0765ab6a768438937bf6ac67042e) Importer(815301076,1909f56bfc062723c751e8b465ee728b)
Start importing Assets/PolygonDungeon/Prefabs/Environments/Misc/SM_Trap_Swing_Blade_Housing_01.prefab using Guid(3f1a0765ab6a768438937bf6ac67042e) Importer(815301076,1909f56bfc062723c751e8b465ee728b) (PreviewImporter) -> (artifact id: '446f8f098ed015232d43947bda94c705') in 0.0210994 seconds
Number of updated asset objects reloaded before import = 0Number of asset objects unloaded after import = 13

========================================================================
Received Import Request.
  Time since last request: 0.000025 seconds.
  path: Assets/PolygonDungeon/Prefabs/Weapons/SM_Wep_Ornate_Sword_01.prefab
  artifactKey: Guid(c17b117a7e676e148b2ee325c1e6041d) Importer(815301076,1909f56bfc062723c751e8b465ee728b)
Start importing Assets/PolygonDungeon/Prefabs/Weapons/SM_Wep_Ornate_Sword_01.prefab using Guid(c17b117a7e676e148b2ee325c1e6041d) Importer(815301076,1909f56bfc062723c751e8b465ee728b) (PreviewImporter) -> (artifact id: '4d51ba142635803e80bb2949598bb0f9') in 0.0193022 seconds
Number of updated asset objects reloaded before import = 0Number of asset objects unloaded after import = 13

========================================================================
Received Import Request.
  Time since last request: 0.000032 seconds.
  path: Assets/PolygonDungeon/Prefabs/FX/FX_Sword_Fire.prefab
  artifactKey: Guid(9614f35940a59a1439cd47c91d71fde9) Importer(815301076,1909f56bfc062723c751e8b465ee728b)
Start importing Assets/PolygonDungeon/Prefabs/FX/FX_Sword_Fire.prefab using Guid(9614f35940a59a1439cd47c91d71fde9) Importer(815301076,1909f56bfc062723c751e8b465ee728b) (PreviewImporter) -> (artifact id: '045665ee135731a75b28f58a519ccb80') in 0.0141505 seconds
Number of updated asset objects reloaded before import = 0Number of asset objects unloaded after import = 7

========================================================================
Received Import Request.
  Time since last request: 0.000022 seconds.
  path: Assets/PolygonDungeon/Models/SM_Wep_Ornate_Sword_01.fbx
  artifactKey: Guid(4287871038410604887de360267aed79) Importer(815301076,1909f56bfc062723c751e8b465ee728b)
Start importing Assets/PolygonDungeon/Models/SM_Wep_Ornate_Sword_01.fbx using Guid(4287871038410604887de360267aed79) Importer(815301076,1909f56bfc062723c751e8b465ee728b) (PreviewImporter) -> (artifact id: '19229786e3f4c14474d8574a410cd9ee') in 0.017898 seconds
Number of updated asset objects reloaded before import = 0Number of asset objects unloaded after import = 7

========================================================================
Received Import Request.
  Time since last request: 0.000024 seconds.
  path: Assets/Animation/Sword And Shield Impact.fbx
  artifactKey: Guid(8e743f090cca67347aa7cf789d2a13c7) Importer(815301076,1909f56bfc062723c751e8b465ee728b)
Start importing Assets/Animation/Sword And Shield Impact.fbx using Guid(8e743f090cca67347aa7cf789d2a13c7) Importer(815301076,1909f56bfc062723c751e8b465ee728b) (PreviewImporter) -> (artifact id: 'b9af366924cbef03d816808d5146671b') in 0.0271512 seconds
Number of updated asset objects reloaded before import = 0Number of asset objects unloaded after import = 85

========================================================================
Received Import Request.
  Time since last request: 0.000019 seconds.
  path: Assets/Dragon TCG v1.1/dragon_TCG-assets/sword_03.png
  artifactKey: Guid(160855c64d834400fbefb9e87209e5b4) Importer(815301076,1909f56bfc062723c751e8b465ee728b)
Start importing Assets/Dragon TCG v1.1/dragon_TCG-assets/sword_03.png using Guid(160855c64d834400fbefb9e87209e5b4) Importer(815301076,1909f56bfc062723c751e8b465ee728b) (PreviewImporter) -> (artifact id: 'e0b15bfd41a9bc2af237c44cb219248e') in 0.0128006 seconds
Number of updated asset objects reloaded before import = 0Number of asset objects unloaded after import = 3

========================================================================
Received Import Request.
  Time since last request: 37.849896 seconds.
  path: Assets/PolygonParticleFX/Scenes
  artifactKey: Guid(311ecc912f5824148abab36870ba6ef4) Importer(815301076,1909f56bfc062723c751e8b465ee728b)
Start importing Assets/PolygonParticleFX/Scenes using Guid(311ecc912f5824148abab36870ba6ef4) Importer(815301076,1909f56bfc062723c751e8b465ee728b) (PreviewImporter) -> (artifact id: 'a798413703fc3d00569e025db6f13888') in 0.0006938 seconds
Number of updated asset objects reloaded before import = 0Number of asset objects unloaded after import = 0

========================================================================
Received Import Request.
  Time since last request: 0.713257 seconds.
  path: Assets/PolygonParticleFX/Scenes/Demo_01.unity
  artifactKey: Guid(ad343a8737470eb4cb90975973b145d2) Importer(815301076,1909f56bfc062723c751e8b465ee728b)
Start importing Assets/PolygonParticleFX/Scenes/Demo_01.unity using Guid(ad343a8737470eb4cb90975973b145d2) Importer(815301076,1909f56bfc062723c751e8b465ee728b) (PreviewImporter) -> (artifact id: '37715e603929333a1226e6926af8715c') in 0.0006871 seconds
Number of updated asset objects reloaded before import = 0Number of asset objects unloaded after import = 0

========================================================================
Received Import Request.
  Time since last request: 7.628317 seconds.
  path: Assets/PolygonParticleFX/Models/FX_Spark_01.fbx
  artifactKey: Guid(f870a2bb43691584296e16a56b98920b) Importer(815301076,1909f56bfc062723c751e8b465ee728b)
Start importing Assets/PolygonParticleFX/Models/FX_Spark_01.fbx using Guid(f870a2bb43691584296e16a56b98920b) Importer(815301076,1909f56bfc062723c751e8b465ee728b) (PreviewImporter) -> (artifact id: 'a8ddacb91bebf229499ca1237a381da0') in 0.016499 seconds
Number of updated asset objects reloaded before import = 0Number of asset objects unloaded after import = 7

========================================================================
Received Import Request.
  Time since last request: 13.773214 seconds.
  path: Assets/PolygonParticleFX/Materials/PolygonParticleFX_Sparkle 1.mat
  artifactKey: Guid(75375bb6651b4c84995a0dbbc490cc11) Importer(815301076,1909f56bfc062723c751e8b465ee728b)
Start importing Assets/PolygonParticleFX/Materials/PolygonParticleFX_Sparkle 1.mat using Guid(75375bb6651b4c84995a0dbbc490cc11) Importer(815301076,1909f56bfc062723c751e8b465ee728b) (PreviewImporter) -> (artifact id: '5d386bdaf8eb84a58101884bdb44806b') in 0.0145594 seconds
Number of updated asset objects reloaded before import = 0Number of asset objects unloaded after import = 2

========================================================================
Received Import Request.
  Time since last request: 10.759242 seconds.
  path: Assets/PolygonParticleFX/Models/FX_Cone_02.fbx
  artifactKey: Guid(9dc298289ae195f4aab2ff40e02a219e) Importer(815301076,1909f56bfc062723c751e8b465ee728b)
Start importing Assets/PolygonParticleFX/Models/FX_Cone_02.fbx using Guid(9dc298289ae195f4aab2ff40e02a219e) Importer(815301076,1909f56bfc062723c751e8b465ee728b) (PreviewImporter) -> (artifact id: '8af552888a938d10a7cd77bb8030da02') in 0.0183741 seconds
Number of updated asset objects reloaded before import = 0Number of asset objects unloaded after import = 7

