Using pre-set license
Built from '2020.3/staging' branch; Version is '2020.3.9f1 (108be757e447) revision 1084391'; Using compiler version '192528614'; Build Type 'Release'
OS: 'Windows 10 Home; OS build 19043.985; Version 2009; 64bit' Language: 'en' Physical Memory: 32694 MB
BatchMode: 1, IsHumanControllingUs: 0, StartBugReporterOnCrash: 0, Is64bit: 1, IsPro: 0

 COMMAND LINE ARGUMENTS:
C:\Program Files\Unity\Hub\Editor\2020.3.9f1\Editor\Unity.exe
-adb2
-batchMode
-noUpm
-name
AssetImportWorker1
-projectPath
C:/Users/cocru/Documents/GitHub/Fight-Knights/Fight Knights
-logFile
Logs/AssetImportWorker1.log
-srvPort
58498
Successfully changed project path to: C:/Users/cocru/Documents/GitHub/Fight-Knights/Fight Knights
C:/Users/cocru/Documents/GitHub/Fight-Knights/Fight Knights
Using Asset Import Pipeline V2.
Refreshing native plugins compatible for Editor in 94.43 ms, found 0 plugins.
Preloading 0 native plugins for Editor in 0.00 ms.
Initialize engine version: 2020.3.9f1 (108be757e447)
[Subsystems] Discovering subsystems at path C:/Program Files/Unity/Hub/Editor/2020.3.9f1/Editor/Data/Resources/UnitySubsystems
[Subsystems] Discovering subsystems at path C:/Users/cocru/Documents/GitHub/Fight-Knights/Fight Knights/Assets
GfxDevice: creating device client; threaded=0
Direct3D:
    Version:  Direct3D 11.0 [level 11.1]
    Renderer: AMD Radeon RX 6800 XT (ID=0x73bf)
    Vendor:   
    VRAM:     16082 MB
    Driver:   27.20.21002.112
Initialize mono
Mono path[0] = 'C:/Program Files/Unity/Hub/Editor/2020.3.9f1/Editor/Data/Managed'
Mono path[1] = 'C:/Program Files/Unity/Hub/Editor/2020.3.9f1/Editor/Data/MonoBleedingEdge/lib/mono/unityjit'
Mono config path = 'C:/Program Files/Unity/Hub/Editor/2020.3.9f1/Editor/Data/MonoBleedingEdge/etc'
Using monoOptions --debugger-agent=transport=dt_socket,embedding=1,server=y,suspend=n,address=127.0.0.1:56720
Begin MonoManager ReloadAssembly
Registering precompiled unity dll's ...
Register platform support module: C:/Program Files/Unity/Hub/Editor/2020.3.9f1/Editor/Data/PlaybackEngines/WindowsStandaloneSupport/UnityEditor.WindowsStandalone.Extensions.dll
Registered in 0.001470 seconds.
Native extension for WindowsStandalone target not found
Refreshing native plugins compatible for Editor in 95.14 ms, found 0 plugins.
Preloading 0 native plugins for Editor in 0.00 ms.
Mono: successfully reloaded assembly
- Completed reload, in  0.918 seconds
Platform modules already initialized, skipping
Registering precompiled user dll's ...
Registered in 0.003579 seconds.
Begin MonoManager ReloadAssembly
Native extension for WindowsStandalone target not found
Refreshing native plugins compatible for Editor in 90.60 ms, found 0 plugins.
Preloading 0 native plugins for Editor in 0.00 ms.
Mono: successfully reloaded assembly
- Completed reload, in  0.780 seconds
Platform modules already initialized, skipping
========================================================================
Worker process is ready to serve import requests
Launched and connected shader compiler UnityShaderCompiler.exe after 0.03 seconds
Refreshing native plugins compatible for Editor in 1.07 ms, found 0 plugins.
Preloading 0 native plugins for Editor in 0.00 ms.
Unloading 1731 Unused Serialized files (Serialized files now loaded: 0)
System memory in use before: 98.2 MB.
System memory in use after: 98.3 MB.

Unloading 20 unused Assets to reduce memory usage. Loaded Objects now: 2176.
Total: 2.400100 ms (FindLiveObjects: 0.301800 ms CreateObjectMapping: 0.057200 ms MarkObjects: 1.952000 ms  DeleteObjects: 0.087700 ms)

========================================================================
Received Import Request.
  path: Assets/Prefabs/Particles/GunSlashRight.prefab
  artifactKey: Guid(c554cc79b7318b94f93daefa58da1f74) Importer(815301076,1909f56bfc062723c751e8b465ee728b)
Start importing Assets/Prefabs/Particles/GunSlashRight.prefab using Guid(c554cc79b7318b94f93daefa58da1f74) Importer(815301076,1909f56bfc062723c751e8b465ee728b)  -> (artifact id: '36921e69c464fc1c2c3c475506602de1') in 0.049508 seconds
  Import took 0.053440 seconds .

========================================================================
Received Import Request.
  Time since last request: 8.218172 seconds.
  path: Assets/Prefabs/Particles/GunSlashRight.prefab
  artifactKey: Guid(c554cc79b7318b94f93daefa58da1f74) Importer(815301076,1909f56bfc062723c751e8b465ee728b)
Start importing Assets/Prefabs/Particles/GunSlashRight.prefab using Guid(c554cc79b7318b94f93daefa58da1f74) Importer(815301076,1909f56bfc062723c751e8b465ee728b)  -> (artifact id: 'f58ae5421e58dca001780432b480ec4b') in 0.004554 seconds
  Import took 0.007594 seconds .

========================================================================
Received Import Request.
  Time since last request: 5.202165 seconds.
  path: Assets/Prefabs/Particles/GunSlashRight.prefab
  artifactKey: Guid(c554cc79b7318b94f93daefa58da1f74) Importer(815301076,1909f56bfc062723c751e8b465ee728b)
Start importing Assets/Prefabs/Particles/GunSlashRight.prefab using Guid(c554cc79b7318b94f93daefa58da1f74) Importer(815301076,1909f56bfc062723c751e8b465ee728b)  -> (artifact id: '76e3c3e85d0a985f890c920d5e598a23') in 0.004259 seconds
  Import took 0.007162 seconds .

========================================================================
Received Import Request.
  Time since last request: 3.562898 seconds.
  path: Assets/Prefabs/Particles/GunSlashRight.prefab
  artifactKey: Guid(c554cc79b7318b94f93daefa58da1f74) Importer(815301076,1909f56bfc062723c751e8b465ee728b)
Start importing Assets/Prefabs/Particles/GunSlashRight.prefab using Guid(c554cc79b7318b94f93daefa58da1f74) Importer(815301076,1909f56bfc062723c751e8b465ee728b)  -> (artifact id: 'fb1de2968166ac6baee1810983f35ffd') in 0.004094 seconds
  Import took 0.006967 seconds .

========================================================================
Received Import Request.
  Time since last request: 6.021798 seconds.
  path: Assets/Prefabs/Particles/GunSlashRight.prefab
  artifactKey: Guid(c554cc79b7318b94f93daefa58da1f74) Importer(815301076,1909f56bfc062723c751e8b465ee728b)
Start importing Assets/Prefabs/Particles/GunSlashRight.prefab using Guid(c554cc79b7318b94f93daefa58da1f74) Importer(815301076,1909f56bfc062723c751e8b465ee728b)  -> (artifact id: 'ad33b853ce509224464c08477ba1d1cf') in 0.004263 seconds
  Import took 0.007231 seconds .

========================================================================
Received Prepare
Registering precompiled user dll's ...
Registered in 0.004101 seconds.
Begin MonoManager ReloadAssembly
Native extension for WindowsStandalone target not found
Refreshing native plugins compatible for Editor in 1.09 ms, found 0 plugins.
Preloading 0 native plugins for Editor in 0.00 ms.
Mono: successfully reloaded assembly
- Completed reload, in  0.714 seconds
Platform modules already initialized, skipping
Refreshing native plugins compatible for Editor in 1.05 ms, found 0 plugins.
Preloading 0 native plugins for Editor in 0.00 ms.
Unloading 1692 Unused Serialized files (Serialized files now loaded: 0)
System memory in use before: 95.0 MB.
System memory in use after: 95.1 MB.

Unloading 13 unused Assets to reduce memory usage. Loaded Objects now: 2179.
Total: 1.673000 ms (FindLiveObjects: 0.223300 ms CreateObjectMapping: 0.096300 ms MarkObjects: 1.337400 ms  DeleteObjects: 0.015200 ms)

========================================================================
Received Import Request.
  Time since last request: 105.318643 seconds.
  path: Assets/Prefabs/Particles/GunSlash.prefab
  artifactKey: Guid(8791bd196eb6ea84f8b4388eafcabb12) Importer(815301076,1909f56bfc062723c751e8b465ee728b)
Start importing Assets/Prefabs/Particles/GunSlash.prefab using Guid(8791bd196eb6ea84f8b4388eafcabb12) Importer(815301076,1909f56bfc062723c751e8b465ee728b)  -> (artifact id: '14e9eadad561b3bf9f329f4cf24f05fc') in 0.021393 seconds
  Import took 0.024886 seconds .

========================================================================
Received Import Request.
  Time since last request: 11.954437 seconds.
  path: Assets/Prefabs/Particles/GunSlash.prefab
  artifactKey: Guid(8791bd196eb6ea84f8b4388eafcabb12) Importer(815301076,1909f56bfc062723c751e8b465ee728b)
Start importing Assets/Prefabs/Particles/GunSlash.prefab using Guid(8791bd196eb6ea84f8b4388eafcabb12) Importer(815301076,1909f56bfc062723c751e8b465ee728b)  -> (artifact id: '45cbb46a0fab1db7375217de332da844') in 0.004187 seconds
  Import took 0.007675 seconds .

========================================================================
Received Import Request.
  Time since last request: 1.189210 seconds.
  path: Assets/Prefabs/Particles/GunSlash.prefab
  artifactKey: Guid(8791bd196eb6ea84f8b4388eafcabb12) Importer(815301076,1909f56bfc062723c751e8b465ee728b)
Start importing Assets/Prefabs/Particles/GunSlash.prefab using Guid(8791bd196eb6ea84f8b4388eafcabb12) Importer(815301076,1909f56bfc062723c751e8b465ee728b)  -> (artifact id: 'b14ab25306b930cd840710b15e913a79') in 0.004300 seconds
  Import took 0.007700 seconds .

========================================================================
Received Import Request.
  Time since last request: 1.658923 seconds.
  path: Assets/Prefabs/Particles/GunSlash.prefab
  artifactKey: Guid(8791bd196eb6ea84f8b4388eafcabb12) Importer(815301076,1909f56bfc062723c751e8b465ee728b)
Start importing Assets/Prefabs/Particles/GunSlash.prefab using Guid(8791bd196eb6ea84f8b4388eafcabb12) Importer(815301076,1909f56bfc062723c751e8b465ee728b)  -> (artifact id: '8400c89895e789460af5a96403f5be49') in 0.004480 seconds
  Import took 0.007489 seconds .

========================================================================
Received Import Request.
  Time since last request: 12.215592 seconds.
  path: Assets/Prefabs/Particles/GunSlashRight.prefab
  artifactKey: Guid(c554cc79b7318b94f93daefa58da1f74) Importer(815301076,1909f56bfc062723c751e8b465ee728b)
Start importing Assets/Prefabs/Particles/GunSlashRight.prefab using Guid(c554cc79b7318b94f93daefa58da1f74) Importer(815301076,1909f56bfc062723c751e8b465ee728b)  -> (artifact id: 'db0242b3769ae9c1a53434fceea2ff50') in 0.007812 seconds
  Import took 0.011335 seconds .

========================================================================
Received Import Request.
  Time since last request: 2.695756 seconds.
  path: Assets/Prefabs/Particles/GunSlashRight.prefab
  artifactKey: Guid(c554cc79b7318b94f93daefa58da1f74) Importer(815301076,1909f56bfc062723c751e8b465ee728b)
Start importing Assets/Prefabs/Particles/GunSlashRight.prefab using Guid(c554cc79b7318b94f93daefa58da1f74) Importer(815301076,1909f56bfc062723c751e8b465ee728b)  -> (artifact id: '7da7265751027e3b11e2b2de45b16cca') in 0.004331 seconds
  Import took 0.007300 seconds .

========================================================================
Received Prepare
Registering precompiled user dll's ...
Registered in 0.004316 seconds.
Begin MonoManager ReloadAssembly
Native extension for WindowsStandalone target not found
Refreshing native plugins compatible for Editor in 1.07 ms, found 0 plugins.
Preloading 0 native plugins for Editor in 0.00 ms.
Mono: successfully reloaded assembly
- Completed reload, in  0.685 seconds
Platform modules already initialized, skipping
Refreshing native plugins compatible for Editor in 1.06 ms, found 0 plugins.
Preloading 0 native plugins for Editor in 0.00 ms.
Unloading 1692 Unused Serialized files (Serialized files now loaded: 0)
System memory in use before: 95.0 MB.
System memory in use after: 95.1 MB.

Unloading 13 unused Assets to reduce memory usage. Loaded Objects now: 2182.
Total: 1.517800 ms (FindLiveObjects: 0.142300 ms CreateObjectMapping: 0.032900 ms MarkObjects: 1.328500 ms  DeleteObjects: 0.013400 ms)

========================================================================
Received Import Request.
  Time since last request: 25.641766 seconds.
  path: Assets/Prefabs/Particles/GunSlashRight.prefab
  artifactKey: Guid(c554cc79b7318b94f93daefa58da1f74) Importer(815301076,1909f56bfc062723c751e8b465ee728b)
Start importing Assets/Prefabs/Particles/GunSlashRight.prefab using Guid(c554cc79b7318b94f93daefa58da1f74) Importer(815301076,1909f56bfc062723c751e8b465ee728b)  -> (artifact id: 'bacdf0a67ce85d9d9be9c4d5757dba4d') in 0.022387 seconds
  Import took 0.025914 seconds .

========================================================================
Received Import Request.
  Time since last request: 3.381945 seconds.
  path: Assets/Prefabs/Particles/GunSlash.prefab
  artifactKey: Guid(8791bd196eb6ea84f8b4388eafcabb12) Importer(815301076,1909f56bfc062723c751e8b465ee728b)
Start importing Assets/Prefabs/Particles/GunSlash.prefab using Guid(8791bd196eb6ea84f8b4388eafcabb12) Importer(815301076,1909f56bfc062723c751e8b465ee728b)  -> (artifact id: 'dc2ce76bd01133ef637d7d68281cac3a') in 0.004442 seconds
  Import took 0.007418 seconds .

========================================================================
Received Prepare
Registering precompiled user dll's ...
Registered in 0.004472 seconds.
Begin MonoManager ReloadAssembly
Native extension for WindowsStandalone target not found
Refreshing native plugins compatible for Editor in 1.03 ms, found 0 plugins.
Preloading 0 native plugins for Editor in 0.00 ms.
Mono: successfully reloaded assembly
- Completed reload, in  0.663 seconds
Platform modules already initialized, skipping
Refreshing native plugins compatible for Editor in 1.12 ms, found 0 plugins.
Preloading 0 native plugins for Editor in 0.00 ms.
Unloading 1692 Unused Serialized files (Serialized files now loaded: 0)
System memory in use before: 95.0 MB.
System memory in use after: 95.2 MB.

Unloading 13 unused Assets to reduce memory usage. Loaded Objects now: 2185.
Total: 1.552800 ms (FindLiveObjects: 0.143500 ms CreateObjectMapping: 0.035100 ms MarkObjects: 1.359900 ms  DeleteObjects: 0.013400 ms)

========================================================================
Received Prepare
Registering precompiled user dll's ...
Registered in 0.004001 seconds.
Begin MonoManager ReloadAssembly
Native extension for WindowsStandalone target not found
Refreshing native plugins compatible for Editor in 1.01 ms, found 0 plugins.
Preloading 0 native plugins for Editor in 0.00 ms.
Mono: successfully reloaded assembly
- Completed reload, in  0.679 seconds
Platform modules already initialized, skipping
Refreshing native plugins compatible for Editor in 1.09 ms, found 0 plugins.
Preloading 0 native plugins for Editor in 0.00 ms.
Unloading 1692 Unused Serialized files (Serialized files now loaded: 0)
System memory in use before: 95.1 MB.
System memory in use after: 95.2 MB.

Unloading 13 unused Assets to reduce memory usage. Loaded Objects now: 2188.
Total: 1.575700 ms (FindLiveObjects: 0.164200 ms CreateObjectMapping: 0.034100 ms MarkObjects: 1.361600 ms  DeleteObjects: 0.014900 ms)

========================================================================
Received Import Request.
  Time since last request: 254.243011 seconds.
  path: Assets/Prefabs/Particles/GunSlash.prefab
  artifactKey: Guid(8791bd196eb6ea84f8b4388eafcabb12) Importer(815301076,1909f56bfc062723c751e8b465ee728b)
Start importing Assets/Prefabs/Particles/GunSlash.prefab using Guid(8791bd196eb6ea84f8b4388eafcabb12) Importer(815301076,1909f56bfc062723c751e8b465ee728b)  -> (artifact id: 'd156b248974ca25c7c5ac1590931a14a') in 0.021723 seconds
  Import took 0.025307 seconds .

========================================================================
Received Import Request.
  Time since last request: 1.751507 seconds.
  path: Assets/Prefabs/Particles/GunSlash.prefab
  artifactKey: Guid(8791bd196eb6ea84f8b4388eafcabb12) Importer(815301076,1909f56bfc062723c751e8b465ee728b)
Start importing Assets/Prefabs/Particles/GunSlash.prefab using Guid(8791bd196eb6ea84f8b4388eafcabb12) Importer(815301076,1909f56bfc062723c751e8b465ee728b)  -> (artifact id: '8a37fcd785835751f072f53ba204e461') in 0.004716 seconds
  Import took 0.008035 seconds .

========================================================================
Received Import Request.
  Time since last request: 2.835940 seconds.
  path: Assets/Prefabs/Particles/GunSlash.prefab
  artifactKey: Guid(8791bd196eb6ea84f8b4388eafcabb12) Importer(815301076,1909f56bfc062723c751e8b465ee728b)
Start importing Assets/Prefabs/Particles/GunSlash.prefab using Guid(8791bd196eb6ea84f8b4388eafcabb12) Importer(815301076,1909f56bfc062723c751e8b465ee728b)  -> (artifact id: 'f3ec58b542ed82925131a969555db46f') in 0.004801 seconds
  Import took 0.007788 seconds .

========================================================================
Received Import Request.
  Time since last request: 3.080835 seconds.
  path: Assets/Prefabs/Particles/GunSlashRight.prefab
  artifactKey: Guid(c554cc79b7318b94f93daefa58da1f74) Importer(815301076,1909f56bfc062723c751e8b465ee728b)
Start importing Assets/Prefabs/Particles/GunSlashRight.prefab using Guid(c554cc79b7318b94f93daefa58da1f74) Importer(815301076,1909f56bfc062723c751e8b465ee728b)  -> (artifact id: '96b28aa3168c0833c60606fb0263c40a') in 0.004694 seconds
  Import took 0.007708 seconds .

========================================================================
Received Import Request.
  Time since last request: 1.385538 seconds.
  path: Assets/Prefabs/Particles/GunSlashRight.prefab
  artifactKey: Guid(c554cc79b7318b94f93daefa58da1f74) Importer(815301076,1909f56bfc062723c751e8b465ee728b)
Start importing Assets/Prefabs/Particles/GunSlashRight.prefab using Guid(c554cc79b7318b94f93daefa58da1f74) Importer(815301076,1909f56bfc062723c751e8b465ee728b)  -> (artifact id: 'c0659ce24a465c060c85441f1e29ba7f') in 0.004525 seconds
  Import took 0.007560 seconds .

========================================================================
Received Import Request.
  Time since last request: 1.654646 seconds.
  path: Assets/Prefabs/Particles/GunSlashRight.prefab
  artifactKey: Guid(c554cc79b7318b94f93daefa58da1f74) Importer(815301076,1909f56bfc062723c751e8b465ee728b)
Start importing Assets/Prefabs/Particles/GunSlashRight.prefab using Guid(c554cc79b7318b94f93daefa58da1f74) Importer(815301076,1909f56bfc062723c751e8b465ee728b)  -> (artifact id: 'cbfb2f3118ed0e64377e4f1333a75552') in 0.004456 seconds
  Import took 0.007809 seconds .

========================================================================
Received Prepare
Registering precompiled user dll's ...
Registered in 0.003719 seconds.
Begin MonoManager ReloadAssembly
Native extension for WindowsStandalone target not found
Refreshing native plugins compatible for Editor in 1.11 ms, found 0 plugins.
Preloading 0 native plugins for Editor in 0.00 ms.
Mono: successfully reloaded assembly
- Completed reload, in  0.687 seconds
Platform modules already initialized, skipping
Refreshing native plugins compatible for Editor in 1.10 ms, found 0 plugins.
Preloading 0 native plugins for Editor in 0.00 ms.
Unloading 1692 Unused Serialized files (Serialized files now loaded: 0)
System memory in use before: 95.1 MB.
System memory in use after: 95.2 MB.

Unloading 13 unused Assets to reduce memory usage. Loaded Objects now: 2191.
Total: 1.659000 ms (FindLiveObjects: 0.148100 ms CreateObjectMapping: 0.034600 ms MarkObjects: 1.460800 ms  DeleteObjects: 0.014500 ms)

========================================================================
Received Import Request.
  Time since last request: 123.758051 seconds.
  path: Assets/Animation/FirePlayerAnimator.controller
  artifactKey: Guid(3360a4d7b27c9334dbe692f15136101d) Importer(815301076,1909f56bfc062723c751e8b465ee728b)
Start importing Assets/Animation/FirePlayerAnimator.controller using Guid(3360a4d7b27c9334dbe692f15136101d) Importer(815301076,1909f56bfc062723c751e8b465ee728b)  -> (artifact id: '3e2a75b5c300b214bf332889fcf6863c') in 0.019200 seconds
  Import took 0.023741 seconds .

AssetImportWorkerClient::OnTransportError - code=2 error=End of file
