Using pre-set license
Built from '6000.0/staging' branch; Version is '6000.0.32f1 (b2e806cf271c) revision 11724806'; Using compiler version '193933523'; Build Type 'Release'
OS: 'Windows 11  (10.0.26100) 64bit Core' Language: 'en' Physical Memory: 32694 MB
BatchMode: 1, IsHumanControllingUs: 0, StartBugReporterOnCrash: 0, Is64bit: 1, IsPro: 1

COMMAND LINE ARGUMENTS:
C:\Program Files\Unity\Hub\Editor\6000.0.32f1\Editor\Unity.exe
-adb2
-batchMode
-noUpm
-name
AssetImportWorker24
-projectPath
C:/Users/calcr/Documents/GitHub/Fight-Knights/Fight Knights
-logFile
Logs/AssetImportWorker24.log
-srvPort
58358
-job-worker-count
7
-background-job-worker-count
8
-gc-helper-count
1
Successfully changed project path to: C:/Users/calcr/Documents/GitHub/Fight-Knights/Fight Knights
C:/Users/calcr/Documents/GitHub/Fight-Knights/Fight Knights
[UnityMemory] Configuration Parameters - Can be set up in boot.config
    "memorysetup-bucket-allocator-granularity=16"
    "memorysetup-bucket-allocator-bucket-count=8"
    "memorysetup-bucket-allocator-block-size=33554432"
    "memorysetup-bucket-allocator-block-count=8"
    "memorysetup-main-allocator-block-size=16777216"
    "memorysetup-thread-allocator-block-size=16777216"
    "memorysetup-gfx-main-allocator-block-size=16777216"
    "memorysetup-gfx-thread-allocator-block-size=16777216"
    "memorysetup-cache-allocator-block-size=4194304"
    "memorysetup-typetree-allocator-block-size=2097152"
    "memorysetup-profiler-bucket-allocator-granularity=16"
    "memorysetup-profiler-bucket-allocator-bucket-count=8"
    "memorysetup-profiler-bucket-allocator-block-size=33554432"
    "memorysetup-profiler-bucket-allocator-block-count=8"
    "memorysetup-profiler-allocator-block-size=16777216"
    "memorysetup-profiler-editor-allocator-block-size=1048576"
    "memorysetup-temp-allocator-size-main=16777216"
    "memorysetup-job-temp-allocator-block-size=2097152"
    "memorysetup-job-temp-allocator-block-size-background=1048576"
    "memorysetup-job-temp-allocator-reduction-small-platforms=262144"
    "memorysetup-allocator-temp-initial-block-size-main=262144"
    "memorysetup-allocator-temp-initial-block-size-worker=262144"
    "memorysetup-temp-allocator-size-background-worker=32768"
    "memorysetup-temp-allocator-size-job-worker=262144"
    "memorysetup-temp-allocator-size-preload-manager=33554432"
    "memorysetup-temp-allocator-size-nav-mesh-worker=65536"
    "memorysetup-temp-allocator-size-audio-worker=65536"
    "memorysetup-temp-allocator-size-cloud-worker=32768"
    "memorysetup-temp-allocator-size-gi-baking-worker=262144"
    "memorysetup-temp-allocator-size-gi-baking-worker=262144"
    "memorysetup-temp-allocator-size-gi-baking-worker=262144"
    "memorysetup-temp-allocator-size-gi-baking-worker=262144"
    "memorysetup-temp-allocator-size-gi-baking-worker=262144"
    "memorysetup-temp-allocator-size-gfx=262144"
Player connection [30456]  Target information:

Player connection [30456]  * "[IP] 192.168.0.35 [Port] 0 [Flags] 2 [Guid] 226764550 [EditorId] 226764550 [Version] 1048832 [Id] WindowsEditor(7,Calvins) [Debug] 1 [PackageName] WindowsEditor [ProjectName] Editor" 

Player connection [30456] Host joined multi-casting on [225.0.0.222:54997]...
Player connection [30456] Host joined alternative multi-casting on [225.0.0.222:34997]...
JobSystem: Creating JobQueue using job-worker-count value 7
[Physics::Module] Initialized fallback backend.
[Physics::Module] Id: 0xdecafbad
Library Redirect Path: Library/
[Physics::Module] Selected backend.
[Physics::Module] Name: PhysX
[Physics::Module] Id: 0xf2b8ea05
[Physics::Module] SDK Version: 4.1.2
[Physics::Module] Integration Version: 1.0.0
[Physics::Module] Threading Mode: Multi-Threaded
Refreshing native plugins compatible for Editor in 1.64 ms, found 2 plugins.
Preloading 0 native plugins for Editor in 0.00 ms.
Initialize engine version: 6000.0.32f1 (b2e806cf271c)
[Subsystems] Discovering subsystems at path C:/Program Files/Unity/Hub/Editor/6000.0.32f1/Editor/Data/Resources/UnitySubsystems
[Subsystems] Discovering subsystems at path C:/Users/calcr/Documents/GitHub/Fight-Knights/Fight Knights/Assets
GfxDevice: creating device client; kGfxThreadingModeNonThreaded
Direct3D:
    Version:  Direct3D 11.0 [level 11.1]
    Renderer: NVIDIA GeForce RTX 3080 Ti (ID=0x2208)
    Vendor:   NVIDIA
    VRAM:     12086 MB
    Driver:   32.0.15.6636
Initialize mono
Mono path[0] = 'C:/Program Files/Unity/Hub/Editor/6000.0.32f1/Editor/Data/Managed'
Mono path[1] = 'C:/Program Files/Unity/Hub/Editor/6000.0.32f1/Editor/Data/MonoBleedingEdge/lib/mono/unityjit-win32'
Mono config path = 'C:/Program Files/Unity/Hub/Editor/6000.0.32f1/Editor/Data/MonoBleedingEdge/etc'
Using monoOptions --debugger-agent=transport=dt_socket,embedding=1,server=y,suspend=n,address=127.0.0.1:56488
Begin MonoManager ReloadAssembly
Registering precompiled unity dll's ...
Register platform support module: C:/Program Files/Unity/Hub/Editor/6000.0.32f1/Editor/Data/PlaybackEngines/WebGLSupport/UnityEditor.WebGL.Extensions.dll
Register platform support module: C:/Program Files/Unity/Hub/Editor/6000.0.32f1/Editor/Data/PlaybackEngines/WindowsStandaloneSupport/UnityEditor.WindowsStandalone.Extensions.dll
Register platform support module: C:/Program Files/Unity/Hub/Editor/6000.0.32f1/Editor/Data/PlaybackEngines/AndroidPlayer/UnityEditor.Android.Extensions.dll
Register platform support module: C:/Program Files/Unity/Hub/Editor/6000.0.32f1/Editor/Data/PlaybackEngines/iOSSupport/UnityEditor.iOS.Extensions.dll
Register platform support module: C:/Program Files/Unity/Hub/Editor/6000.0.32f1/Editor/Data/PlaybackEngines/LinuxStandaloneSupport/UnityEditor.LinuxStandalone.Extensions.dll
Registered in 0.006664 seconds.
- Loaded All Assemblies, in  0.406 seconds
Native extension for LinuxStandalone target not found
[usbmuxd] Start listen thread
[usbmuxd] Listen thread started
Native extension for iOS target not found
Native extension for Android target not found
Android Extension - Scanning For ADB Devices 248 ms
Native extension for WindowsStandalone target not found
Native extension for WebGL target not found
Mono: successfully reloaded assembly
- Finished resetting the current domain, in  0.625 seconds
Domain Reload Profiling: 1028ms
	BeginReloadAssembly (129ms)
		ExecutionOrderSort (0ms)
		DisableScriptedObjects (0ms)
		BackupInstance (0ms)
		ReleaseScriptingObjects (0ms)
		CreateAndSetChildDomain (1ms)
	RebuildCommonClasses (38ms)
	RebuildNativeTypeToScriptingClass (12ms)
	initialDomainReloadingComplete (51ms)
	LoadAllAssembliesAndSetupDomain (171ms)
		LoadAssemblies (126ms)
		RebuildTransferFunctionScriptingTraits (0ms)
		AnalyzeDomain (167ms)
			TypeCache.Refresh (166ms)
				TypeCache.ScanAssembly (153ms)
			BuildScriptInfoCaches (0ms)
			ResolveRequiredComponents (0ms)
	FinalizeReload (626ms)
		ReleaseScriptCaches (0ms)
		RebuildScriptCaches (0ms)
		SetupLoadedEditorAssemblies (575ms)
			LogAssemblyErrors (0ms)
			InitializePlatformSupportModulesInManaged (358ms)
			SetLoadedEditorAssemblies (3ms)
			BeforeProcessingInitializeOnLoad (49ms)
			ProcessInitializeOnLoadAttributes (108ms)
			ProcessInitializeOnLoadMethodAttributes (57ms)
			AfterProcessingInitializeOnLoad (0ms)
			EditorAssembliesLoaded (0ms)
		ExecutionOrderSort2 (0ms)
		AwakeInstancesAfterBackupRestoration (0ms)
========================================================================
Worker process is ready to serve import requests
Import Worker Mode flag is 0x00
Begin MonoManager ReloadAssembly
- Loaded All Assemblies, in  0.686 seconds
Refreshing native plugins compatible for Editor in 1.07 ms, found 2 plugins.
Native extension for LinuxStandalone target not found
Native extension for iOS target not found
Native extension for Android target not found
Native extension for WindowsStandalone target not found
Native extension for WebGL target not found
Mono: successfully reloaded assembly
- Finished resetting the current domain, in  0.704 seconds
Domain Reload Profiling: 1384ms
	BeginReloadAssembly (162ms)
		ExecutionOrderSort (0ms)
		DisableScriptedObjects (5ms)
		BackupInstance (0ms)
		ReleaseScriptingObjects (0ms)
		CreateAndSetChildDomain (30ms)
	RebuildCommonClasses (39ms)
	RebuildNativeTypeToScriptingClass (12ms)
	initialDomainReloadingComplete (37ms)
	LoadAllAssembliesAndSetupDomain (429ms)
		LoadAssemblies (322ms)
		RebuildTransferFunctionScriptingTraits (0ms)
		AnalyzeDomain (203ms)
			TypeCache.Refresh (144ms)
				TypeCache.ScanAssembly (129ms)
			BuildScriptInfoCaches (47ms)
			ResolveRequiredComponents (9ms)
	FinalizeReload (704ms)
		ReleaseScriptCaches (0ms)
		RebuildScriptCaches (0ms)
		SetupLoadedEditorAssemblies (554ms)
			LogAssemblyErrors (0ms)
			InitializePlatformSupportModulesInManaged (17ms)
			SetLoadedEditorAssemblies (4ms)
			BeforeProcessingInitializeOnLoad (92ms)
			ProcessInitializeOnLoadAttributes (367ms)
			ProcessInitializeOnLoadMethodAttributes (67ms)
			AfterProcessingInitializeOnLoad (7ms)
			EditorAssembliesLoaded (0ms)
		ExecutionOrderSort2 (0ms)
		AwakeInstancesAfterBackupRestoration (5ms)
Launched and connected shader compiler UnityShaderCompiler.exe after 0.01 seconds
Refreshing native plugins compatible for Editor in 0.75 ms, found 2 plugins.
Preloading 0 native plugins for Editor in 0.00 ms.
Unloading 228 Unused Serialized files (Serialized files now loaded: 0)
Unloading 4505 unused Assets / (3.6 MB). Loaded Objects now: 5227.
Memory consumption went from 178.0 MB to 174.4 MB.
Total: 6.126200 ms (FindLiveObjects: 0.510500 ms CreateObjectMapping: 0.177400 ms MarkObjects: 4.003500 ms  DeleteObjects: 1.433500 ms)

========================================================================
Received Import Request.
  Time since last request: 699613.882169 seconds.
  path: Assets/Scenes/Raft.unity
  artifactKey: Guid(c885abd6c6b3d3b468d5dc7fcd77bd2f) Importer(815301076,1909f56bfc062723c751e8b465ee728b)
Start importing Assets/Scenes/Raft.unity using Guid(c885abd6c6b3d3b468d5dc7fcd77bd2f) Importer(815301076,1909f56bfc062723c751e8b465ee728b) (PreviewImporter) -> (artifact id: '2608109b9370e6d3f79fa5642698a2dd') in 0.0049805 seconds
Number of updated asset objects reloaded before import = 0Number of asset objects unloaded after import = 0

========================================================================
Received Import Request.
  Time since last request: 122.788826 seconds.
  path: Assets/Scenes/Raft.unity
  artifactKey: Guid(c885abd6c6b3d3b468d5dc7fcd77bd2f) Importer(815301076,1909f56bfc062723c751e8b465ee728b)
Start importing Assets/Scenes/Raft.unity using Guid(c885abd6c6b3d3b468d5dc7fcd77bd2f) Importer(815301076,1909f56bfc062723c751e8b465ee728b) (PreviewImporter) -> (artifact id: '69778e25ac395663392fe1417c02ac91') in 0.0005718 seconds
Number of updated asset objects reloaded before import = 0Number of asset objects unloaded after import = 0

========================================================================
Received Import Request.
  Time since last request: 48.832696 seconds.
  path: Assets/Scenes/Fort.unity
  artifactKey: Guid(6292c7f62a16c314ca3446913a29e660) Importer(815301076,1909f56bfc062723c751e8b465ee728b)
Start importing Assets/Scenes/Fort.unity using Guid(6292c7f62a16c314ca3446913a29e660) Importer(815301076,1909f56bfc062723c751e8b465ee728b) (PreviewImporter) -> (artifact id: '7174b00bb1db181561ce9a808de71c68') in 0.0005192 seconds
Number of updated asset objects reloaded before import = 0Number of asset objects unloaded after import = 0

========================================================================
Received Import Request.
  Time since last request: 3.597856 seconds.
  path: Assets/Scenes/Lightning.unity
  artifactKey: Guid(2ea1c22bf63210a44bfb30b7e365be3e) Importer(815301076,1909f56bfc062723c751e8b465ee728b)
Start importing Assets/Scenes/Lightning.unity using Guid(2ea1c22bf63210a44bfb30b7e365be3e) Importer(815301076,1909f56bfc062723c751e8b465ee728b) (PreviewImporter) -> (artifact id: '565f0ec9d7fedccbcc2cb4965917847b') in 0.000497 seconds
Number of updated asset objects reloaded before import = 0Number of asset objects unloaded after import = 0

========================================================================
Received Import Request.
  Time since last request: 34.378214 seconds.
  path: Assets/Scenes/SampleScene.unity
  artifactKey: Guid(9fc0d4010bbf28b4594072e72b8655ab) Importer(815301076,1909f56bfc062723c751e8b465ee728b)
Start importing Assets/Scenes/SampleScene.unity using Guid(9fc0d4010bbf28b4594072e72b8655ab) Importer(815301076,1909f56bfc062723c751e8b465ee728b) (PreviewImporter) -> (artifact id: '24f5c2be9d9daf6a4384ca70640c79b2') in 0.0006405 seconds
Number of updated asset objects reloaded before import = 0Number of asset objects unloaded after import = 0

========================================================================
Received Import Request.
  Time since last request: 0.843238 seconds.
  path: Assets/Scenes/Raft.unity
  artifactKey: Guid(c885abd6c6b3d3b468d5dc7fcd77bd2f) Importer(815301076,1909f56bfc062723c751e8b465ee728b)
Start importing Assets/Scenes/Raft.unity using Guid(c885abd6c6b3d3b468d5dc7fcd77bd2f) Importer(815301076,1909f56bfc062723c751e8b465ee728b) (PreviewImporter) -> (artifact id: '04b991d3f22e6cce4f1d29c26d1c31a3') in 0.0005734 seconds
Number of updated asset objects reloaded before import = 0Number of asset objects unloaded after import = 0

========================================================================
Received Import Request.
  Time since last request: 14.076803 seconds.
  path: Assets/Scenes/Soccer.unity
  artifactKey: Guid(14dc3171a71d4b5488593d5d37238529) Importer(815301076,1909f56bfc062723c751e8b465ee728b)
Start importing Assets/Scenes/Soccer.unity using Guid(14dc3171a71d4b5488593d5d37238529) Importer(815301076,1909f56bfc062723c751e8b465ee728b) (PreviewImporter) -> (artifact id: 'c253cca92d29a0d703b81b87b3a1c142') in 0.0005338 seconds
Number of updated asset objects reloaded before import = 0Number of asset objects unloaded after import = 0

========================================================================
Received Import Request.
  Time since last request: 10.702135 seconds.
  path: Assets/Scenes/NetworkMenuScene.unity
  artifactKey: Guid(f95afe6c6091a3a458daeaebd3c57a30) Importer(815301076,1909f56bfc062723c751e8b465ee728b)
Start importing Assets/Scenes/NetworkMenuScene.unity using Guid(f95afe6c6091a3a458daeaebd3c57a30) Importer(815301076,1909f56bfc062723c751e8b465ee728b) (PreviewImporter) -> (artifact id: '4ebe4de6cc6c7c153771b5c769b64eee') in 0.0005571 seconds
Number of updated asset objects reloaded before import = 0Number of asset objects unloaded after import = 0

========================================================================
Received Import Request.
  Time since last request: 4.978117 seconds.
  path: Assets/Scenes/Fort
  artifactKey: Guid(8c7bfabaf13d42441a50b9727096b99c) Importer(815301076,1909f56bfc062723c751e8b465ee728b)
Start importing Assets/Scenes/Fort using Guid(8c7bfabaf13d42441a50b9727096b99c) Importer(815301076,1909f56bfc062723c751e8b465ee728b) (PreviewImporter) -> (artifact id: '52ca6b453dee83e5688938debfaba7ee') in 0.0005235 seconds
Number of updated asset objects reloaded before import = 0Number of asset objects unloaded after import = 0

========================================================================
Received Import Request.
  Time since last request: 35.026714 seconds.
  path: Assets/Scenes/Victory Screen.unity
  artifactKey: Guid(0d2c261b71795984fbace201856a2589) Importer(815301076,1909f56bfc062723c751e8b465ee728b)
Start importing Assets/Scenes/Victory Screen.unity using Guid(0d2c261b71795984fbace201856a2589) Importer(815301076,1909f56bfc062723c751e8b465ee728b) (PreviewImporter) -> (artifact id: 'ce23170c2510c93434da848e21d517ba') in 0.0006218 seconds
Number of updated asset objects reloaded before import = 0Number of asset objects unloaded after import = 0

========================================================================
Received Import Request.
  Time since last request: 0.739029 seconds.
  path: Assets/Scenes/TestingScene.unity
  artifactKey: Guid(35937cf320606b14a82607c9d78d220d) Importer(815301076,1909f56bfc062723c751e8b465ee728b)
Start importing Assets/Scenes/TestingScene.unity using Guid(35937cf320606b14a82607c9d78d220d) Importer(815301076,1909f56bfc062723c751e8b465ee728b) (PreviewImporter) -> (artifact id: 'd4fc1883616ccfbe1df5bed1e9e4a5e0') in 0.000528 seconds
Number of updated asset objects reloaded before import = 0Number of asset objects unloaded after import = 0

========================================================================
Received Import Request.
  Time since last request: 13.286462 seconds.
  path: Assets/Scenes/FallPeople.unity
  artifactKey: Guid(70155725e9304e043b61bc9e3ac48f64) Importer(815301076,1909f56bfc062723c751e8b465ee728b)
Start importing Assets/Scenes/FallPeople.unity using Guid(70155725e9304e043b61bc9e3ac48f64) Importer(815301076,1909f56bfc062723c751e8b465ee728b) (PreviewImporter) -> (artifact id: 'ee75b93cdd95820924a00d6e99c7ea06') in 0.0005294 seconds
Number of updated asset objects reloaded before import = 0Number of asset objects unloaded after import = 0

========================================================================
Received Import Request.
  Time since last request: 35.320909 seconds.
  path: Assets/PolygonPirates
  artifactKey: Guid(6e3fd71234c31cc42b09c64e157d704c) Importer(815301076,1909f56bfc062723c751e8b465ee728b)
Start importing Assets/PolygonPirates using Guid(6e3fd71234c31cc42b09c64e157d704c) Importer(815301076,1909f56bfc062723c751e8b465ee728b) (PreviewImporter) -> (artifact id: '95ae4324eb447a6fe2e801635c78e697') in 0.0005868 seconds
Number of updated asset objects reloaded before import = 0Number of asset objects unloaded after import = 0

========================================================================
Received Import Request.
  Time since last request: 1.705874 seconds.
  path: Assets/PolygonParticleFX
  artifactKey: Guid(beb35e146d7833c4e9e6f68a630009b6) Importer(815301076,1909f56bfc062723c751e8b465ee728b)
Start importing Assets/PolygonParticleFX using Guid(beb35e146d7833c4e9e6f68a630009b6) Importer(815301076,1909f56bfc062723c751e8b465ee728b) (PreviewImporter) -> (artifact id: '48c0cc4a9904bc5207c30a5013409a40') in 0.0007537 seconds
Number of updated asset objects reloaded before import = 0Number of asset objects unloaded after import = 0

========================================================================
Received Prepare
Begin MonoManager ReloadAssembly
- Loaded All Assemblies, in  0.618 seconds
Refreshing native plugins compatible for Editor in 0.70 ms, found 2 plugins.
Native extension for LinuxStandalone target not found
Native extension for iOS target not found
Native extension for Android target not found
Native extension for WindowsStandalone target not found
Native extension for WebGL target not found
Mono: successfully reloaded assembly
- Finished resetting the current domain, in  0.668 seconds
Domain Reload Profiling: 1283ms
	BeginReloadAssembly (185ms)
		ExecutionOrderSort (0ms)
		DisableScriptedObjects (6ms)
		BackupInstance (0ms)
		ReleaseScriptingObjects (0ms)
		CreateAndSetChildDomain (41ms)
	RebuildCommonClasses (34ms)
	RebuildNativeTypeToScriptingClass (13ms)
	initialDomainReloadingComplete (26ms)
	LoadAllAssembliesAndSetupDomain (357ms)
		LoadAssemblies (306ms)
		RebuildTransferFunctionScriptingTraits (0ms)
		AnalyzeDomain (145ms)
			TypeCache.Refresh (5ms)
				TypeCache.ScanAssembly (0ms)
			BuildScriptInfoCaches (128ms)
			ResolveRequiredComponents (9ms)
	FinalizeReload (668ms)
		ReleaseScriptCaches (0ms)
		RebuildScriptCaches (0ms)
		SetupLoadedEditorAssemblies (485ms)
			LogAssemblyErrors (0ms)
			InitializePlatformSupportModulesInManaged (16ms)
			SetLoadedEditorAssemblies (4ms)
			BeforeProcessingInitializeOnLoad (93ms)
			ProcessInitializeOnLoadAttributes (316ms)
			ProcessInitializeOnLoadMethodAttributes (48ms)
			AfterProcessingInitializeOnLoad (8ms)
			EditorAssembliesLoaded (0ms)
		ExecutionOrderSort2 (0ms)
		AwakeInstancesAfterBackupRestoration (10ms)
Refreshing native plugins compatible for Editor in 0.78 ms, found 2 plugins.
Preloading 0 native plugins for Editor in 0.00 ms.
Unloading 22 Unused Serialized files (Serialized files now loaded: 0)
Unloading 4503 unused Assets / (3.5 MB). Loaded Objects now: 5243.
Memory consumption went from 153.0 MB to 149.5 MB.
Total: 6.077200 ms (FindLiveObjects: 0.510300 ms CreateObjectMapping: 0.168500 ms MarkObjects: 3.900100 ms  DeleteObjects: 1.497300 ms)

Prepare: number of updated asset objects reloaded= 0
========================================================================
Received Import Request.
  Time since last request: 88.329272 seconds.
  path: Assets/Prefabs/SwordPlayer
  artifactKey: Guid(40ef8dc776f4ead4db95bfb8361c3c9c) Importer(815301076,1909f56bfc062723c751e8b465ee728b)
Start importing Assets/Prefabs/SwordPlayer using Guid(40ef8dc776f4ead4db95bfb8361c3c9c) Importer(815301076,1909f56bfc062723c751e8b465ee728b) (PreviewImporter) -> (artifact id: '45e34bda30f2a341653b6bccb680beda') in 0.0101407 seconds
Number of updated asset objects reloaded before import = 0Number of asset objects unloaded after import = 0

========================================================================
Received Import Request.
  Time since last request: 0.030391 seconds.
  path: Assets/Prefabs/SwordPlayer/Chr_FantasyHero_Preset_3.prefab
  artifactKey: Guid(e7c81d0129043274db97a354473d63df) Importer(815301076,1909f56bfc062723c751e8b465ee728b)
Start importing Assets/Prefabs/SwordPlayer/Chr_FantasyHero_Preset_3.prefab using Guid(e7c81d0129043274db97a354473d63df) Importer(815301076,1909f56bfc062723c751e8b465ee728b) (PreviewImporter) -> (artifact id: '9bc4c1010e08ed58fce811cd5d08039d') in 0.6592718 seconds
Number of updated asset objects reloaded before import = 0Number of asset objects unloaded after import = 3132

========================================================================
Received Import Request.
  Time since last request: 0.000037 seconds.
  path: Assets/Prefabs/SwordPlayer/Upward Thrust.fbx
  artifactKey: Guid(51ee80f459b4e454999e9c029934a6fe) Importer(815301076,1909f56bfc062723c751e8b465ee728b)
Start importing Assets/Prefabs/SwordPlayer/Upward Thrust.fbx using Guid(51ee80f459b4e454999e9c029934a6fe) Importer(815301076,1909f56bfc062723c751e8b465ee728b) (PreviewImporter) -> (artifact id: '9c4a2b5c850a200646d044e0d846f84f') in 0.0712162 seconds
Number of updated asset objects reloaded before import = 0Number of asset objects unloaded after import = 111

========================================================================
Received Import Request.
  Time since last request: 0.000030 seconds.
  path: Assets/Prefabs/SwordPlayer/SwordPlayer.prefab
  artifactKey: Guid(eecd6dd82ea47ea4ca76d9a2a6799528) Importer(815301076,1909f56bfc062723c751e8b465ee728b)
Start importing Assets/Prefabs/SwordPlayer/SwordPlayer.prefab using Guid(eecd6dd82ea47ea4ca76d9a2a6799528) Importer(815301076,1909f56bfc062723c751e8b465ee728b) (PreviewImporter) -> (artifact id: '60f444a2cd3623d352d247974f858737') in 0.7022839 seconds
Number of updated asset objects reloaded before import = 0Number of asset objects unloaded after import = 6390

========================================================================
Received Import Request.
  Time since last request: 2.311927 seconds.
  path: Assets/Prefabs/SwordPlayer/SwordPlayer.prefab
  artifactKey: Guid(eecd6dd82ea47ea4ca76d9a2a6799528) Importer(815301076,1909f56bfc062723c751e8b465ee728b)
Start importing Assets/Prefabs/SwordPlayer/SwordPlayer.prefab using Guid(eecd6dd82ea47ea4ca76d9a2a6799528) Importer(815301076,1909f56bfc062723c751e8b465ee728b) (PreviewImporter) -> (artifact id: '2e13215b0f27505a5044b96ffcaab663') in 0.2399656 seconds
Number of updated asset objects reloaded before import = 0Number of asset objects unloaded after import = 6390

========================================================================
Received Import Request.
  Time since last request: 13.328500 seconds.
  path: Assets/Prefabs/Particles/BigFireball.prefab
  artifactKey: Guid(fb8d0bb737d939147bb7628745f01a76) Importer(815301076,1909f56bfc062723c751e8b465ee728b)
Start importing Assets/Prefabs/Particles/BigFireball.prefab using Guid(fb8d0bb737d939147bb7628745f01a76) Importer(815301076,1909f56bfc062723c751e8b465ee728b) (PreviewImporter) -> (artifact id: '0d393009a8177da4c14530be43acfb89') in 0.0266109 seconds
Number of updated asset objects reloaded before import = 0Number of asset objects unloaded after import = 122

========================================================================
Received Import Request.
  Time since last request: 0.000025 seconds.
  path: Assets/Prefabs/Particles/FX_StarStunned_01.prefab
  artifactKey: Guid(d58b9332a36a2a742b12366b94f467db) Importer(815301076,1909f56bfc062723c751e8b465ee728b)
Start importing Assets/Prefabs/Particles/FX_StarStunned_01.prefab using Guid(d58b9332a36a2a742b12366b94f467db) Importer(815301076,1909f56bfc062723c751e8b465ee728b) (PreviewImporter) -> (artifact id: '8efa1d89763bbc906978c417d4f146a3') in 0.0192889 seconds
Number of updated asset objects reloaded before import = 0Number of asset objects unloaded after import = 15

========================================================================
Received Import Request.
  Time since last request: 0.000040 seconds.
  path: Assets/Prefabs/Particles/ShardParent.prefab
  artifactKey: Guid(3e483d05b63c9e0439162a56eb196561) Importer(815301076,1909f56bfc062723c751e8b465ee728b)
Start importing Assets/Prefabs/Particles/ShardParent.prefab using Guid(3e483d05b63c9e0439162a56eb196561) Importer(815301076,1909f56bfc062723c751e8b465ee728b) (PreviewImporter) -> (artifact id: '02a461ae3f398069fcdf0cfdd9e4bada') in 0.0256612 seconds
Number of updated asset objects reloaded before import = 0Number of asset objects unloaded after import = 114

========================================================================
Received Import Request.
  Time since last request: 0.000022 seconds.
  path: Assets/Prefabs/Particles/FX_Cartoony_Jump_Up_01.prefab
  artifactKey: Guid(a4a0f97bb6455c74fa730d2477ada213) Importer(815301076,1909f56bfc062723c751e8b465ee728b)
Start importing Assets/Prefabs/Particles/FX_Cartoony_Jump_Up_01.prefab using Guid(a4a0f97bb6455c74fa730d2477ada213) Importer(815301076,1909f56bfc062723c751e8b465ee728b) (PreviewImporter) -> (artifact id: 'fde893797bb349fb461feedaf6c3a785') in 0.0903889 seconds
Number of updated asset objects reloaded before import = 0Number of asset objects unloaded after import = 24

========================================================================
Received Import Request.
  Time since last request: 0.000021 seconds.
  path: Assets/Prefabs/Particles/FireArrowParent.prefab
  artifactKey: Guid(c1d4839fe5f89934aa4eacda2653f076) Importer(815301076,1909f56bfc062723c751e8b465ee728b)
Start importing Assets/Prefabs/Particles/FireArrowParent.prefab using Guid(c1d4839fe5f89934aa4eacda2653f076) Importer(815301076,1909f56bfc062723c751e8b465ee728b) (PreviewImporter) -> (artifact id: 'db26826b5392fc2e76280d5fc02dfb5c') in 0.0166044 seconds
Number of updated asset objects reloaded before import = 0Number of asset objects unloaded after import = 43

========================================================================
Received Import Request.
  Time since last request: 0.000035 seconds.
  path: Assets/Prefabs/Particles/SHeavyNormal.prefab
  artifactKey: Guid(75748b9363a7ec74ebff798a066eedc7) Importer(815301076,1909f56bfc062723c751e8b465ee728b)
Start importing Assets/Prefabs/Particles/SHeavyNormal.prefab using Guid(75748b9363a7ec74ebff798a066eedc7) Importer(815301076,1909f56bfc062723c751e8b465ee728b) (PreviewImporter) -> (artifact id: '6738f7ff0f8eb082c0db7205e2d679fe') in 0.0211498 seconds
Number of updated asset objects reloaded before import = 0Number of asset objects unloaded after import = 62

========================================================================
Received Import Request.
  Time since last request: 0.000029 seconds.
  path: Assets/Prefabs/Particles/MedusaSlashParent.prefab
  artifactKey: Guid(c00312d21f8a94c41b15eab983d3eaca) Importer(815301076,1909f56bfc062723c751e8b465ee728b)
Start importing Assets/Prefabs/Particles/MedusaSlashParent.prefab using Guid(c00312d21f8a94c41b15eab983d3eaca) Importer(815301076,1909f56bfc062723c751e8b465ee728b) (PreviewImporter) -> (artifact id: '4b6a7b4159723d90bfad2e90cb2173a4') in 0.0197194 seconds
Number of updated asset objects reloaded before import = 0Number of asset objects unloaded after import = 41

========================================================================
Received Import Request.
  Time since last request: 0.000025 seconds.
  path: Assets/Prefabs/Particles/FX_LightningStrike_01.prefab
  artifactKey: Guid(d8f867f50a6c21d4ea719fc04d3c64ac) Importer(815301076,1909f56bfc062723c751e8b465ee728b)
Start importing Assets/Prefabs/Particles/FX_LightningStrike_01.prefab using Guid(d8f867f50a6c21d4ea719fc04d3c64ac) Importer(815301076,1909f56bfc062723c751e8b465ee728b) (PreviewImporter) -> (artifact id: 'aad1b7607fae3d62a82589852f28e239') in 0.0199153 seconds
Number of updated asset objects reloaded before import = 0Number of asset objects unloaded after import = 41

========================================================================
Received Import Request.
  Time since last request: 0.000024 seconds.
  path: Assets/Prefabs/Particles/FireballPrefab.prefab
  artifactKey: Guid(dd1a7f902ef509849be97721af8e2662) Importer(815301076,1909f56bfc062723c751e8b465ee728b)
Start importing Assets/Prefabs/Particles/FireballPrefab.prefab using Guid(dd1a7f902ef509849be97721af8e2662) Importer(815301076,1909f56bfc062723c751e8b465ee728b) (PreviewImporter) -> (artifact id: '96ced39af6826a846ccccc9f154ac0c7') in 0.0121173 seconds
Number of updated asset objects reloaded before import = 0Number of asset objects unloaded after import = 61

========================================================================
Received Import Request.
  Time since last request: 0.000022 seconds.
  path: Assets/Prefabs/Particles/SwordStabParent.prefab
  artifactKey: Guid(d02fbcdfad79fd341becf07f8ca138d0) Importer(815301076,1909f56bfc062723c751e8b465ee728b)
Start importing Assets/Prefabs/Particles/SwordStabParent.prefab using Guid(d02fbcdfad79fd341becf07f8ca138d0) Importer(815301076,1909f56bfc062723c751e8b465ee728b) (PreviewImporter) -> (artifact id: '535683fb4e6d481faa425c0e8200f554') in 0.0183406 seconds
Number of updated asset objects reloaded before import = 0Number of asset objects unloaded after import = 54

========================================================================
Received Import Request.
  Time since last request: 0.000022 seconds.
  path: Assets/Prefabs/Particles/FX_Direction_Arrows_02.prefab
  artifactKey: Guid(839e563bb7ce0f24586eaa4427b3396a) Importer(815301076,1909f56bfc062723c751e8b465ee728b)
Start importing Assets/Prefabs/Particles/FX_Direction_Arrows_02.prefab using Guid(839e563bb7ce0f24586eaa4427b3396a) Importer(815301076,1909f56bfc062723c751e8b465ee728b) (PreviewImporter) -> (artifact id: '84516f702358898976982f9f7c77a980') in 0.0150005 seconds
Number of updated asset objects reloaded before import = 0Number of asset objects unloaded after import = 8

========================================================================
Received Import Request.
  Time since last request: 0.000029 seconds.
  path: Assets/Prefabs/Particles/FX_StarStunned_02.prefab
  artifactKey: Guid(41995a820321a8949ade2d859a6c694c) Importer(815301076,1909f56bfc062723c751e8b465ee728b)
Start importing Assets/Prefabs/Particles/FX_StarStunned_02.prefab using Guid(41995a820321a8949ade2d859a6c694c) Importer(815301076,1909f56bfc062723c751e8b465ee728b) (PreviewImporter) -> (artifact id: '5dd173012a4ca4e29df3cc1aa9226008') in 0.0163119 seconds
Number of updated asset objects reloaded before import = 0Number of asset objects unloaded after import = 17

========================================================================
Received Import Request.
  Time since last request: 0.000032 seconds.
  path: Assets/Prefabs/Particles/GunSlash.prefab
  artifactKey: Guid(8791bd196eb6ea84f8b4388eafcabb12) Importer(815301076,1909f56bfc062723c751e8b465ee728b)
Start importing Assets/Prefabs/Particles/GunSlash.prefab using Guid(8791bd196eb6ea84f8b4388eafcabb12) Importer(815301076,1909f56bfc062723c751e8b465ee728b) (PreviewImporter) -> (artifact id: 'd540f9f7e2674df4c743437b04d44eee') in 0.0159462 seconds
Number of updated asset objects reloaded before import = 0Number of asset objects unloaded after import = 62

========================================================================
Received Import Request.
  Time since last request: 0.000022 seconds.
  path: Assets/Prefabs/Particles/FX_Smoke_Trail_Large_01.prefab
  artifactKey: Guid(0da2a680a6d4d034c8cf5a86da3428e5) Importer(815301076,1909f56bfc062723c751e8b465ee728b)
Start importing Assets/Prefabs/Particles/FX_Smoke_Trail_Large_01.prefab using Guid(0da2a680a6d4d034c8cf5a86da3428e5) Importer(815301076,1909f56bfc062723c751e8b465ee728b) (PreviewImporter) -> (artifact id: '3c7c44a5466ba85212e7d72a262d9d47') in 0.014187 seconds
Number of updated asset objects reloaded before import = 0Number of asset objects unloaded after import = 8

========================================================================
Received Import Request.
  Time since last request: 0.000022 seconds.
  path: Assets/Prefabs/Particles/GunSlashRight.prefab
  artifactKey: Guid(c554cc79b7318b94f93daefa58da1f74) Importer(815301076,1909f56bfc062723c751e8b465ee728b)
Start importing Assets/Prefabs/Particles/GunSlashRight.prefab using Guid(c554cc79b7318b94f93daefa58da1f74) Importer(815301076,1909f56bfc062723c751e8b465ee728b) (PreviewImporter) -> (artifact id: 'ace1d9b34d00bbe9c854e640849ab78e') in 0.0142005 seconds
Number of updated asset objects reloaded before import = 0Number of asset objects unloaded after import = 62

========================================================================
Received Import Request.
  Time since last request: 0.000022 seconds.
  path: Assets/Prefabs/Particles/SlashParent.prefab
  artifactKey: Guid(7b0d79c9b309fec4fad60998430a5de6) Importer(815301076,1909f56bfc062723c751e8b465ee728b)
Start importing Assets/Prefabs/Particles/SlashParent.prefab using Guid(7b0d79c9b309fec4fad60998430a5de6) Importer(815301076,1909f56bfc062723c751e8b465ee728b) (PreviewImporter) -> (artifact id: 'cc2462263932917246d1ec83fef71eeb') in 0.0152522 seconds
Number of updated asset objects reloaded before import = 0Number of asset objects unloaded after import = 17

========================================================================
Received Import Request.
  Time since last request: 0.000025 seconds.
  path: Assets/Prefabs/Particles/FX_MagicBlast_02.prefab
  artifactKey: Guid(92b3fc34c011ed5499d5e1349ff52f45) Importer(815301076,1909f56bfc062723c751e8b465ee728b)
Start importing Assets/Prefabs/Particles/FX_MagicBlast_02.prefab using Guid(92b3fc34c011ed5499d5e1349ff52f45) Importer(815301076,1909f56bfc062723c751e8b465ee728b) (PreviewImporter) -> (artifact id: '7713cfbd4db16f5e3e014622f96bc366') in 0.0171038 seconds
Number of updated asset objects reloaded before import = 0Number of asset objects unloaded after import = 14

========================================================================
Received Import Request.
  Time since last request: 18.563338 seconds.
  path: Assets/PolygonFantasyRivals/Prefabs/FX/Fire_Swirls_FX.prefab
  artifactKey: Guid(beec68ab187067c41a3cec4ca7ef96fd) Importer(815301076,1909f56bfc062723c751e8b465ee728b)
Start importing Assets/PolygonFantasyRivals/Prefabs/FX/Fire_Swirls_FX.prefab using Guid(beec68ab187067c41a3cec4ca7ef96fd) Importer(815301076,1909f56bfc062723c751e8b465ee728b) (PreviewImporter) -> (artifact id: 'c3075d8b39acfbb60944eda9b1fc9ab2') in 0.0199781 seconds
Number of updated asset objects reloaded before import = 0Number of asset objects unloaded after import = 9

========================================================================
Received Import Request.
  Time since last request: 0.000019 seconds.
  path: Assets/PolygonNature/Materials/Water/PolygonNature_Water_Swamp.mat
  artifactKey: Guid(374467a8ced5690499204f39d40992d9) Importer(815301076,1909f56bfc062723c751e8b465ee728b)
Start importing Assets/PolygonNature/Materials/Water/PolygonNature_Water_Swamp.mat using Guid(374467a8ced5690499204f39d40992d9) Importer(815301076,1909f56bfc062723c751e8b465ee728b) (PreviewImporter) -> (artifact id: '5fc43c9e60b79e161cd0940fd94b3a9a') in 0.0183807 seconds
Number of updated asset objects reloaded before import = 0Number of asset objects unloaded after import = 4

========================================================================
Received Import Request.
  Time since last request: 0.000023 seconds.
  path: Assets/PolygonNature/Models/SM_Tree_Swamp_03.fbx
  artifactKey: Guid(c04597d6c156c584db37b81904c592ba) Importer(815301076,1909f56bfc062723c751e8b465ee728b)
Start importing Assets/PolygonNature/Models/SM_Tree_Swamp_03.fbx using Guid(c04597d6c156c584db37b81904c592ba) Importer(815301076,1909f56bfc062723c751e8b465ee728b) (PreviewImporter) -> (artifact id: '2314c04e90e4182558b4aa7098581166') in 0.0271381 seconds
Number of updated asset objects reloaded before import = 0Number of asset objects unloaded after import = 7

========================================================================
Received Import Request.
  Time since last request: 0.000067 seconds.
  path: Assets/PolygonNature/Prefabs/Trees/SM_Tree_Swamp_Branch_02.prefab
  artifactKey: Guid(60f05752946316d429c9d510b1ad6c02) Importer(815301076,1909f56bfc062723c751e8b465ee728b)
Start importing Assets/PolygonNature/Prefabs/Trees/SM_Tree_Swamp_Branch_02.prefab using Guid(60f05752946316d429c9d510b1ad6c02) Importer(815301076,1909f56bfc062723c751e8b465ee728b) (PreviewImporter) -> (artifact id: 'a52b8e13f5b7f37a401a49d0600d8272') in 0.0229825 seconds
Number of updated asset objects reloaded before import = 0Number of asset objects unloaded after import = 12

========================================================================
Received Import Request.
  Time since last request: 0.000029 seconds.
  path: Assets/PolygonDungeon/Models/SM_Wep_Crystal_DoubleSword_01.fbx
  artifactKey: Guid(e2f77c2fb4cfd2d448dfde6939fd0c05) Importer(815301076,1909f56bfc062723c751e8b465ee728b)
Start importing Assets/PolygonDungeon/Models/SM_Wep_Crystal_DoubleSword_01.fbx using Guid(e2f77c2fb4cfd2d448dfde6939fd0c05) Importer(815301076,1909f56bfc062723c751e8b465ee728b) (PreviewImporter) -> (artifact id: '649b80fda2b204fca97e0bf372620c42') in 0.0255436 seconds
Number of updated asset objects reloaded before import = 0Number of asset objects unloaded after import = 7

========================================================================
Received Import Request.
  Time since last request: 0.000022 seconds.
  path: Assets/PolygonDungeon/Models/CollisionConvex/SM_Wep_GreatSword_01_Convex.asset
  artifactKey: Guid(12191d74a8b6572428669ff5211fff36) Importer(815301076,1909f56bfc062723c751e8b465ee728b)
Start importing Assets/PolygonDungeon/Models/CollisionConvex/SM_Wep_GreatSword_01_Convex.asset using Guid(12191d74a8b6572428669ff5211fff36) Importer(815301076,1909f56bfc062723c751e8b465ee728b) (PreviewImporter) -> (artifact id: 'a2dafb9bfaec7ac0c67467b86e7ee357') in 0.0179678 seconds
Number of updated asset objects reloaded before import = 0Number of asset objects unloaded after import = 3

========================================================================
Received Import Request.
  Time since last request: 0.000019 seconds.
  path: Assets/PolygonDungeon/Models/SM_Trap_Swing_Blade_Housing_01.fbx
  artifactKey: Guid(8e4a2ec0c45087147b6889f9c8778b00) Importer(815301076,1909f56bfc062723c751e8b465ee728b)
Start importing Assets/PolygonDungeon/Models/SM_Trap_Swing_Blade_Housing_01.fbx using Guid(8e4a2ec0c45087147b6889f9c8778b00) Importer(815301076,1909f56bfc062723c751e8b465ee728b) (PreviewImporter) -> (artifact id: '12bb8fcc7328b7264d9767640a943e63') in 0.0233918 seconds
Number of updated asset objects reloaded before import = 0Number of asset objects unloaded after import = 7

========================================================================
Received Import Request.
  Time since last request: 0.000022 seconds.
  path: Assets/PolygonNature/Models/SM_Tree_Swamp_Stump_01.fbx
  artifactKey: Guid(116be5c089e2fc741948f8fd4a2cdc64) Importer(815301076,1909f56bfc062723c751e8b465ee728b)
Start importing Assets/PolygonNature/Models/SM_Tree_Swamp_Stump_01.fbx using Guid(116be5c089e2fc741948f8fd4a2cdc64) Importer(815301076,1909f56bfc062723c751e8b465ee728b) (PreviewImporter) -> (artifact id: '7bde9e5455d5c90551f9e97a207e83de') in 0.0262683 seconds
Number of updated asset objects reloaded before import = 0Number of asset objects unloaded after import = 7

========================================================================
Received Import Request.
  Time since last request: 0.000024 seconds.
  path: Assets/PolygonParticleFX/Prefabs/FX_SwordStab_01.prefab
  artifactKey: Guid(16b154ffbfe6c5841b0a46456345a632) Importer(815301076,1909f56bfc062723c751e8b465ee728b)
Start importing Assets/PolygonParticleFX/Prefabs/FX_SwordStab_01.prefab using Guid(16b154ffbfe6c5841b0a46456345a632) Importer(815301076,1909f56bfc062723c751e8b465ee728b) (PreviewImporter) -> (artifact id: '9379ba32698121ed092110d0ae38456c') in 0.0222382 seconds
Number of updated asset objects reloaded before import = 0Number of asset objects unloaded after import = 26

========================================================================
Received Import Request.
  Time since last request: 0.000036 seconds.
  path: Assets/PolygonNature/Models/SM_Tree_Swamp_04.fbx
  artifactKey: Guid(7b32295276303c14ca8fd7268946cd7c) Importer(815301076,1909f56bfc062723c751e8b465ee728b)
Start importing Assets/PolygonNature/Models/SM_Tree_Swamp_04.fbx using Guid(7b32295276303c14ca8fd7268946cd7c) Importer(815301076,1909f56bfc062723c751e8b465ee728b) (PreviewImporter) -> (artifact id: '4fec7b73b3519c2246cf0f09b7218b00') in 0.0192928 seconds
Number of updated asset objects reloaded before import = 0Number of asset objects unloaded after import = 7

========================================================================
Received Import Request.
  Time since last request: 0.000028 seconds.
  path: Assets/PolygonNature/Models/SM_Tree_Swamp_Branch_01.fbx
  artifactKey: Guid(50f7b52394dbcf04bbf03a7bba74792a) Importer(815301076,1909f56bfc062723c751e8b465ee728b)
Start importing Assets/PolygonNature/Models/SM_Tree_Swamp_Branch_01.fbx using Guid(50f7b52394dbcf04bbf03a7bba74792a) Importer(815301076,1909f56bfc062723c751e8b465ee728b) (PreviewImporter) -> (artifact id: '14877597ed8f7e3b0c22e809c0a0cf12') in 0.0207395 seconds
Number of updated asset objects reloaded before import = 0Number of asset objects unloaded after import = 7

========================================================================
Received Import Request.
  Time since last request: 0.000025 seconds.
  path: Assets/PolygonDungeon/Models/CollisionConvex/SM_Trap_Swing_Blade_Housing_01_Convex.asset
  artifactKey: Guid(ac581e3d53abf624d893a37df4ad3212) Importer(815301076,1909f56bfc062723c751e8b465ee728b)
Start importing Assets/PolygonDungeon/Models/CollisionConvex/SM_Trap_Swing_Blade_Housing_01_Convex.asset using Guid(ac581e3d53abf624d893a37df4ad3212) Importer(815301076,1909f56bfc062723c751e8b465ee728b) (PreviewImporter) -> (artifact id: 'a3dc820d5713e506599da6278772aa63') in 0.0154562 seconds
Number of updated asset objects reloaded before import = 0Number of asset objects unloaded after import = 3

========================================================================
Received Import Request.
  Time since last request: 0.000022 seconds.
  path: Assets/PolygonParticleFX/Prefabs/FX_Swirl_03.prefab
  artifactKey: Guid(2cfd9cf3b1dc4ad489f9d2a7574d2463) Importer(815301076,1909f56bfc062723c751e8b465ee728b)
Start importing Assets/PolygonParticleFX/Prefabs/FX_Swirl_03.prefab using Guid(2cfd9cf3b1dc4ad489f9d2a7574d2463) Importer(815301076,1909f56bfc062723c751e8b465ee728b) (PreviewImporter) -> (artifact id: 'e6ae0b7a88d8fc6879328540b69e1af9') in 0.0157484 seconds
Number of updated asset objects reloaded before import = 0Number of asset objects unloaded after import = 15

========================================================================
Received Import Request.
  Time since last request: 0.000022 seconds.
  path: Assets/PolygonNature/Models/SM_Swamp_Root_02.fbx
  artifactKey: Guid(34be349698a070d4db54c41e746a3ea7) Importer(815301076,1909f56bfc062723c751e8b465ee728b)
Start importing Assets/PolygonNature/Models/SM_Swamp_Root_02.fbx using Guid(34be349698a070d4db54c41e746a3ea7) Importer(815301076,1909f56bfc062723c751e8b465ee728b) (PreviewImporter) -> (artifact id: '4d4a5a57a912091165b02e1cc65e5c3f') in 0.0178922 seconds
Number of updated asset objects reloaded before import = 0Number of asset objects unloaded after import = 7

========================================================================
Received Import Request.
  Time since last request: 0.000022 seconds.
  path: Assets/PolygonNature/Prefabs/Trees/SM_Tree_Swamp_04.prefab
  artifactKey: Guid(697aefc0d0375494ea083877ca3d94d2) Importer(815301076,1909f56bfc062723c751e8b465ee728b)
Start importing Assets/PolygonNature/Prefabs/Trees/SM_Tree_Swamp_04.prefab using Guid(697aefc0d0375494ea083877ca3d94d2) Importer(815301076,1909f56bfc062723c751e8b465ee728b) (PreviewImporter) -> (artifact id: '6898796a880daa3e12903676d227bfe0') in 0.0145749 seconds
Number of updated asset objects reloaded before import = 0Number of asset objects unloaded after import = 12

========================================================================
Received Import Request.
  Time since last request: 0.000028 seconds.
  path: Assets/PolygonDungeon/Prefabs/Weapons/SM_Wep_Straightsword_01.prefab
  artifactKey: Guid(92cd70a481699ac4b93380dc1184f864) Importer(815301076,1909f56bfc062723c751e8b465ee728b)
Start importing Assets/PolygonDungeon/Prefabs/Weapons/SM_Wep_Straightsword_01.prefab using Guid(92cd70a481699ac4b93380dc1184f864) Importer(815301076,1909f56bfc062723c751e8b465ee728b) (PreviewImporter) -> (artifact id: '084e662de4bef0ebf09294bcb4ef7eee') in 0.020213 seconds
Number of updated asset objects reloaded before import = 0Number of asset objects unloaded after import = 13

========================================================================
Received Import Request.
  Time since last request: 0.000021 seconds.
  path: Assets/PolygonFantasyHeroCharacters/Models/Weapons/SM_Wep_Sword_Small_Cover_01.fbx
  artifactKey: Guid(f27bf172a5b3c624cb1156921212d2a0) Importer(815301076,1909f56bfc062723c751e8b465ee728b)
Start importing Assets/PolygonFantasyHeroCharacters/Models/Weapons/SM_Wep_Sword_Small_Cover_01.fbx using Guid(f27bf172a5b3c624cb1156921212d2a0) Importer(815301076,1909f56bfc062723c751e8b465ee728b) (PreviewImporter) -> (artifact id: '9d98f756072b07e7587ee1e07a2aaa36') in 0.0213155 seconds
Number of updated asset objects reloaded before import = 0Number of asset objects unloaded after import = 7

========================================================================
Received Import Request.
  Time since last request: 0.000020 seconds.
  path: Assets/PolygonFantasyHeroCharacters/Prefabs/Weapons/SM_Wep_Sword_Small_01.prefab
  artifactKey: Guid(0a5d9b51542336948b7d2a699f71cd8c) Importer(815301076,1909f56bfc062723c751e8b465ee728b)
Start importing Assets/PolygonFantasyHeroCharacters/Prefabs/Weapons/SM_Wep_Sword_Small_01.prefab using Guid(0a5d9b51542336948b7d2a699f71cd8c) Importer(815301076,1909f56bfc062723c751e8b465ee728b) (PreviewImporter) -> (artifact id: '98cb832e410fb956f0fe4f2df7e6cab7') in 0.0186079 seconds
Number of updated asset objects reloaded before import = 0Number of asset objects unloaded after import = 22

========================================================================
Received Import Request.
  Time since last request: 0.000025 seconds.
  path: Assets/PolygonPirates/Models/SM_Wep_Shortsword_01_Sheath_Convex.asset
  artifactKey: Guid(03175fdf3c6be5a47b9f6670105ae9a4) Importer(815301076,1909f56bfc062723c751e8b465ee728b)
Start importing Assets/PolygonPirates/Models/SM_Wep_Shortsword_01_Sheath_Convex.asset using Guid(03175fdf3c6be5a47b9f6670105ae9a4) Importer(815301076,1909f56bfc062723c751e8b465ee728b) (PreviewImporter) -> (artifact id: 'e267caf7b60968117769b8ae99c6230c') in 0.014674 seconds
Number of updated asset objects reloaded before import = 0Number of asset objects unloaded after import = 3

========================================================================
Received Import Request.
  Time since last request: 0.000063 seconds.
  path: Assets/PolygonFantasyHeroCharacters/Prefabs/Weapons/SM_Wep_Sword_Rapier_01.prefab
  artifactKey: Guid(1a66284f93ee5da4faa156902261b154) Importer(815301076,1909f56bfc062723c751e8b465ee728b)
Start importing Assets/PolygonFantasyHeroCharacters/Prefabs/Weapons/SM_Wep_Sword_Rapier_01.prefab using Guid(1a66284f93ee5da4faa156902261b154) Importer(815301076,1909f56bfc062723c751e8b465ee728b) (PreviewImporter) -> (artifact id: '67ad39716a91f4cc75d04404bc42c0fc') in 0.0157289 seconds
Number of updated asset objects reloaded before import = 0Number of asset objects unloaded after import = 22

========================================================================
Received Import Request.
  Time since last request: 0.000025 seconds.
  path: Assets/PolygonDungeon/Prefabs/Weapons/SM_Wep_GreatSword_01.prefab
  artifactKey: Guid(630627b9fd11d4340a42d44621ddcfa7) Importer(815301076,1909f56bfc062723c751e8b465ee728b)
Start importing Assets/PolygonDungeon/Prefabs/Weapons/SM_Wep_GreatSword_01.prefab using Guid(630627b9fd11d4340a42d44621ddcfa7) Importer(815301076,1909f56bfc062723c751e8b465ee728b) (PreviewImporter) -> (artifact id: '7f4528ae82c7c58a126ca7eb014c8c47') in 0.0201904 seconds
Number of updated asset objects reloaded before import = 0Number of asset objects unloaded after import = 13

========================================================================
Received Import Request.
  Time since last request: 0.000030 seconds.
  path: Assets/PolygonNature/Textures/Grass_Textures/GrassWheat.png
  artifactKey: Guid(1e3507b60537a794d92e0d7ebf9a0f7e) Importer(815301076,1909f56bfc062723c751e8b465ee728b)
Start importing Assets/PolygonNature/Textures/Grass_Textures/GrassWheat.png using Guid(1e3507b60537a794d92e0d7ebf9a0f7e) Importer(815301076,1909f56bfc062723c751e8b465ee728b) (PreviewImporter) -> (artifact id: 'f080c5b65f3c287bb6862d58e4aab7e5') in 0.0240366 seconds
Number of updated asset objects reloaded before import = 0Number of asset objects unloaded after import = 2

========================================================================
Received Import Request.
  Time since last request: 0.000019 seconds.
  path: Assets/PolygonNature/Prefabs/Trees/SM_Tree_Swamp_Branch_01.prefab
  artifactKey: Guid(9bc7d92e5ed8a9e46add7f7fd0045c16) Importer(815301076,1909f56bfc062723c751e8b465ee728b)
Start importing Assets/PolygonNature/Prefabs/Trees/SM_Tree_Swamp_Branch_01.prefab using Guid(9bc7d92e5ed8a9e46add7f7fd0045c16) Importer(815301076,1909f56bfc062723c751e8b465ee728b) (PreviewImporter) -> (artifact id: 'beee1a8efc413248286a248afce4cd15') in 0.0208755 seconds
Number of updated asset objects reloaded before import = 0Number of asset objects unloaded after import = 11

========================================================================
Received Import Request.
  Time since last request: 0.000020 seconds.
  path: Assets/PolygonPirates/Prefabs/Weapons/SM_Wep_Shortsword_02.prefab
  artifactKey: Guid(2257b8e9e5285ef4dbf2d3cecab0309f) Importer(815301076,1909f56bfc062723c751e8b465ee728b)
Start importing Assets/PolygonPirates/Prefabs/Weapons/SM_Wep_Shortsword_02.prefab using Guid(2257b8e9e5285ef4dbf2d3cecab0309f) Importer(815301076,1909f56bfc062723c751e8b465ee728b) (PreviewImporter) -> (artifact id: 'f0ff25a901d71df57fe44206cad7fc6b') in 0.0181517 seconds
Number of updated asset objects reloaded before import = 0Number of asset objects unloaded after import = 12

========================================================================
Received Import Request.
  Time since last request: 0.000021 seconds.
  path: Assets/PolygonNature/Prefabs/Terrain/SM_Terrain_Swamp_Growth_02.prefab
  artifactKey: Guid(1741dbfc2602f4049a50662878927717) Importer(815301076,1909f56bfc062723c751e8b465ee728b)
Start importing Assets/PolygonNature/Prefabs/Terrain/SM_Terrain_Swamp_Growth_02.prefab using Guid(1741dbfc2602f4049a50662878927717) Importer(815301076,1909f56bfc062723c751e8b465ee728b) (PreviewImporter) -> (artifact id: 'c1d34dcfd8fdcf7d183c05c1ead80e80') in 0.0188806 seconds
Number of updated asset objects reloaded before import = 0Number of asset objects unloaded after import = 9

========================================================================
Received Import Request.
  Time since last request: 0.000027 seconds.
  path: Assets/PolygonPirates/Models/SM_Wep_Shortsword_01_Sheath.fbx
  artifactKey: Guid(5c0751e5ca2c76f43b52665b11165e91) Importer(815301076,1909f56bfc062723c751e8b465ee728b)
Start importing Assets/PolygonPirates/Models/SM_Wep_Shortsword_01_Sheath.fbx using Guid(5c0751e5ca2c76f43b52665b11165e91) Importer(815301076,1909f56bfc062723c751e8b465ee728b) (PreviewImporter) -> (artifact id: '96d770a780540929d0e9ae8611789010') in 0.0186324 seconds
Number of updated asset objects reloaded before import = 0Number of asset objects unloaded after import = 7

========================================================================
Received Import Request.
  Time since last request: 0.000042 seconds.
  path: Assets/PolygonDungeon/Prefabs/Weapons/SM_Wep_Crystal_DoubleSword_01.prefab
  artifactKey: Guid(6d137d44990918a48bfc447d3dda3796) Importer(815301076,1909f56bfc062723c751e8b465ee728b)
Start importing Assets/PolygonDungeon/Prefabs/Weapons/SM_Wep_Crystal_DoubleSword_01.prefab using Guid(6d137d44990918a48bfc447d3dda3796) Importer(815301076,1909f56bfc062723c751e8b465ee728b) (PreviewImporter) -> (artifact id: 'fe1ea8f64fc3dd9254e783ddcdf8b0c9') in 0.0223296 seconds
Number of updated asset objects reloaded before import = 0Number of asset objects unloaded after import = 13

========================================================================
Received Import Request.
  Time since last request: 0.000023 seconds.
  path: Assets/PolygonNature/Materials/Leaves/PolygonNature_Leaves_Willow_Swamp.mat
  artifactKey: Guid(f90b3cdeb5d46c04eb2f0cf9f44881d0) Importer(815301076,1909f56bfc062723c751e8b465ee728b)
Start importing Assets/PolygonNature/Materials/Leaves/PolygonNature_Leaves_Willow_Swamp.mat using Guid(f90b3cdeb5d46c04eb2f0cf9f44881d0) Importer(815301076,1909f56bfc062723c751e8b465ee728b) (PreviewImporter) -> (artifact id: '06bfe5f20a5e8e4588365bd1831eedfa') in 0.0094871 seconds
Number of updated asset objects reloaded before import = 0Number of asset objects unloaded after import = 5

========================================================================
Received Import Request.
  Time since last request: 0.000024 seconds.
  path: Assets/PolygonDungeon/Prefabs/Weapons/SM_Wep_Crystal_Ornate_Straightsword_01.prefab
  artifactKey: Guid(11b84f6e8e1190b46b3d40c72c9fe522) Importer(815301076,1909f56bfc062723c751e8b465ee728b)
Start importing Assets/PolygonDungeon/Prefabs/Weapons/SM_Wep_Crystal_Ornate_Straightsword_01.prefab using Guid(11b84f6e8e1190b46b3d40c72c9fe522) Importer(815301076,1909f56bfc062723c751e8b465ee728b) (PreviewImporter) -> (artifact id: '2c60d6b5925db8b18529ebcaec674b59') in 0.0235129 seconds
Number of updated asset objects reloaded before import = 0Number of asset objects unloaded after import = 13

========================================================================
Received Import Request.
  Time since last request: 0.000022 seconds.
  path: Assets/PolygonParticleFX/Prefabs/FX_SwordSlash_01.prefab
  artifactKey: Guid(1f8b293f4d55bbc418cffe1b7505d6ed) Importer(815301076,1909f56bfc062723c751e8b465ee728b)
Start importing Assets/PolygonParticleFX/Prefabs/FX_SwordSlash_01.prefab using Guid(1f8b293f4d55bbc418cffe1b7505d6ed) Importer(815301076,1909f56bfc062723c751e8b465ee728b) (PreviewImporter) -> (artifact id: '72642e0896c332a06f1b6c93a47c29c8') in 0.0204045 seconds
Number of updated asset objects reloaded before import = 0Number of asset objects unloaded after import = 30

========================================================================
Received Import Request.
  Time since last request: 0.000030 seconds.
  path: Assets/PolygonNature/Prefabs/Trees/SM_Tree_Swamp_Root_02.prefab
  artifactKey: Guid(bb290a0b717f64745a51c2cb09e3f113) Importer(815301076,1909f56bfc062723c751e8b465ee728b)
Start importing Assets/PolygonNature/Prefabs/Trees/SM_Tree_Swamp_Root_02.prefab using Guid(bb290a0b717f64745a51c2cb09e3f113) Importer(815301076,1909f56bfc062723c751e8b465ee728b) (PreviewImporter) -> (artifact id: '17e1aeea5fa3a4030a7720730f2f1a1b') in 0.5515933 seconds
Number of updated asset objects reloaded before import = 0Number of asset objects unloaded after import = 9

========================================================================
Received Import Request.
  Time since last request: 0.000044 seconds.
  path: Assets/PolygonFantasyHeroCharacters/Models/Weapons/SM_Wep_Sword_Large_01.fbx
  artifactKey: Guid(8c62a730971cc934c88a622c7237487c) Importer(815301076,1909f56bfc062723c751e8b465ee728b)
Start importing Assets/PolygonFantasyHeroCharacters/Models/Weapons/SM_Wep_Sword_Large_01.fbx using Guid(8c62a730971cc934c88a622c7237487c) Importer(815301076,1909f56bfc062723c751e8b465ee728b) (PreviewImporter) -> (artifact id: '675896337e09bfa9fbb070dc6d9cca4f') in 0.0172911 seconds
Number of updated asset objects reloaded before import = 0Number of asset objects unloaded after import = 7

========================================================================
Received Import Request.
  Time since last request: 0.000037 seconds.
  path: Assets/PolygonParticleFX/Materials/PolygonParticleFX_Swipe_Grid.mat
  artifactKey: Guid(292c23ebfcf66194caae3b5650a6e98b) Importer(815301076,1909f56bfc062723c751e8b465ee728b)
Start importing Assets/PolygonParticleFX/Materials/PolygonParticleFX_Swipe_Grid.mat using Guid(292c23ebfcf66194caae3b5650a6e98b) Importer(815301076,1909f56bfc062723c751e8b465ee728b) (PreviewImporter) -> (artifact id: '2fc76d140c421e783c2976731c869427') in 0.0164421 seconds
Number of updated asset objects reloaded before import = 0Number of asset objects unloaded after import = 3

========================================================================
Received Import Request.
  Time since last request: 0.000019 seconds.
  path: Assets/PolygonDungeon/Prefabs/Environments/Misc/SM_Trap_Swing_Blade_01.prefab
  artifactKey: Guid(e8b9a4d72f4c1c34b8c3ac48656dc0a3) Importer(815301076,1909f56bfc062723c751e8b465ee728b)
Start importing Assets/PolygonDungeon/Prefabs/Environments/Misc/SM_Trap_Swing_Blade_01.prefab using Guid(e8b9a4d72f4c1c34b8c3ac48656dc0a3) Importer(815301076,1909f56bfc062723c751e8b465ee728b) (PreviewImporter) -> (artifact id: '5180cd1870cb51ce3d566b82afa83d5a') in 0.023468 seconds
Number of updated asset objects reloaded before import = 0Number of asset objects unloaded after import = 15

========================================================================
Received Import Request.
  Time since last request: 0.000023 seconds.
  path: Assets/PolygonFantasyHeroCharacters/Models/Weapons/SM_Wep_Sword_Rapier_Cover_01.fbx
  artifactKey: Guid(0e8dc1afe3496204ea36bf15291cc425) Importer(815301076,1909f56bfc062723c751e8b465ee728b)
Start importing Assets/PolygonFantasyHeroCharacters/Models/Weapons/SM_Wep_Sword_Rapier_Cover_01.fbx using Guid(0e8dc1afe3496204ea36bf15291cc425) Importer(815301076,1909f56bfc062723c751e8b465ee728b) (PreviewImporter) -> (artifact id: 'b689b68b884036d21eeff9aa6b77eb32') in 0.017613 seconds
Number of updated asset objects reloaded before import = 0Number of asset objects unloaded after import = 7

========================================================================
Received Import Request.
  Time since last request: 0.000021 seconds.
  path: Assets/PolygonDungeon/Models/SM_Wep_BrokenSword_01.fbx
  artifactKey: Guid(39047e10d197b034eae1d4bc4f90313f) Importer(815301076,1909f56bfc062723c751e8b465ee728b)
Start importing Assets/PolygonDungeon/Models/SM_Wep_BrokenSword_01.fbx using Guid(39047e10d197b034eae1d4bc4f90313f) Importer(815301076,1909f56bfc062723c751e8b465ee728b) (PreviewImporter) -> (artifact id: '80120c6e553e4f2805d688e99eb22ebb') in 0.0147234 seconds
Number of updated asset objects reloaded before import = 0Number of asset objects unloaded after import = 7

