Using pre-set license
Built from '6000.0/staging' branch; Version is '6000.0.32f1 (b2e806cf271c) revision 11724806'; Using compiler version '193933523'; Build Type 'Release'
OS: 'Windows 11  (10.0.26100) 64bit Core' Language: 'en' Physical Memory: 32694 MB
BatchMode: 1, IsHumanControllingUs: 0, StartBugReporterOnCrash: 0, Is64bit: 1, IsPro: 1

COMMAND LINE ARGUMENTS:
C:\Program Files\Unity\Hub\Editor\6000.0.32f1\Editor\Unity.exe
-adb2
-batchMode
-noUpm
-name
AssetImportWorker4
-projectPath
C:/Users/calcr/Documents/GitHub/Fight-Knights/Fight Knights
-logFile
Logs/AssetImportWorker4.log
-srvPort
58358
-job-worker-count
7
-background-job-worker-count
8
-gc-helper-count
1
Successfully changed project path to: C:/Users/calcr/Documents/GitHub/Fight-Knights/Fight Knights
C:/Users/calcr/Documents/GitHub/Fight-Knights/Fight Knights
[UnityMemory] Configuration Parameters - Can be set up in boot.config
    "memorysetup-bucket-allocator-granularity=16"
    "memorysetup-bucket-allocator-bucket-count=8"
    "memorysetup-bucket-allocator-block-size=33554432"
    "memorysetup-bucket-allocator-block-count=8"
    "memorysetup-main-allocator-block-size=16777216"
    "memorysetup-thread-allocator-block-size=16777216"
    "memorysetup-gfx-main-allocator-block-size=16777216"
    "memorysetup-gfx-thread-allocator-block-size=16777216"
    "memorysetup-cache-allocator-block-size=4194304"
    "memorysetup-typetree-allocator-block-size=2097152"
    "memorysetup-profiler-bucket-allocator-granularity=16"
    "memorysetup-profiler-bucket-allocator-bucket-count=8"
    "memorysetup-profiler-bucket-allocator-block-size=33554432"
    "memorysetup-profiler-bucket-allocator-block-count=8"
    "memorysetup-profiler-allocator-block-size=16777216"
    "memorysetup-profiler-editor-allocator-block-size=1048576"
    "memorysetup-temp-allocator-size-main=16777216"
    "memorysetup-job-temp-allocator-block-size=2097152"
    "memorysetup-job-temp-allocator-block-size-background=1048576"
    "memorysetup-job-temp-allocator-reduction-small-platforms=262144"
    "memorysetup-allocator-temp-initial-block-size-main=262144"
    "memorysetup-allocator-temp-initial-block-size-worker=262144"
    "memorysetup-temp-allocator-size-background-worker=32768"
    "memorysetup-temp-allocator-size-job-worker=262144"
    "memorysetup-temp-allocator-size-preload-manager=33554432"
    "memorysetup-temp-allocator-size-nav-mesh-worker=65536"
    "memorysetup-temp-allocator-size-audio-worker=65536"
    "memorysetup-temp-allocator-size-cloud-worker=32768"
    "memorysetup-temp-allocator-size-gi-baking-worker=262144"
    "memorysetup-temp-allocator-size-gi-baking-worker=262144"
    "memorysetup-temp-allocator-size-gi-baking-worker=262144"
    "memorysetup-temp-allocator-size-gi-baking-worker=262144"
    "memorysetup-temp-allocator-size-gi-baking-worker=262144"
    "memorysetup-temp-allocator-size-gfx=262144"
Player connection [13088]  Target information:

Player connection [13088]  * "[IP] 192.168.0.35 [Port] 0 [Flags] 2 [Guid] 2106531182 [EditorId] 2106531182 [Version] 1048832 [Id] WindowsEditor(7,Calvins) [Debug] 1 [PackageName] WindowsEditor [ProjectName] Editor" 

Player connection [13088] Host joined multi-casting on [225.0.0.222:54997]...
Player connection [13088] Host joined alternative multi-casting on [225.0.0.222:34997]...
JobSystem: Creating JobQueue using job-worker-count value 7
[Physics::Module] Initialized fallback backend.
[Physics::Module] Id: 0xdecafbad
Library Redirect Path: Library/
[Physics::Module] Selected backend.
[Physics::Module] Name: PhysX
[Physics::Module] Id: 0xf2b8ea05
[Physics::Module] SDK Version: 4.1.2
[Physics::Module] Integration Version: 1.0.0
[Physics::Module] Threading Mode: Multi-Threaded
Refreshing native plugins compatible for Editor in 1.48 ms, found 2 plugins.
Preloading 0 native plugins for Editor in 0.00 ms.
Initialize engine version: 6000.0.32f1 (b2e806cf271c)
[Subsystems] Discovering subsystems at path C:/Program Files/Unity/Hub/Editor/6000.0.32f1/Editor/Data/Resources/UnitySubsystems
[Subsystems] Discovering subsystems at path C:/Users/calcr/Documents/GitHub/Fight-Knights/Fight Knights/Assets
GfxDevice: creating device client; kGfxThreadingModeNonThreaded
Direct3D:
    Version:  Direct3D 11.0 [level 11.1]
    Renderer: NVIDIA GeForce RTX 3080 Ti (ID=0x2208)
    Vendor:   NVIDIA
    VRAM:     12086 MB
    Driver:   32.0.15.6636
Initialize mono
Mono path[0] = 'C:/Program Files/Unity/Hub/Editor/6000.0.32f1/Editor/Data/Managed'
Mono path[1] = 'C:/Program Files/Unity/Hub/Editor/6000.0.32f1/Editor/Data/MonoBleedingEdge/lib/mono/unityjit-win32'
Mono config path = 'C:/Program Files/Unity/Hub/Editor/6000.0.32f1/Editor/Data/MonoBleedingEdge/etc'
Using monoOptions --debugger-agent=transport=dt_socket,embedding=1,server=y,suspend=n,address=127.0.0.1:56896
Begin MonoManager ReloadAssembly
Registering precompiled unity dll's ...
Register platform support module: C:/Program Files/Unity/Hub/Editor/6000.0.32f1/Editor/Data/PlaybackEngines/WebGLSupport/UnityEditor.WebGL.Extensions.dll
Register platform support module: C:/Program Files/Unity/Hub/Editor/6000.0.32f1/Editor/Data/PlaybackEngines/WindowsStandaloneSupport/UnityEditor.WindowsStandalone.Extensions.dll
Register platform support module: C:/Program Files/Unity/Hub/Editor/6000.0.32f1/Editor/Data/PlaybackEngines/AndroidPlayer/UnityEditor.Android.Extensions.dll
Register platform support module: C:/Program Files/Unity/Hub/Editor/6000.0.32f1/Editor/Data/PlaybackEngines/iOSSupport/UnityEditor.iOS.Extensions.dll
Register platform support module: C:/Program Files/Unity/Hub/Editor/6000.0.32f1/Editor/Data/PlaybackEngines/LinuxStandaloneSupport/UnityEditor.LinuxStandalone.Extensions.dll
Registered in 0.006588 seconds.
- Loaded All Assemblies, in  0.378 seconds
Native extension for LinuxStandalone target not found
[usbmuxd] Start listen thread
[usbmuxd] Listen thread started
Native extension for iOS target not found
Native extension for Android target not found
Android Extension - Scanning For ADB Devices 244 ms
Native extension for WindowsStandalone target not found
Native extension for WebGL target not found
Mono: successfully reloaded assembly
- Finished resetting the current domain, in  0.605 seconds
Domain Reload Profiling: 981ms
	BeginReloadAssembly (113ms)
		ExecutionOrderSort (0ms)
		DisableScriptedObjects (0ms)
		BackupInstance (0ms)
		ReleaseScriptingObjects (0ms)
		CreateAndSetChildDomain (1ms)
	RebuildCommonClasses (36ms)
	RebuildNativeTypeToScriptingClass (12ms)
	initialDomainReloadingComplete (48ms)
	LoadAllAssembliesAndSetupDomain (166ms)
		LoadAssemblies (111ms)
		RebuildTransferFunctionScriptingTraits (0ms)
		AnalyzeDomain (163ms)
			TypeCache.Refresh (161ms)
				TypeCache.ScanAssembly (145ms)
			BuildScriptInfoCaches (0ms)
			ResolveRequiredComponents (0ms)
	FinalizeReload (605ms)
		ReleaseScriptCaches (0ms)
		RebuildScriptCaches (0ms)
		SetupLoadedEditorAssemblies (565ms)
			LogAssemblyErrors (0ms)
			InitializePlatformSupportModulesInManaged (350ms)
			SetLoadedEditorAssemblies (3ms)
			BeforeProcessingInitializeOnLoad (46ms)
			ProcessInitializeOnLoadAttributes (110ms)
			ProcessInitializeOnLoadMethodAttributes (56ms)
			AfterProcessingInitializeOnLoad (0ms)
			EditorAssembliesLoaded (0ms)
		ExecutionOrderSort2 (0ms)
		AwakeInstancesAfterBackupRestoration (0ms)
========================================================================
Worker process is ready to serve import requests
Import Worker Mode flag is 0x00
Begin MonoManager ReloadAssembly
- Loaded All Assemblies, in  0.665 seconds
Refreshing native plugins compatible for Editor in 0.82 ms, found 2 plugins.
Native extension for LinuxStandalone target not found
Native extension for iOS target not found
Native extension for Android target not found
Native extension for WindowsStandalone target not found
Native extension for WebGL target not found
Mono: successfully reloaded assembly
- Finished resetting the current domain, in  0.687 seconds
Domain Reload Profiling: 1347ms
	BeginReloadAssembly (154ms)
		ExecutionOrderSort (0ms)
		DisableScriptedObjects (6ms)
		BackupInstance (0ms)
		ReleaseScriptingObjects (0ms)
		CreateAndSetChildDomain (28ms)
	RebuildCommonClasses (35ms)
	RebuildNativeTypeToScriptingClass (12ms)
	initialDomainReloadingComplete (35ms)
	LoadAllAssembliesAndSetupDomain (424ms)
		LoadAssemblies (309ms)
		RebuildTransferFunctionScriptingTraits (0ms)
		AnalyzeDomain (205ms)
			TypeCache.Refresh (146ms)
				TypeCache.ScanAssembly (131ms)
			BuildScriptInfoCaches (47ms)
			ResolveRequiredComponents (9ms)
	FinalizeReload (688ms)
		ReleaseScriptCaches (0ms)
		RebuildScriptCaches (0ms)
		SetupLoadedEditorAssemblies (546ms)
			LogAssemblyErrors (0ms)
			InitializePlatformSupportModulesInManaged (17ms)
			SetLoadedEditorAssemblies (4ms)
			BeforeProcessingInitializeOnLoad (92ms)
			ProcessInitializeOnLoadAttributes (357ms)
			ProcessInitializeOnLoadMethodAttributes (70ms)
			AfterProcessingInitializeOnLoad (6ms)
			EditorAssembliesLoaded (0ms)
		ExecutionOrderSort2 (0ms)
		AwakeInstancesAfterBackupRestoration (6ms)
Launched and connected shader compiler UnityShaderCompiler.exe after 0.01 seconds
Refreshing native plugins compatible for Editor in 1.21 ms, found 2 plugins.
Preloading 0 native plugins for Editor in 0.00 ms.
Unloading 227 Unused Serialized files (Serialized files now loaded: 0)
Unloading 4505 unused Assets / (3.9 MB). Loaded Objects now: 5213.
Memory consumption went from 170.3 MB to 166.4 MB.
Total: 9.915800 ms (FindLiveObjects: 0.705900 ms CreateObjectMapping: 0.552100 ms MarkObjects: 6.181400 ms  DeleteObjects: 2.474500 ms)

========================================================================
Received Import Request.
  Time since last request: 698014.520248 seconds.
  path: Assets/PolygonMini_Fantasy/Materials
  artifactKey: Guid(d211d37670e5b2945a43d5fdd06b60e5) Importer(815301076,1909f56bfc062723c751e8b465ee728b)
Start importing Assets/PolygonMini_Fantasy/Materials using Guid(d211d37670e5b2945a43d5fdd06b60e5) Importer(815301076,1909f56bfc062723c751e8b465ee728b) (PreviewImporter) -> (artifact id: '2eceaab7585d8245879f0326276057a1') in 0.004758 seconds
Number of updated asset objects reloaded before import = 0Number of asset objects unloaded after import = 0

========================================================================
Received Import Request.
  Time since last request: 0.032454 seconds.
  path: Assets/PolygonMini_Fantasy/Materials/Background_01.mat
  artifactKey: Guid(c1addfde6bc90934bbbbd882e53130a5) Importer(815301076,1909f56bfc062723c751e8b465ee728b)
Start importing Assets/PolygonMini_Fantasy/Materials/Background_01.mat using Guid(c1addfde6bc90934bbbbd882e53130a5) Importer(815301076,1909f56bfc062723c751e8b465ee728b) (PreviewImporter) -> (artifact id: 'c02eec7452aa5a2ba7a4be569b780972') in 0.4065626 seconds
Number of updated asset objects reloaded before import = 0Number of asset objects unloaded after import = 1

========================================================================
Received Import Request.
  Time since last request: 0.000033 seconds.
  path: Assets/PolygonMini_Fantasy/Materials/FX_Poof.mat
  artifactKey: Guid(30fe55f5e28a70046859a549dc453f98) Importer(815301076,1909f56bfc062723c751e8b465ee728b)
Start importing Assets/PolygonMini_Fantasy/Materials/FX_Poof.mat using Guid(30fe55f5e28a70046859a549dc453f98) Importer(815301076,1909f56bfc062723c751e8b465ee728b) (PreviewImporter) -> (artifact id: 'f9ca3e774529a7294670390e50786da3') in 0.0192641 seconds
Number of updated asset objects reloaded before import = 0Number of asset objects unloaded after import = 1

========================================================================
Received Import Request.
  Time since last request: 0.000033 seconds.
  path: Assets/PolygonMini_Fantasy/Materials/Mountains_02.mat
  artifactKey: Guid(92f57c894c6b17244b984fc76299328a) Importer(815301076,1909f56bfc062723c751e8b465ee728b)
Start importing Assets/PolygonMini_Fantasy/Materials/Mountains_02.mat using Guid(92f57c894c6b17244b984fc76299328a) Importer(815301076,1909f56bfc062723c751e8b465ee728b) (PreviewImporter) -> (artifact id: '98970b269b091f7fc054d6159d0d7635') in 0.0068821 seconds
Number of updated asset objects reloaded before import = 0Number of asset objects unloaded after import = 1

========================================================================
Received Import Request.
  Time since last request: 0.000022 seconds.
  path: Assets/PolygonMini_Fantasy/Materials/FX_Ring.mat
  artifactKey: Guid(4e019fcf2b2348743a3284e4c3b505e0) Importer(815301076,1909f56bfc062723c751e8b465ee728b)
Start importing Assets/PolygonMini_Fantasy/Materials/FX_Ring.mat using Guid(4e019fcf2b2348743a3284e4c3b505e0) Importer(815301076,1909f56bfc062723c751e8b465ee728b) (PreviewImporter) -> (artifact id: '9115d63be562b5bcb7879ad5732c8de2') in 0.0148741 seconds
Number of updated asset objects reloaded before import = 0Number of asset objects unloaded after import = 2

========================================================================
Received Import Request.
  Time since last request: 0.000024 seconds.
  path: Assets/PolygonMini_Fantasy/Materials/Props_Overlay.mat
  artifactKey: Guid(eaf567fbce0f0ae43aec80d3bb6f3c18) Importer(815301076,1909f56bfc062723c751e8b465ee728b)
Start importing Assets/PolygonMini_Fantasy/Materials/Props_Overlay.mat using Guid(eaf567fbce0f0ae43aec80d3bb6f3c18) Importer(815301076,1909f56bfc062723c751e8b465ee728b) (PreviewImporter) -> (artifact id: '02fbef60d3054a988d2b437d5e1e02e1') in 0.0075665 seconds
Number of updated asset objects reloaded before import = 0Number of asset objects unloaded after import = 2

========================================================================
Received Import Request.
  Time since last request: 0.000041 seconds.
  path: Assets/PolygonMini_Fantasy/Materials/PolygonMinis_Fantasy_06.mat
  artifactKey: Guid(b62ce8a0fd53b7d48853bb1e75a94b2a) Importer(815301076,1909f56bfc062723c751e8b465ee728b)
Start importing Assets/PolygonMini_Fantasy/Materials/PolygonMinis_Fantasy_06.mat using Guid(b62ce8a0fd53b7d48853bb1e75a94b2a) Importer(815301076,1909f56bfc062723c751e8b465ee728b) (PreviewImporter) -> (artifact id: 'e8f9fda3045ec2e0f0c04037867c6db1') in 0.0079866 seconds
Number of updated asset objects reloaded before import = 0Number of asset objects unloaded after import = 3

========================================================================
Received Import Request.
  Time since last request: 13.267513 seconds.
  path: Assets/PolygonMini_Fantasy/Materials/FX_Blossom.mat
  artifactKey: Guid(976c15b36fd385a4f9db584e81d28467) Importer(815301076,1909f56bfc062723c751e8b465ee728b)
Start importing Assets/PolygonMini_Fantasy/Materials/FX_Blossom.mat using Guid(976c15b36fd385a4f9db584e81d28467) Importer(815301076,1909f56bfc062723c751e8b465ee728b) (PreviewImporter) -> (artifact id: '6453b01087fb5c5078d66c006ddcef7e') in 0.2381742 seconds
Number of updated asset objects reloaded before import = 0Number of asset objects unloaded after import = 1

========================================================================
Received Import Request.
  Time since last request: 0.000039 seconds.
  path: Assets/PolygonMini_Fantasy/Materials/Water.mat
  artifactKey: Guid(98c3dd6fc0665414fb0471ba970b98a1) Importer(815301076,1909f56bfc062723c751e8b465ee728b)
Start importing Assets/PolygonMini_Fantasy/Materials/Water.mat using Guid(98c3dd6fc0665414fb0471ba970b98a1) Importer(815301076,1909f56bfc062723c751e8b465ee728b) (PreviewImporter) -> (artifact id: '5e2343448d8a0251c7b9b5dd219dd581') in 0.2143893 seconds
Number of updated asset objects reloaded before import = 0Number of asset objects unloaded after import = 1

========================================================================
Received Import Request.
  Time since last request: 0.000038 seconds.
  path: Assets/PolygonMini_Fantasy/Materials/PolygonMinis_Fantasy_06.mat
  artifactKey: Guid(b62ce8a0fd53b7d48853bb1e75a94b2a) Importer(815301076,1909f56bfc062723c751e8b465ee728b)
Start importing Assets/PolygonMini_Fantasy/Materials/PolygonMinis_Fantasy_06.mat using Guid(b62ce8a0fd53b7d48853bb1e75a94b2a) Importer(815301076,1909f56bfc062723c751e8b465ee728b) (PreviewImporter) -> (artifact id: '50082336199f35fa96f7318d54fca4cd') in 0.0156949 seconds
Number of updated asset objects reloaded before import = 0Number of asset objects unloaded after import = 3

========================================================================
Received Import Request.
  Time since last request: 7.565247 seconds.
  path: Assets/TextMesh Pro/Examples & Extras/Resources/Fonts & Materials/Anton SDF.asset
  artifactKey: Guid(8a89fa14b10d46a99122fd4f73fca9a2) Importer(815301076,1909f56bfc062723c751e8b465ee728b)
Start importing Assets/TextMesh Pro/Examples & Extras/Resources/Fonts & Materials/Anton SDF.asset using Guid(8a89fa14b10d46a99122fd4f73fca9a2) Importer(815301076,1909f56bfc062723c751e8b465ee728b) (PreviewImporter) -> (artifact id: '636db6865fa4b1d0ac67bc20f1a3d907') in 0.0420759 seconds
Number of updated asset objects reloaded before import = 0Number of asset objects unloaded after import = 6

========================================================================
Received Import Request.
  Time since last request: 0.000021 seconds.
  path: Assets/JJ_Three kingdoms - Additional hero Osibo/Models/55_passive.fbx
  artifactKey: Guid(6ccc70c589edea7418eef8e2c5c35bed) Importer(815301076,1909f56bfc062723c751e8b465ee728b)
Start importing Assets/JJ_Three kingdoms - Additional hero Osibo/Models/55_passive.fbx using Guid(6ccc70c589edea7418eef8e2c5c35bed) Importer(815301076,1909f56bfc062723c751e8b465ee728b) (PreviewImporter) -> (artifact id: 'fb24d3fa2c30adc10b0e689a200a094e') in 0.0748942 seconds
Number of updated asset objects reloaded before import = 0Number of asset objects unloaded after import = 120

========================================================================
Received Import Request.
  Time since last request: 0.000027 seconds.
  path: Assets/JJ_Three kingdoms - Additional hero Osibo/Models/55_set.fbx
  artifactKey: Guid(059f9908ffc6b124ea2e430a1942d77f) Importer(815301076,1909f56bfc062723c751e8b465ee728b)
Start importing Assets/JJ_Three kingdoms - Additional hero Osibo/Models/55_set.fbx using Guid(059f9908ffc6b124ea2e430a1942d77f) Importer(815301076,1909f56bfc062723c751e8b465ee728b) (PreviewImporter) -> (artifact id: 'ca33c1e179f7729a0c014a010c0a7a52') in 0.0415882 seconds
Number of updated asset objects reloaded before import = 0Number of asset objects unloaded after import = 119

========================================================================
Received Import Request.
  Time since last request: 0.000034 seconds.
  path: Assets/JJ_Three kingdoms - Additional hero Osib Yug/Models/56_passive.fbx
  artifactKey: Guid(8d5e0d16cf8651e43a5017b924b94fbf) Importer(815301076,1909f56bfc062723c751e8b465ee728b)
Start importing Assets/JJ_Three kingdoms - Additional hero Osib Yug/Models/56_passive.fbx using Guid(8d5e0d16cf8651e43a5017b924b94fbf) Importer(815301076,1909f56bfc062723c751e8b465ee728b) (PreviewImporter) -> (artifact id: '4a6acbf7fc20c664dd51ccb5b48e17c0') in 0.0320006 seconds
Number of updated asset objects reloaded before import = 0Number of asset objects unloaded after import = 128

========================================================================
Received Import Request.
  Time since last request: 0.000025 seconds.
  path: Assets/JJ_Three kingdoms - Additional hero Osibo/Models_Humanoid/55_attack_h.fbx
  artifactKey: Guid(5c0bcbcd33c9d9242802b9f007f4717e) Importer(815301076,1909f56bfc062723c751e8b465ee728b)
Start importing Assets/JJ_Three kingdoms - Additional hero Osibo/Models_Humanoid/55_attack_h.fbx using Guid(5c0bcbcd33c9d9242802b9f007f4717e) Importer(815301076,1909f56bfc062723c751e8b465ee728b) (PreviewImporter) -> (artifact id: '80695cff1a3645be8296cc36214bab77') in 0.0317772 seconds
Number of updated asset objects reloaded before import = 0Number of asset objects unloaded after import = 118

========================================================================
Received Import Request.
  Time since last request: 0.000024 seconds.
  path: Assets/JJ_Three kingdoms - Macho v1.3/models/macho_active_01.FBX
  artifactKey: Guid(a5af730558d37a64c907f1680b5fd634) Importer(815301076,1909f56bfc062723c751e8b465ee728b)
Start importing Assets/JJ_Three kingdoms - Macho v1.3/models/macho_active_01.FBX using Guid(a5af730558d37a64c907f1680b5fd634) Importer(815301076,1909f56bfc062723c751e8b465ee728b) (PreviewImporter) -> (artifact id: '7f15f61104a81cf7d9caa3c87e8850cc') in 0.0314176 seconds
Number of updated asset objects reloaded before import = 0Number of asset objects unloaded after import = 147

========================================================================
Received Import Request.
  Time since last request: 0.000024 seconds.
  path: Assets/Prefabs/UI/MedievalSharp-Regular.ttf
  artifactKey: Guid(70c3771b176bf934cb8118eb7e251bf8) Importer(815301076,1909f56bfc062723c751e8b465ee728b)
Start importing Assets/Prefabs/UI/MedievalSharp-Regular.ttf using Guid(70c3771b176bf934cb8118eb7e251bf8) Importer(815301076,1909f56bfc062723c751e8b465ee728b) (PreviewImporter) -> (artifact id: '6c04531e52f9c2cec56a8a039e7319f0') in 0.0144591 seconds
Number of updated asset objects reloaded before import = 0Number of asset objects unloaded after import = 4

========================================================================
Received Import Request.
  Time since last request: 0.000023 seconds.
  path: Assets/TextMesh Pro/Resources/Fonts & Materials/LiberationSans SDF.asset
  artifactKey: Guid(8f586378b4e144a9851e7b34d9b748ee) Importer(815301076,1909f56bfc062723c751e8b465ee728b)
Start importing Assets/TextMesh Pro/Resources/Fonts & Materials/LiberationSans SDF.asset using Guid(8f586378b4e144a9851e7b34d9b748ee) Importer(815301076,1909f56bfc062723c751e8b465ee728b) (PreviewImporter) -> (artifact id: '7027e14626625d5cbe4fc2be7102ab8a') in 0.0367811 seconds
Number of updated asset objects reloaded before import = 0Number of asset objects unloaded after import = 9

========================================================================
Received Import Request.
  Time since last request: 0.000043 seconds.
  path: Assets/JJ_Three kingdoms - Macho v1.3/models/macho_attack_01.FBX
  artifactKey: Guid(0956191147897934cbb436beb53feba6) Importer(815301076,1909f56bfc062723c751e8b465ee728b)
Start importing Assets/JJ_Three kingdoms - Macho v1.3/models/macho_attack_01.FBX using Guid(0956191147897934cbb436beb53feba6) Importer(815301076,1909f56bfc062723c751e8b465ee728b) (PreviewImporter) -> (artifact id: '22334040c739ba67eb0f336824ee8393') in 0.0284647 seconds
Number of updated asset objects reloaded before import = 0Number of asset objects unloaded after import = 147

========================================================================
Received Import Request.
  Time since last request: 0.000022 seconds.
  path: Assets/JJ_Three kingdoms - Additional hero Osib Yug/Models/56_set.fbx
  artifactKey: Guid(f5f1470da0199ba46825f556f51eb8bd) Importer(815301076,1909f56bfc062723c751e8b465ee728b)
Start importing Assets/JJ_Three kingdoms - Additional hero Osib Yug/Models/56_set.fbx using Guid(f5f1470da0199ba46825f556f51eb8bd) Importer(815301076,1909f56bfc062723c751e8b465ee728b) (PreviewImporter) -> (artifact id: 'f89353bb0f69ecfa44e8cafa88cb9680') in 0.03281 seconds
Number of updated asset objects reloaded before import = 0Number of asset objects unloaded after import = 127

========================================================================
Received Import Request.
  Time since last request: 0.000034 seconds.
  path: Assets/PolygonDungeon/Materials/Alternatives/Dungeon_Material_02_B.mat
  artifactKey: Guid(dda89ebfddae0294dbbfc71c5556dd52) Importer(815301076,1909f56bfc062723c751e8b465ee728b)
Start importing Assets/PolygonDungeon/Materials/Alternatives/Dungeon_Material_02_B.mat using Guid(dda89ebfddae0294dbbfc71c5556dd52) Importer(815301076,1909f56bfc062723c751e8b465ee728b) (PreviewImporter) -> (artifact id: '6ae8e4d19e44e9cae121a078a152bef4') in 0.0151667 seconds
Number of updated asset objects reloaded before import = 0Number of asset objects unloaded after import = 3

========================================================================
Received Import Request.
  Time since last request: 0.000020 seconds.
  path: Assets/JJ_Three kingdoms - Additional hero Osib Yug/Models/56_idle.fbx
  artifactKey: Guid(dbcb88d1deb07f04aa409649f18683b8) Importer(815301076,1909f56bfc062723c751e8b465ee728b)
Start importing Assets/JJ_Three kingdoms - Additional hero Osib Yug/Models/56_idle.fbx using Guid(dbcb88d1deb07f04aa409649f18683b8) Importer(815301076,1909f56bfc062723c751e8b465ee728b) (PreviewImporter) -> (artifact id: 'a2712dcfce4d6f689abf9ad5648d0f05') in 0.0275411 seconds
Number of updated asset objects reloaded before import = 0Number of asset objects unloaded after import = 128

========================================================================
Received Import Request.
  Time since last request: 0.000023 seconds.
  path: Assets/PolygonDungeon/Materials/Alternatives/Dungeon_Material_02_D.mat
  artifactKey: Guid(41eeaca2a327f424a968942f71105488) Importer(815301076,1909f56bfc062723c751e8b465ee728b)
Start importing Assets/PolygonDungeon/Materials/Alternatives/Dungeon_Material_02_D.mat using Guid(41eeaca2a327f424a968942f71105488) Importer(815301076,1909f56bfc062723c751e8b465ee728b) (PreviewImporter) -> (artifact id: '24ee3bf6527be413d6902811cc709810') in 0.0151396 seconds
Number of updated asset objects reloaded before import = 0Number of asset objects unloaded after import = 3

========================================================================
Received Import Request.
  Time since last request: 0.000029 seconds.
  path: Assets/JJ_Three kingdoms - Additional hero Sasibo/Models_Humanoid/45_passive_h.fbx
  artifactKey: Guid(37044144e259c4c48a509fec28aa175d) Importer(815301076,1909f56bfc062723c751e8b465ee728b)
Start importing Assets/JJ_Three kingdoms - Additional hero Sasibo/Models_Humanoid/45_passive_h.fbx using Guid(37044144e259c4c48a509fec28aa175d) Importer(815301076,1909f56bfc062723c751e8b465ee728b) (PreviewImporter) -> (artifact id: 'f6b4f9c116b88755b782d8fc74002b77') in 0.0299652 seconds
Number of updated asset objects reloaded before import = 0Number of asset objects unloaded after import = 128

========================================================================
Received Import Request.
  Time since last request: 0.000020 seconds.
  path: Assets/PolygonDungeon/Materials/Alternatives/Dungeon_Material_01_A.mat
  artifactKey: Guid(7ac7f7ed4e4639c41b96b549364e3a9d) Importer(815301076,1909f56bfc062723c751e8b465ee728b)
Start importing Assets/PolygonDungeon/Materials/Alternatives/Dungeon_Material_01_A.mat using Guid(7ac7f7ed4e4639c41b96b549364e3a9d) Importer(815301076,1909f56bfc062723c751e8b465ee728b) (PreviewImporter) -> (artifact id: '4a8cc85f0b0406dbf67c96ecfc86cafa') in 0.01088 seconds
Number of updated asset objects reloaded before import = 0Number of asset objects unloaded after import = 3

========================================================================
Received Import Request.
  Time since last request: 0.000021 seconds.
  path: Assets/JJ_Three kingdoms - Additional hero Osib Yug/Models/56_walk.fbx
  artifactKey: Guid(21fd2ef7edf6b0c4cb8579876575a1b9) Importer(815301076,1909f56bfc062723c751e8b465ee728b)
Start importing Assets/JJ_Three kingdoms - Additional hero Osib Yug/Models/56_walk.fbx using Guid(21fd2ef7edf6b0c4cb8579876575a1b9) Importer(815301076,1909f56bfc062723c751e8b465ee728b) (PreviewImporter) -> (artifact id: '07dfa0fe8504b66c16c8f60ac72bd0dd') in 0.0287415 seconds
Number of updated asset objects reloaded before import = 0Number of asset objects unloaded after import = 128

========================================================================
Received Import Request.
  Time since last request: 0.000020 seconds.
  path: Assets/TextMesh Pro/Fonts/LiberationSans.ttf
  artifactKey: Guid(e3265ab4bf004d28a9537516768c1c75) Importer(815301076,1909f56bfc062723c751e8b465ee728b)
Start importing Assets/TextMesh Pro/Fonts/LiberationSans.ttf using Guid(e3265ab4bf004d28a9537516768c1c75) Importer(815301076,1909f56bfc062723c751e8b465ee728b) (PreviewImporter) -> (artifact id: '425128d749054210902bb839c28583c3') in 0.00922 seconds
Number of updated asset objects reloaded before import = 0Number of asset objects unloaded after import = 4

========================================================================
Received Import Request.
  Time since last request: 0.000024 seconds.
  path: Assets/PolygonDungeon/Materials/Misc/Dungeons_Material_Dust_Soft.mat
  artifactKey: Guid(16025479cbc59c145aed336aa4c0d776) Importer(815301076,1909f56bfc062723c751e8b465ee728b)
Start importing Assets/PolygonDungeon/Materials/Misc/Dungeons_Material_Dust_Soft.mat using Guid(16025479cbc59c145aed336aa4c0d776) Importer(815301076,1909f56bfc062723c751e8b465ee728b) (PreviewImporter) -> (artifact id: '6611521a29a5667f33db325922f5ce81') in 0.0144577 seconds
Number of updated asset objects reloaded before import = 0Number of asset objects unloaded after import = 2

========================================================================
Received Import Request.
  Time since last request: 0.000023 seconds.
  path: Assets/JJ_Three kingdoms - Macho v1.3/models/e_zhubajie_01.FBX
  artifactKey: Guid(37f873c8c8a050046a907ad54db642dc) Importer(815301076,1909f56bfc062723c751e8b465ee728b)
Start importing Assets/JJ_Three kingdoms - Macho v1.3/models/e_zhubajie_01.FBX using Guid(37f873c8c8a050046a907ad54db642dc) Importer(815301076,1909f56bfc062723c751e8b465ee728b) (PreviewImporter) -> (artifact id: 'da48dc7d9c538f5ff48fa0a343608eb7') in 0.0302699 seconds
Number of updated asset objects reloaded before import = 0Number of asset objects unloaded after import = 113

========================================================================
Received Import Request.
  Time since last request: 0.000049 seconds.
  path: Assets/Prefabs/soccerball.fbx
  artifactKey: Guid(830f415b30b56db4182815ff24cdb5a3) Importer(815301076,1909f56bfc062723c751e8b465ee728b)
Start importing Assets/Prefabs/soccerball.fbx using Guid(830f415b30b56db4182815ff24cdb5a3) Importer(815301076,1909f56bfc062723c751e8b465ee728b) (PreviewImporter) -> (artifact id: '21e50596b83a766dd26a29bdfbf9dd97') in 0.0398005 seconds
Number of updated asset objects reloaded before import = 0Number of asset objects unloaded after import = 20

========================================================================
Received Import Request.
  Time since last request: 0.000021 seconds.
  path: Assets/JJ_Three kingdoms - Pang Tong v1.3/models/pangtong_idle_01.FBX
  artifactKey: Guid(18d165c43562b414ea3a86e5804c59e6) Importer(815301076,1909f56bfc062723c751e8b465ee728b)
Start importing Assets/JJ_Three kingdoms - Pang Tong v1.3/models/pangtong_idle_01.FBX using Guid(18d165c43562b414ea3a86e5804c59e6) Importer(815301076,1909f56bfc062723c751e8b465ee728b) (PreviewImporter) -> (artifact id: '6edd9748efa9f22c708445df72b1e6a4') in 0.0303 seconds
Number of updated asset objects reloaded before import = 0Number of asset objects unloaded after import = 155

========================================================================
Received Import Request.
  Time since last request: 0.000021 seconds.
  path: Assets/JJ_Three kingdoms - Macho v1.3/models_humanoid/macho_idle_01_hu.FBX
  artifactKey: Guid(6fe133276a75a6e40a97c5d406034ea3) Importer(815301076,1909f56bfc062723c751e8b465ee728b)
Start importing Assets/JJ_Three kingdoms - Macho v1.3/models_humanoid/macho_idle_01_hu.FBX using Guid(6fe133276a75a6e40a97c5d406034ea3) Importer(815301076,1909f56bfc062723c751e8b465ee728b) (PreviewImporter) -> (artifact id: '7e0a2a5f3c6a42a5e845317fbb83525b') in 0.0290275 seconds
Number of updated asset objects reloaded before import = 0Number of asset objects unloaded after import = 145

========================================================================
Received Import Request.
  Time since last request: 0.000019 seconds.
  path: Assets/JJ_Three kingdoms - Pang Tong v1.3/models_humanoid/c_pangtong_01_weapon_hu.FBX
  artifactKey: Guid(336aea3a87eb5b2409e80107733b48ee) Importer(815301076,1909f56bfc062723c751e8b465ee728b)
Start importing Assets/JJ_Three kingdoms - Pang Tong v1.3/models_humanoid/c_pangtong_01_weapon_hu.FBX using Guid(336aea3a87eb5b2409e80107733b48ee) Importer(815301076,1909f56bfc062723c751e8b465ee728b) (PreviewImporter) -> (artifact id: '1178f54712c319bb08c46901e5246d29') in 0.0252107 seconds
Number of updated asset objects reloaded before import = 0Number of asset objects unloaded after import = 9

========================================================================
Received Import Request.
  Time since last request: 0.000024 seconds.
  path: Assets/JJ_Three kingdoms - Pang Tong v1.3/models/pangtong_walk_01.FBX
  artifactKey: Guid(db79b412c1d98b74888b7b783ade7590) Importer(815301076,1909f56bfc062723c751e8b465ee728b)
Start importing Assets/JJ_Three kingdoms - Pang Tong v1.3/models/pangtong_walk_01.FBX using Guid(db79b412c1d98b74888b7b783ade7590) Importer(815301076,1909f56bfc062723c751e8b465ee728b) (PreviewImporter) -> (artifact id: '3b43efec654615a5ae7bdbd2e0b7cd0d') in 0.0277567 seconds
Number of updated asset objects reloaded before import = 0Number of asset objects unloaded after import = 155

========================================================================
Received Import Request.
  Time since last request: 0.000029 seconds.
  path: Assets/JJ_Three kingdoms - Macho v1.3/models/macho_passive_01.FBX
  artifactKey: Guid(b8e9d42ce93493b46b9fcb14ee099bc7) Importer(815301076,1909f56bfc062723c751e8b465ee728b)
Start importing Assets/JJ_Three kingdoms - Macho v1.3/models/macho_passive_01.FBX using Guid(b8e9d42ce93493b46b9fcb14ee099bc7) Importer(815301076,1909f56bfc062723c751e8b465ee728b) (PreviewImporter) -> (artifact id: 'd1d41eb1cbf3d5002b65137215b7e5a7') in 0.0295939 seconds
Number of updated asset objects reloaded before import = 0Number of asset objects unloaded after import = 147

========================================================================
Received Import Request.
  Time since last request: 0.000023 seconds.
  path: Assets/JJ_Three kingdoms - Pang Tong v1.3/models/pangtong_attack_01.FBX
  artifactKey: Guid(ba3525822e3239243afc4168fa828123) Importer(815301076,1909f56bfc062723c751e8b465ee728b)
Start importing Assets/JJ_Three kingdoms - Pang Tong v1.3/models/pangtong_attack_01.FBX using Guid(ba3525822e3239243afc4168fa828123) Importer(815301076,1909f56bfc062723c751e8b465ee728b) (PreviewImporter) -> (artifact id: '23d1f26ac0ce8948cefad7a17955489a') in 0.02923 seconds
Number of updated asset objects reloaded before import = 0Number of asset objects unloaded after import = 155

========================================================================
Received Import Request.
  Time since last request: 0.000028 seconds.
  path: Assets/Prefabs/punch_characterMIRROR (2).fbx
  artifactKey: Guid(459b49396067ef94a93adc8e3221bc2a) Importer(815301076,1909f56bfc062723c751e8b465ee728b)
Start importing Assets/Prefabs/punch_characterMIRROR (2).fbx using Guid(459b49396067ef94a93adc8e3221bc2a) Importer(815301076,1909f56bfc062723c751e8b465ee728b) (PreviewImporter) -> (artifact id: '9918a75d5edceda7ecc759402bca67e7') in 0.0310425 seconds
Number of updated asset objects reloaded before import = 0Number of asset objects unloaded after import = 15

========================================================================
Received Import Request.
  Time since last request: 0.000022 seconds.
  path: Assets/JJ_Three kingdoms - Macho v1.3/models_humanoid/macho_passive_01_hu.FBX
  artifactKey: Guid(6e75e6b2317d68242b03f3cda6799e62) Importer(815301076,1909f56bfc062723c751e8b465ee728b)
Start importing Assets/JJ_Three kingdoms - Macho v1.3/models_humanoid/macho_passive_01_hu.FBX using Guid(6e75e6b2317d68242b03f3cda6799e62) Importer(815301076,1909f56bfc062723c751e8b465ee728b) (PreviewImporter) -> (artifact id: '15c19fc6d020d8dec30b56238305b58f') in 0.0269626 seconds
Number of updated asset objects reloaded before import = 0Number of asset objects unloaded after import = 145

========================================================================
Received Import Request.
  Time since last request: 0.000025 seconds.
  path: Assets/JJ_Three kingdoms - Pang Tong v1.3/models_humanoid/pangtong_walk_01_hu.FBX
  artifactKey: Guid(e700f70b497746b4da14e6d7aee13404) Importer(815301076,1909f56bfc062723c751e8b465ee728b)
Start importing Assets/JJ_Three kingdoms - Pang Tong v1.3/models_humanoid/pangtong_walk_01_hu.FBX using Guid(e700f70b497746b4da14e6d7aee13404) Importer(815301076,1909f56bfc062723c751e8b465ee728b) (PreviewImporter) -> (artifact id: '1313244e968021958e505f12a7905ee2') in 0.0279499 seconds
Number of updated asset objects reloaded before import = 0Number of asset objects unloaded after import = 153

========================================================================
Received Import Request.
  Time since last request: 0.000030 seconds.
  path: Assets/JJ_Three kingdoms - Additional hero Oo/Models/05_idle.fbx
  artifactKey: Guid(839bd4c7f7d3c0f48a3735942ad47ca4) Importer(815301076,1909f56bfc062723c751e8b465ee728b)
Start importing Assets/JJ_Three kingdoms - Additional hero Oo/Models/05_idle.fbx using Guid(839bd4c7f7d3c0f48a3735942ad47ca4) Importer(815301076,1909f56bfc062723c751e8b465ee728b) (PreviewImporter) -> (artifact id: '929146c116698efe45698db64e19e5d0') in 0.0279708 seconds
Number of updated asset objects reloaded before import = 0Number of asset objects unloaded after import = 124

========================================================================
Received Import Request.
  Time since last request: 0.000020 seconds.
  path: Assets/PolygonDungeon/Materials/Alternatives/Dungeon_Material_04_C.mat
  artifactKey: Guid(5669cbb7e0eee7b469fe44c5a872d2ab) Importer(815301076,1909f56bfc062723c751e8b465ee728b)
Start importing Assets/PolygonDungeon/Materials/Alternatives/Dungeon_Material_04_C.mat using Guid(5669cbb7e0eee7b469fe44c5a872d2ab) Importer(815301076,1909f56bfc062723c751e8b465ee728b) (PreviewImporter) -> (artifact id: 'c2d6ffc032967bc68b76f9e80609673e') in 0.0098057 seconds
Number of updated asset objects reloaded before import = 0Number of asset objects unloaded after import = 3

========================================================================
Received Import Request.
  Time since last request: 0.000021 seconds.
  path: Assets/PolygonDungeon/Materials/Dungeons_Material_Characters_01.mat
  artifactKey: Guid(1a64cf0a23f83924f9debcb452685f6f) Importer(815301076,1909f56bfc062723c751e8b465ee728b)
Start importing Assets/PolygonDungeon/Materials/Dungeons_Material_Characters_01.mat using Guid(1a64cf0a23f83924f9debcb452685f6f) Importer(815301076,1909f56bfc062723c751e8b465ee728b) (PreviewImporter) -> (artifact id: '54ae37e1bfc5c0d36350cde406ef20ba') in 0.0070459 seconds
Number of updated asset objects reloaded before import = 0Number of asset objects unloaded after import = 2

========================================================================
Received Import Request.
  Time since last request: 0.000019 seconds.
  path: Assets/Prefabs/UI/Score.asset
  artifactKey: Guid(3585d79a42181a4478d24bc32e279648) Importer(815301076,1909f56bfc062723c751e8b465ee728b)
Start importing Assets/Prefabs/UI/Score.asset using Guid(3585d79a42181a4478d24bc32e279648) Importer(815301076,1909f56bfc062723c751e8b465ee728b) (PreviewImporter) -> (artifact id: '1b3d944b91d489cf1bcaefbc4c0fe2ae') in 0.023213 seconds
Number of updated asset objects reloaded before import = 0Number of asset objects unloaded after import = 4

========================================================================
Received Import Request.
  Time since last request: 0.000025 seconds.
  path: Assets/JJ_Three kingdoms - Additional hero Osib Yug/Models_Humanoid/56_walk_h.fbx
  artifactKey: Guid(0d6eaa83faf91dc4b8c7b3e91e4429b4) Importer(815301076,1909f56bfc062723c751e8b465ee728b)
Start importing Assets/JJ_Three kingdoms - Additional hero Osib Yug/Models_Humanoid/56_walk_h.fbx using Guid(0d6eaa83faf91dc4b8c7b3e91e4429b4) Importer(815301076,1909f56bfc062723c751e8b465ee728b) (PreviewImporter) -> (artifact id: '9343c36425045e547e5e628f2c328272') in 0.0277678 seconds
Number of updated asset objects reloaded before import = 0Number of asset objects unloaded after import = 126

========================================================================
Received Import Request.
  Time since last request: 0.000034 seconds.
  path: Assets/JJ_Three kingdoms - Zhubajie_1 v1.3/models_humanoid/zhubajie_idle_01_hu.FBX
  artifactKey: Guid(b9ed30055b185364da1b5cd1cd6bf877) Importer(815301076,1909f56bfc062723c751e8b465ee728b)
Start importing Assets/JJ_Three kingdoms - Zhubajie_1 v1.3/models_humanoid/zhubajie_idle_01_hu.FBX using Guid(b9ed30055b185364da1b5cd1cd6bf877) Importer(815301076,1909f56bfc062723c751e8b465ee728b) (PreviewImporter) -> (artifact id: '7e4f0d3ed577e7a893102631150c568b') in 0.0268227 seconds
Number of updated asset objects reloaded before import = 0Number of asset objects unloaded after import = 111

========================================================================
Received Import Request.
  Time since last request: 0.000033 seconds.
  path: Assets/Prefabs/SoccerFabs/goal 2.blend
  artifactKey: Guid(70d65d9d064843540b2f21f95dd2e038) Importer(815301076,1909f56bfc062723c751e8b465ee728b)
Start importing Assets/Prefabs/SoccerFabs/goal 2.blend using Guid(70d65d9d064843540b2f21f95dd2e038) Importer(815301076,1909f56bfc062723c751e8b465ee728b) (PreviewImporter) -> (artifact id: '4b4b2ee1540f8107df021f4a64d8867d') in 0.0710958 seconds
Number of updated asset objects reloaded before import = 0Number of asset objects unloaded after import = 63

========================================================================
Received Import Request.
  Time since last request: 2.097418 seconds.
  path: Assets/PolygonParticleFX/Materials/PolygonParticleFX_Material.mat
  artifactKey: Guid(49fa84335db088c4dafac40a4d0743db) Importer(815301076,1909f56bfc062723c751e8b465ee728b)
Start importing Assets/PolygonParticleFX/Materials/PolygonParticleFX_Material.mat using Guid(49fa84335db088c4dafac40a4d0743db) Importer(815301076,1909f56bfc062723c751e8b465ee728b) (PreviewImporter) -> (artifact id: 'e5ec8bfa36a77c6464d342376049c740') in 0.0068483 seconds
Number of updated asset objects reloaded before import = 0Number of asset objects unloaded after import = 1

========================================================================
Received Import Request.
  Time since last request: 0.000031 seconds.
  path: Assets/PolygonPirates/Materials/PolygonPirates_Material_04_B.mat
  artifactKey: Guid(40aec02aea86ce244b18314c814bb5ac) Importer(815301076,1909f56bfc062723c751e8b465ee728b)
Start importing Assets/PolygonPirates/Materials/PolygonPirates_Material_04_B.mat using Guid(40aec02aea86ce244b18314c814bb5ac) Importer(815301076,1909f56bfc062723c751e8b465ee728b) (PreviewImporter) -> (artifact id: 'b73fb5eb4610d4c5942c1823c6d8994d') in 0.0086712 seconds
Number of updated asset objects reloaded before import = 0Number of asset objects unloaded after import = 3

========================================================================
Received Import Request.
  Time since last request: 0.000031 seconds.
  path: Assets/PolygonPirates/Materials/PolygonPirates_Material_03_A.mat
  artifactKey: Guid(78edba5dc4cc2684c8e99f363873ff77) Importer(815301076,1909f56bfc062723c751e8b465ee728b)
Start importing Assets/PolygonPirates/Materials/PolygonPirates_Material_03_A.mat using Guid(78edba5dc4cc2684c8e99f363873ff77) Importer(815301076,1909f56bfc062723c751e8b465ee728b) (PreviewImporter) -> (artifact id: 'add507eb7afb0ae74b6818afe03737df') in 0.0096359 seconds
Number of updated asset objects reloaded before import = 0Number of asset objects unloaded after import = 3

========================================================================
Received Import Request.
  Time since last request: 0.000019 seconds.
  path: Assets/PolygonPirates/Materials/PolygonPirates_Material_04_A.mat
  artifactKey: Guid(89a8c4d05aebfbd40ad71b8f56d3f20f) Importer(815301076,1909f56bfc062723c751e8b465ee728b)
Start importing Assets/PolygonPirates/Materials/PolygonPirates_Material_04_A.mat using Guid(89a8c4d05aebfbd40ad71b8f56d3f20f) Importer(815301076,1909f56bfc062723c751e8b465ee728b) (PreviewImporter) -> (artifact id: '9f91db8588b8ce042d51d8af714580f3') in 0.0092666 seconds
Number of updated asset objects reloaded before import = 0Number of asset objects unloaded after import = 3

========================================================================
Received Import Request.
  Time since last request: 0.000023 seconds.
  path: Assets/PolygonPirates/Materials/PolygonPirates_Material_03_B.mat
  artifactKey: Guid(3746bc9b9120ede488eee9408465a651) Importer(815301076,1909f56bfc062723c751e8b465ee728b)
Start importing Assets/PolygonPirates/Materials/PolygonPirates_Material_03_B.mat using Guid(3746bc9b9120ede488eee9408465a651) Importer(815301076,1909f56bfc062723c751e8b465ee728b) (PreviewImporter) -> (artifact id: 'b77f61f3181f3f213b5fd91d5cc2673e') in 0.0077656 seconds
Number of updated asset objects reloaded before import = 0Number of asset objects unloaded after import = 3

========================================================================
Received Import Request.
  Time since last request: 0.000025 seconds.
  path: Assets/PolygonPirates/Materials/PolygonPirates_Material_01_A.mat
  artifactKey: Guid(5e1235b2e417983469723d36f05de88d) Importer(815301076,1909f56bfc062723c751e8b465ee728b)
Start importing Assets/PolygonPirates/Materials/PolygonPirates_Material_01_A.mat using Guid(5e1235b2e417983469723d36f05de88d) Importer(815301076,1909f56bfc062723c751e8b465ee728b) (PreviewImporter) -> (artifact id: '121ffa27e5c68a6525a1a835fd22e713') in 0.0075861 seconds
Number of updated asset objects reloaded before import = 0Number of asset objects unloaded after import = 3

========================================================================
Received Import Request.
  Time since last request: 33.547310 seconds.
  path: Assets/PolygonDungeon/Materials/Dungeon_Material_01.mat
  artifactKey: Guid(42b64fdb315e3054ea757d8d1c4bcfa7) Importer(815301076,1909f56bfc062723c751e8b465ee728b)
Start importing Assets/PolygonDungeon/Materials/Dungeon_Material_01.mat using Guid(42b64fdb315e3054ea757d8d1c4bcfa7) Importer(815301076,1909f56bfc062723c751e8b465ee728b) (PreviewImporter) -> (artifact id: '65122ea5e02b78880faf7a8eb257adec') in 0.2557902 seconds
Number of updated asset objects reloaded before import = 0Number of asset objects unloaded after import = 4

========================================================================
Received Import Request.
  Time since last request: 0.000023 seconds.
  path: Assets/PolygonDungeon/Materials/Dungeon_Material_03.mat
  artifactKey: Guid(54061fa668860e54a8e96694301d76a9) Importer(815301076,1909f56bfc062723c751e8b465ee728b)
Start importing Assets/PolygonDungeon/Materials/Dungeon_Material_03.mat using Guid(54061fa668860e54a8e96694301d76a9) Importer(815301076,1909f56bfc062723c751e8b465ee728b) (PreviewImporter) -> (artifact id: '33dba351529d00282bd014e40a4077f6') in 0.0337289 seconds
Number of updated asset objects reloaded before import = 0Number of asset objects unloaded after import = 4

========================================================================
Received Import Request.
  Time since last request: 0.000032 seconds.
  path: Assets/PolygonDungeon/Materials/Misc/Dungeons_Material_Emmision.mat
  artifactKey: Guid(3566951063315b24e8e8316d214cf625) Importer(815301076,1909f56bfc062723c751e8b465ee728b)
Start importing Assets/PolygonDungeon/Materials/Misc/Dungeons_Material_Emmision.mat using Guid(3566951063315b24e8e8316d214cf625) Importer(815301076,1909f56bfc062723c751e8b465ee728b) (PreviewImporter) -> (artifact id: '12f0d355382dacad0ed4ee11f12448ca') in 0.0181555 seconds
Number of updated asset objects reloaded before import = 0Number of asset objects unloaded after import = 1

========================================================================
Received Import Request.
  Time since last request: 0.000025 seconds.
  path: Assets/PolygonDungeon/Materials/Alternatives/Dungeon_Material_04_C.mat
  artifactKey: Guid(5669cbb7e0eee7b469fe44c5a872d2ab) Importer(815301076,1909f56bfc062723c751e8b465ee728b)
Start importing Assets/PolygonDungeon/Materials/Alternatives/Dungeon_Material_04_C.mat using Guid(5669cbb7e0eee7b469fe44c5a872d2ab) Importer(815301076,1909f56bfc062723c751e8b465ee728b) (PreviewImporter) -> (artifact id: '4d896fae31a75d104ad49679e670bb2f') in 0.0197492 seconds
Number of updated asset objects reloaded before import = 0Number of asset objects unloaded after import = 3

========================================================================
Received Import Request.
  Time since last request: 0.000034 seconds.
  path: Assets/PolygonDungeon/Materials/Dungeon_Material_02.mat
  artifactKey: Guid(0574116a7188c654ab34fcd54a2d0ecc) Importer(815301076,1909f56bfc062723c751e8b465ee728b)
Start importing Assets/PolygonDungeon/Materials/Dungeon_Material_02.mat using Guid(0574116a7188c654ab34fcd54a2d0ecc) Importer(815301076,1909f56bfc062723c751e8b465ee728b) (PreviewImporter) -> (artifact id: 'e87f6544748039336d01bcc977364158') in 0.0231033 seconds
Number of updated asset objects reloaded before import = 0Number of asset objects unloaded after import = 4

========================================================================
Received Import Request.
  Time since last request: 0.000024 seconds.
  path: Assets/PolygonDungeon/Materials/Dungeons_Material_Characters_01.mat
  artifactKey: Guid(1a64cf0a23f83924f9debcb452685f6f) Importer(815301076,1909f56bfc062723c751e8b465ee728b)
Start importing Assets/PolygonDungeon/Materials/Dungeons_Material_Characters_01.mat using Guid(1a64cf0a23f83924f9debcb452685f6f) Importer(815301076,1909f56bfc062723c751e8b465ee728b) (PreviewImporter) -> (artifact id: '36685cf8626fe9d8973da5aeaf600b7d') in 0.0161138 seconds
Number of updated asset objects reloaded before import = 0Number of asset objects unloaded after import = 2

========================================================================
Received Import Request.
  Time since last request: 0.000027 seconds.
  path: Assets/PolygonDungeon/Materials/Alternatives/Dungeon_Material_03_C.mat
  artifactKey: Guid(3fbade09b83e6684c85f132da96a79bd) Importer(815301076,1909f56bfc062723c751e8b465ee728b)
Start importing Assets/PolygonDungeon/Materials/Alternatives/Dungeon_Material_03_C.mat using Guid(3fbade09b83e6684c85f132da96a79bd) Importer(815301076,1909f56bfc062723c751e8b465ee728b) (PreviewImporter) -> (artifact id: '35960e04b8f338c48ba945729c75787a') in 0.0289356 seconds
Number of updated asset objects reloaded before import = 0Number of asset objects unloaded after import = 3

========================================================================
Received Import Request.
  Time since last request: 0.000024 seconds.
  path: Assets/PolygonDungeon/Materials/Misc/Dungeon_Material_Snow.mat
  artifactKey: Guid(275920581080ced43a750da785649059) Importer(815301076,1909f56bfc062723c751e8b465ee728b)
Start importing Assets/PolygonDungeon/Materials/Misc/Dungeon_Material_Snow.mat using Guid(275920581080ced43a750da785649059) Importer(815301076,1909f56bfc062723c751e8b465ee728b) (PreviewImporter) -> (artifact id: '64ec056bc8b57821b8d5ba3e3d3d9932') in 0.2294408 seconds
Number of updated asset objects reloaded before import = 0Number of asset objects unloaded after import = 2

========================================================================
Received Import Request.
  Time since last request: 0.368845 seconds.
  path: Assets/PolygonParticleFX/Materials/PolygonParticles_Material_01_A.mat
  artifactKey: Guid(82eb6f79a83225a4a9d4586b6fcea4f8) Importer(815301076,1909f56bfc062723c751e8b465ee728b)
Start importing Assets/PolygonParticleFX/Materials/PolygonParticles_Material_01_A.mat using Guid(82eb6f79a83225a4a9d4586b6fcea4f8) Importer(815301076,1909f56bfc062723c751e8b465ee728b) (PreviewImporter) -> (artifact id: '6a324ec1b32efff503c5975fa7bbcc8d') in 0.0234612 seconds
Number of updated asset objects reloaded before import = 0Number of asset objects unloaded after import = 2

========================================================================
Received Import Request.
  Time since last request: 0.000028 seconds.
  path: Assets/PolygonPirates/Materials/PolygonPirates_Material_03_B.mat
  artifactKey: Guid(3746bc9b9120ede488eee9408465a651) Importer(815301076,1909f56bfc062723c751e8b465ee728b)
Start importing Assets/PolygonPirates/Materials/PolygonPirates_Material_03_B.mat using Guid(3746bc9b9120ede488eee9408465a651) Importer(815301076,1909f56bfc062723c751e8b465ee728b) (PreviewImporter) -> (artifact id: 'eeb8f34a42fba44f722f0f6779d9e64f') in 0.0158231 seconds
Number of updated asset objects reloaded before import = 0Number of asset objects unloaded after import = 3

========================================================================
Received Import Request.
  Time since last request: 0.000033 seconds.
  path: Assets/PolygonPirates/Materials/PolygonPirates_Material_04_C.mat
  artifactKey: Guid(68cc9bc1692dabf4596c958ffe06eae6) Importer(815301076,1909f56bfc062723c751e8b465ee728b)
Start importing Assets/PolygonPirates/Materials/PolygonPirates_Material_04_C.mat using Guid(68cc9bc1692dabf4596c958ffe06eae6) Importer(815301076,1909f56bfc062723c751e8b465ee728b) (PreviewImporter) -> (artifact id: '72658562e35f8c53fa231b7aee82de06') in 0.019704 seconds
Number of updated asset objects reloaded before import = 0Number of asset objects unloaded after import = 3

========================================================================
Received Import Request.
  Time since last request: 0.000025 seconds.
  path: Assets/PolygonPirates/Materials/PolygonPirates_Material_01_A.mat
  artifactKey: Guid(5e1235b2e417983469723d36f05de88d) Importer(815301076,1909f56bfc062723c751e8b465ee728b)
Start importing Assets/PolygonPirates/Materials/PolygonPirates_Material_01_A.mat using Guid(5e1235b2e417983469723d36f05de88d) Importer(815301076,1909f56bfc062723c751e8b465ee728b) (PreviewImporter) -> (artifact id: '658586f7b590f1ebd86b310216f38789') in 0.0224123 seconds
Number of updated asset objects reloaded before import = 0Number of asset objects unloaded after import = 3

========================================================================
Received Import Request.
  Time since last request: 20.652352 seconds.
  path: Assets/Eight-ball Rack/Textures/ball01_albedo.psd
  artifactKey: Guid(688fa2898fb555f43822668baddd550c) Importer(815301076,1909f56bfc062723c751e8b465ee728b)
Start importing Assets/Eight-ball Rack/Textures/ball01_albedo.psd using Guid(688fa2898fb555f43822668baddd550c) Importer(815301076,1909f56bfc062723c751e8b465ee728b) (PreviewImporter) -> (artifact id: '7f75b41bdeaaf0e2bb1251a26c1fdaca') in 0.0168022 seconds
Number of updated asset objects reloaded before import = 0Number of asset objects unloaded after import = 2

========================================================================
Received Import Request.
  Time since last request: 0.000018 seconds.
  path: Assets/Eight-ball Rack/Textures/ball09_albedo.psd
  artifactKey: Guid(72d8891105de96949b7ee5a750b44752) Importer(815301076,1909f56bfc062723c751e8b465ee728b)
Start importing Assets/Eight-ball Rack/Textures/ball09_albedo.psd using Guid(72d8891105de96949b7ee5a750b44752) Importer(815301076,1909f56bfc062723c751e8b465ee728b) (PreviewImporter) -> (artifact id: 'f85edf83a3414cbc5a4362239d14b5f9') in 0.0220209 seconds
Number of updated asset objects reloaded before import = 0Number of asset objects unloaded after import = 2

========================================================================
Received Import Request.
  Time since last request: 0.000022 seconds.
  path: Assets/Eight-ball Rack/Textures/ball13_albedo.psd
  artifactKey: Guid(e99ab07477fce7b488fe1a565c329d2f) Importer(815301076,1909f56bfc062723c751e8b465ee728b)
Start importing Assets/Eight-ball Rack/Textures/ball13_albedo.psd using Guid(e99ab07477fce7b488fe1a565c329d2f) Importer(815301076,1909f56bfc062723c751e8b465ee728b) (PreviewImporter) -> (artifact id: 'edf9343e664d4b44bea3a6c79bb2f9d0') in 0.0161751 seconds
Number of updated asset objects reloaded before import = 0Number of asset objects unloaded after import = 2

========================================================================
Received Import Request.
  Time since last request: 0.000030 seconds.
  path: Assets/Eight-ball Rack/Textures/ball_metallic.psd
  artifactKey: Guid(9f0ecd2a6a420b34f9ce6939b31bdb40) Importer(815301076,1909f56bfc062723c751e8b465ee728b)
Start importing Assets/Eight-ball Rack/Textures/ball_metallic.psd using Guid(9f0ecd2a6a420b34f9ce6939b31bdb40) Importer(815301076,1909f56bfc062723c751e8b465ee728b) (PreviewImporter) -> (artifact id: '6113802d7682f5f053ab48c77105f4fb') in 0.0209463 seconds
Number of updated asset objects reloaded before import = 0Number of asset objects unloaded after import = 2

========================================================================
Received Import Request.
  Time since last request: 15.317274 seconds.
  path: Assets/JJ_Three kingdoms - Macho v1.3/models/textures/c_macho_01.png
  artifactKey: Guid(22cf01fcdd7600b44854e6228b499cc8) Importer(815301076,1909f56bfc062723c751e8b465ee728b)
Start importing Assets/JJ_Three kingdoms - Macho v1.3/models/textures/c_macho_01.png using Guid(22cf01fcdd7600b44854e6228b499cc8) Importer(815301076,1909f56bfc062723c751e8b465ee728b) (PreviewImporter) -> (artifact id: '7d7b40e218d3c173f33c5fd06d0c030d') in 0.0143757 seconds
Number of updated asset objects reloaded before import = 0Number of asset objects unloaded after import = 2

========================================================================
Received Import Request.
  Time since last request: 1.678513 seconds.
  path: Assets/JJ_Three kingdoms - Macho v1.3/models/textures/bottom.png
  artifactKey: Guid(31377b29ab7ff2340aa9024977ccd842) Importer(815301076,1909f56bfc062723c751e8b465ee728b)
Start importing Assets/JJ_Three kingdoms - Macho v1.3/models/textures/bottom.png using Guid(31377b29ab7ff2340aa9024977ccd842) Importer(815301076,1909f56bfc062723c751e8b465ee728b) (PreviewImporter) -> (artifact id: '7a7ee4c0e524bcba370ae9e1dad69fd1') in 0.0157349 seconds
Number of updated asset objects reloaded before import = 0Number of asset objects unloaded after import = 2

========================================================================
Received Import Request.
  Time since last request: 8.832299 seconds.
  path: Assets/JJ_Three kingdoms - Additional hero Oo
  artifactKey: Guid(b260e50f9d4677544a204f62c8dd8769) Importer(815301076,1909f56bfc062723c751e8b465ee728b)
Start importing Assets/JJ_Three kingdoms - Additional hero Oo using Guid(b260e50f9d4677544a204f62c8dd8769) Importer(815301076,1909f56bfc062723c751e8b465ee728b) (PreviewImporter) -> (artifact id: 'b7e9e44df72bd51f025beb39b45b84de') in 0.0006034 seconds
Number of updated asset objects reloaded before import = 0Number of asset objects unloaded after import = 0

========================================================================
Received Import Request.
  Time since last request: 1.781516 seconds.
  path: Assets/JJ_Three kingdoms - Additional hero Oo/Models_Humanoid
  artifactKey: Guid(3798ac91008593e4d8019f5555c51ec9) Importer(815301076,1909f56bfc062723c751e8b465ee728b)
Start importing Assets/JJ_Three kingdoms - Additional hero Oo/Models_Humanoid using Guid(3798ac91008593e4d8019f5555c51ec9) Importer(815301076,1909f56bfc062723c751e8b465ee728b) (PreviewImporter) -> (artifact id: '0d0aaa4f6a0fc7f361867881ac30a79c') in 0.0005748 seconds
Number of updated asset objects reloaded before import = 0Number of asset objects unloaded after import = 0

========================================================================
Received Import Request.
  Time since last request: 0.327737 seconds.
  path: Assets/JJ_Three kingdoms - Additional hero Oo/Models
  artifactKey: Guid(497881441d1a66f4db8ae7d47c922816) Importer(815301076,1909f56bfc062723c751e8b465ee728b)
Start importing Assets/JJ_Three kingdoms - Additional hero Oo/Models using Guid(497881441d1a66f4db8ae7d47c922816) Importer(815301076,1909f56bfc062723c751e8b465ee728b) (PreviewImporter) -> (artifact id: '1d69c39a7b43708e73d4b23d9e2b8d53') in 0.000542 seconds
Number of updated asset objects reloaded before import = 0Number of asset objects unloaded after import = 0

========================================================================
Received Import Request.
  Time since last request: 1.107977 seconds.
  path: Assets/JJ_Three kingdoms - Additional hero Oo/Models/Materials
  artifactKey: Guid(36a47e122f0867542988bd7708ae8ea8) Importer(815301076,1909f56bfc062723c751e8b465ee728b)
Start importing Assets/JJ_Three kingdoms - Additional hero Oo/Models/Materials using Guid(36a47e122f0867542988bd7708ae8ea8) Importer(815301076,1909f56bfc062723c751e8b465ee728b) (PreviewImporter) -> (artifact id: 'edd6e0b78fb31f3f68283a608ed8a3d8') in 0.0005492 seconds
Number of updated asset objects reloaded before import = 0Number of asset objects unloaded after import = 0

========================================================================
Received Import Request.
  Time since last request: 0.021376 seconds.
  path: Assets/JJ_Three kingdoms - Additional hero Oo/Models/Materials/05-BW.mat
  artifactKey: Guid(8cf77cc3410e501458349652686bff3a) Importer(815301076,1909f56bfc062723c751e8b465ee728b)
Start importing Assets/JJ_Three kingdoms - Additional hero Oo/Models/Materials/05-BW.mat using Guid(8cf77cc3410e501458349652686bff3a) Importer(815301076,1909f56bfc062723c751e8b465ee728b) (PreviewImporter) -> (artifact id: 'fa903ab09e3b5e267eccd7241382b78a') in 0.007252 seconds
Number of updated asset objects reloaded before import = 0Number of asset objects unloaded after import = 2

========================================================================
Received Import Request.
  Time since last request: 0.568688 seconds.
  path: Assets/JJ_Three kingdoms - Additional hero Oo/Models/Textures/05-BW.png
  artifactKey: Guid(51b5617e9b61985429c036eed869e232) Importer(815301076,1909f56bfc062723c751e8b465ee728b)
Start importing Assets/JJ_Three kingdoms - Additional hero Oo/Models/Textures/05-BW.png using Guid(51b5617e9b61985429c036eed869e232) Importer(815301076,1909f56bfc062723c751e8b465ee728b) (PreviewImporter) -> (artifact id: '33d3344572860cb12e5e20cd67a0fd4f') in 0.0138846 seconds
Number of updated asset objects reloaded before import = 0Number of asset objects unloaded after import = 2

========================================================================
Received Import Request.
  Time since last request: 0.787055 seconds.
  path: Assets/JJ_Three kingdoms - Additional hero Oo/Models/Textures/05-R.png
  artifactKey: Guid(9204d40ff9b756c448d5744ce242241c) Importer(815301076,1909f56bfc062723c751e8b465ee728b)
Start importing Assets/JJ_Three kingdoms - Additional hero Oo/Models/Textures/05-R.png using Guid(9204d40ff9b756c448d5744ce242241c) Importer(815301076,1909f56bfc062723c751e8b465ee728b) (PreviewImporter) -> (artifact id: 'e0b5999102a8cbe41f760a68d9bd40b6') in 0.0128291 seconds
Number of updated asset objects reloaded before import = 0Number of asset objects unloaded after import = 2

========================================================================
Received Import Request.
  Time since last request: 9.889795 seconds.
  path: Assets/JJ_Three kingdoms - Additional hero Oo/Models/Materials/05-BW.mat
  artifactKey: Guid(8cf77cc3410e501458349652686bff3a) Importer(815301076,1909f56bfc062723c751e8b465ee728b)
Start importing Assets/JJ_Three kingdoms - Additional hero Oo/Models/Materials/05-BW.mat using Guid(8cf77cc3410e501458349652686bff3a) Importer(815301076,1909f56bfc062723c751e8b465ee728b) (PreviewImporter) -> (artifact id: '3beab12a116acf49bb48c4817eb7fadd') in 0.3090247 seconds
Number of updated asset objects reloaded before import = 0Number of asset objects unloaded after import = 3

Editor requested this worker to shutdown with reason: Scaling down because of idle timeout
AssetImportWorker is now disconnected from the server
Process exiting
Exiting without the bug reporter. Application will terminate with return code 0