Using pre-set license
Built from '2021.1/staging' branch; Version is '2021.1.7f1 (d91830b65d9b) revision 14227504'; Using compiler version '192528614'; Build Type 'Release'
OS: 'Windows 10 Home; OS build 19043.985; Version 2009; 64bit' Language: 'en' Physical Memory: 32694 MB
BatchMode: 1, IsHumanControllingUs: 0, StartBugReporterOnCrash: 0, Is64bit: 1, IsPro: 0

 COMMAND LINE ARGUMENTS:
C:\Program Files\Unity\Hub\Editor\2021.1.7f1\Editor\Unity.exe
-adb2
-batchMode
-noUpm
-name
AssetImportWorker0
-projectPath
C:/Users/cocru/Documents/GitHub/Fight-Knights/Fight Knights 2.0
-logFile
Logs/AssetImportWorker0.log
-srvPort
61478
Successfully changed project path to: C:/Users/cocru/Documents/GitHub/Fight-Knights/Fight Knights 2.0
C:/Users/cocru/Documents/GitHub/Fight-Knights/Fight Knights 2.0
Using Asset Import Pipeline V2.
Refreshing native plugins compatible for Editor in 58.80 ms, found 1 plugins.
Preloading 0 native plugins for Editor in 0.00 ms.
Initialize engine version: 2021.1.7f1 (d91830b65d9b)
[Subsystems] Discovering subsystems at path C:/Program Files/Unity/Hub/Editor/2021.1.7f1/Editor/Data/Resources/UnitySubsystems
[Subsystems] Discovering subsystems at path C:/Users/cocru/Documents/GitHub/Fight-Knights/Fight Knights 2.0/Assets
GfxDevice: creating device client; threaded=0; jobified=0
Direct3D:
    Version:  Direct3D 11.0 [level 11.1]
    Renderer: AMD Radeon RX 6800 XT (ID=0x73bf)
    Vendor:   ATI
    VRAM:     16082 MB
    Driver:   27.20.21002.112
Initialize mono
Mono path[0] = 'C:/Program Files/Unity/Hub/Editor/2021.1.7f1/Editor/Data/Managed'
Mono path[1] = 'C:/Program Files/Unity/Hub/Editor/2021.1.7f1/Editor/Data/MonoBleedingEdge/lib/mono/unityjit'
Mono config path = 'C:/Program Files/Unity/Hub/Editor/2021.1.7f1/Editor/Data/MonoBleedingEdge/etc'
Using monoOptions --debugger-agent=transport=dt_socket,embedding=1,server=y,suspend=n,address=127.0.0.1:56804
Begin MonoManager ReloadAssembly
Registering precompiled unity dll's ...
Register platform support module: C:/Program Files/Unity/Hub/Editor/2021.1.7f1/Editor/Data/PlaybackEngines/WindowsStandaloneSupport/UnityEditor.WindowsStandalone.Extensions.dll
Registered in 0.001481 seconds.
Native extension for WindowsStandalone target not found
Refreshing native plugins compatible for Editor in 61.44 ms, found 1 plugins.
Preloading 0 native plugins for Editor in 0.00 ms.
Mono: successfully reloaded assembly
- Completed reload, in  0.908 seconds
Platform modules already initialized, skipping
Registering precompiled user dll's ...
Registered in 0.002061 seconds.
Begin MonoManager ReloadAssembly
Symbol file LoadedFromMemory doesn't match image C:\Users\cocru\Documents\GitHub\Fight-Knights\Fight Knights 2.0\Library\PackageCache\com.unity.visualscripting@1.6.1\Editor\VisualScripting.Core\Dependencies\YamlDotNet\Unity.VisualScripting.YamlDotNet.dll
Symbol file LoadedFromMemory doesn't match image C:\Users\cocru\Documents\GitHub\Fight-Knights\Fight Knights 2.0\Library\PackageCache\com.unity.visualscripting@1.6.1\Editor\VisualScripting.Core\Dependencies\DotNetZip\Unity.VisualScripting.IonicZip.dll
Native extension for WindowsStandalone target not found
Refreshing native plugins compatible for Editor in 0.43 ms, found 1 plugins.
Preloading 0 native plugins for Editor in 0.00 ms.
Mono: successfully reloaded assembly
- Completed reload, in  0.701 seconds
Platform modules already initialized, skipping
========================================================================
Worker process is ready to serve import requests
Launched and connected shader compiler UnityShaderCompiler.exe after 0.03 seconds
Refreshing native plugins compatible for Editor in 0.44 ms, found 1 plugins.
Preloading 0 native plugins for Editor in 0.00 ms.
Unloading 2668 Unused Serialized files (Serialized files now loaded: 0)
System memory in use before: 98.8 MB.
System memory in use after: 99.0 MB.

Unloading 14 unused Assets to reduce memory usage. Loaded Objects now: 3123.
Total: 1.595700 ms (FindLiveObjects: 0.192900 ms CreateObjectMapping: 0.060000 ms MarkObjects: 1.287700 ms  DeleteObjects: 0.054100 ms)

========================================================================
Received Import Request.
  path: Assets/Scenes
  artifactKey: Guid(adb77cf96570e6140ba649c8c3da0c84) Importer(815301076,1909f56bfc062723c751e8b465ee728b)
Start importing Assets/Scenes using Guid(adb77cf96570e6140ba649c8c3da0c84) Importer(815301076,1909f56bfc062723c751e8b465ee728b)  -> (artifact id: '352ad7442baebf8724452a7195402408') in 0.007378 seconds 
========================================================================
Received Import Request.
  Time since last request: 5.801430 seconds.
  path: Assets/Scenes/MainScene.unity
  artifactKey: Guid(de8bf94cf606cb84693cba7ea993005d) Importer(815301076,1909f56bfc062723c751e8b465ee728b)
Start importing Assets/Scenes/MainScene.unity using Guid(de8bf94cf606cb84693cba7ea993005d) Importer(815301076,1909f56bfc062723c751e8b465ee728b)  -> (artifact id: '03eeb198933e51f83dba2d405459edb4') in 0.010991 seconds 
========================================================================
Received Import Request.
  Time since last request: 211.496004 seconds.
  path: Assets/Scenes/SampleScene.unity
  artifactKey: Guid(9fc0d4010bbf28b4594072e72b8655ab) Importer(815301076,1909f56bfc062723c751e8b465ee728b)
Start importing Assets/Scenes/SampleScene.unity using Guid(9fc0d4010bbf28b4594072e72b8655ab) Importer(815301076,1909f56bfc062723c751e8b465ee728b)  -> (artifact id: '85059f4f9e1a832ed95adaa0d25c5c4c') in 0.005225 seconds 
========================================================================
Received Import Request.
  Time since last request: 146.804376 seconds.
  path: Assets
  artifactKey: Guid(00000000000000001000000000000000) Importer(815301076,1909f56bfc062723c751e8b465ee728b)
Start importing Assets using Guid(00000000000000001000000000000000) Importer(815301076,1909f56bfc062723c751e8b465ee728b)  -> (artifact id: '42d402b061de3733987d63b9cc3b64de') in 0.005875 seconds 
========================================================================
Received Import Request.
  Time since last request: 4.092243 seconds.
  path: Assets/Prefabs
  artifactKey: Guid(7e9c592cef7642f4781f1797d462a970) Importer(815301076,1909f56bfc062723c751e8b465ee728b)
Start importing Assets/Prefabs using Guid(7e9c592cef7642f4781f1797d462a970) Importer(815301076,1909f56bfc062723c751e8b465ee728b)  -> (artifact id: '96576cdf5c416f7671c4a4f2d34a4288') in 0.004905 seconds 
========================================================================
Received Import Request.
  Time since last request: 34.600447 seconds.
  path: Assets/Prefabs/ClawCharacter
  artifactKey: Guid(982a357c2d2dca54294ff9be7677f578) Importer(815301076,1909f56bfc062723c751e8b465ee728b)
Start importing Assets/Prefabs/ClawCharacter using Guid(982a357c2d2dca54294ff9be7677f578) Importer(815301076,1909f56bfc062723c751e8b465ee728b)  -> (artifact id: 'de3d46028599a75dd367a9562f4f8da8') in 0.006515 seconds 
========================================================================
Received Import Request.
  Time since last request: 10.523617 seconds.
  path: Assets/BOXOPHOBIC
  artifactKey: Guid(2e3492ccf5a72d3478c3ed903b31ad3a) Importer(815301076,1909f56bfc062723c751e8b465ee728b)
Start importing Assets/BOXOPHOBIC using Guid(2e3492ccf5a72d3478c3ed903b31ad3a) Importer(815301076,1909f56bfc062723c751e8b465ee728b)  -> (artifact id: 'e33e3507ea824a653697f3258efecd94') in 0.005286 seconds 
========================================================================
Received Import Request.
  Time since last request: 2.641452 seconds.
  path: Assets/FabsToExport
  artifactKey: Guid(4a4c4cfbc6a2b4946a691f10cd22f376) Importer(815301076,1909f56bfc062723c751e8b465ee728b)
Start importing Assets/FabsToExport using Guid(4a4c4cfbc6a2b4946a691f10cd22f376) Importer(815301076,1909f56bfc062723c751e8b465ee728b)  -> (artifact id: 'd508d964c1aa3614e49bd06513e67b2e') in 0.005366 seconds 
========================================================================
Received Import Request.
  Time since last request: 0.077932 seconds.
  path: Assets/FabsToExport/Long_Hall.prefab
  artifactKey: Guid(b9aa9ec4080865f448ef8897c9513963) Importer(815301076,1909f56bfc062723c751e8b465ee728b)
Start importing Assets/FabsToExport/Long_Hall.prefab using Guid(b9aa9ec4080865f448ef8897c9513963) Importer(815301076,1909f56bfc062723c751e8b465ee728b)  -> (artifact id: '7d328b20ddf0c440c319df78e39c61c0') in 0.513960 seconds 
========================================================================
Received Import Request.
  Time since last request: 7.971015 seconds.
  path: Assets/PolygonFantasyHeroCharacters
  artifactKey: Guid(153c1d8f38834214cb018e72885530fe) Importer(815301076,1909f56bfc062723c751e8b465ee728b)
Start importing Assets/PolygonFantasyHeroCharacters using Guid(153c1d8f38834214cb018e72885530fe) Importer(815301076,1909f56bfc062723c751e8b465ee728b)  -> (artifact id: '7e10e798f6730ddc6ff45314a8781300') in 0.005410 seconds 
========================================================================
Received Import Request.
  Time since last request: 15.485151 seconds.
  path: Assets/TextMesh Pro
  artifactKey: Guid(db8b4c88f4267c9488671511d06c6f00) Importer(815301076,1909f56bfc062723c751e8b465ee728b)
Start importing Assets/TextMesh Pro using Guid(db8b4c88f4267c9488671511d06c6f00) Importer(815301076,1909f56bfc062723c751e8b465ee728b)  -> (artifact id: 'e8b4a77b0a3c0f773fb77bf7eea6f2a4') in 0.005531 seconds 
========================================================================
Received Import Request.
  Time since last request: 4.054235 seconds.
  path: Assets/ReadyButton.cs
  artifactKey: Guid(66dd83f9a9b46b541947d31a6da2f8ac) Importer(815301076,1909f56bfc062723c751e8b465ee728b)
Start importing Assets/ReadyButton.cs using Guid(66dd83f9a9b46b541947d31a6da2f8ac) Importer(815301076,1909f56bfc062723c751e8b465ee728b)  -> (artifact id: '384a9d5938bfb604f2cdab4f8f47d108') in 0.008475 seconds 
========================================================================
Received Import Request.
  Time since last request: 12.796691 seconds.
  path: Assets/Scripts
  artifactKey: Guid(faff041acd8959f4792ce7bd0b4fb83d) Importer(815301076,1909f56bfc062723c751e8b465ee728b)
Start importing Assets/Scripts using Guid(faff041acd8959f4792ce7bd0b4fb83d) Importer(815301076,1909f56bfc062723c751e8b465ee728b)  -> (artifact id: '0982da3dee23228535b101b2d03bba6a') in 0.005289 seconds 
========================================================================
Received Prepare
Registering precompiled user dll's ...
Registered in 0.001836 seconds.
Begin MonoManager ReloadAssembly
Symbol file LoadedFromMemory doesn't match image C:\Users\cocru\Documents\GitHub\Fight-Knights\Fight Knights 2.0\Library\PackageCache\com.unity.visualscripting@1.6.1\Editor\VisualScripting.Core\Dependencies\YamlDotNet\Unity.VisualScripting.YamlDotNet.dll
Symbol file LoadedFromMemory doesn't match image C:\Users\cocru\Documents\GitHub\Fight-Knights\Fight Knights 2.0\Library\PackageCache\com.unity.visualscripting@1.6.1\Editor\VisualScripting.Core\Dependencies\DotNetZip\Unity.VisualScripting.IonicZip.dll
Native extension for WindowsStandalone target not found
Refreshing native plugins compatible for Editor in 0.48 ms, found 1 plugins.
Preloading 0 native plugins for Editor in 0.00 ms.
Mono: successfully reloaded assembly
- Completed reload, in  0.702 seconds
Platform modules already initialized, skipping
Refreshing native plugins compatible for Editor in 0.49 ms, found 1 plugins.
Preloading 0 native plugins for Editor in 0.00 ms.
Unloading 2717 Unused Serialized files (Serialized files now loaded: 0)
System memory in use before: 106.0 MB.
System memory in use after: 106.2 MB.

Unloading 10 unused Assets to reduce memory usage. Loaded Objects now: 3191.
Total: 1.694700 ms (FindLiveObjects: 0.203100 ms CreateObjectMapping: 0.061900 ms MarkObjects: 1.381500 ms  DeleteObjects: 0.047400 ms)

========================================================================
Received Import Request.
  Time since last request: 33.749559 seconds.
  path: Assets/Prefabs/UI
  artifactKey: Guid(3fc9f58fda1afaa43898932fae5988ff) Importer(815301076,1909f56bfc062723c751e8b465ee728b)
Start importing Assets/Prefabs/UI using Guid(3fc9f58fda1afaa43898932fae5988ff) Importer(815301076,1909f56bfc062723c751e8b465ee728b)  -> (artifact id: '95dc97c5f76cf003dd3a5cec7cd4d4b3') in 0.007693 seconds 
========================================================================
Received Prepare
Registering precompiled user dll's ...
Registered in 0.002020 seconds.
Begin MonoManager ReloadAssembly
Symbol file LoadedFromMemory doesn't match image C:\Users\cocru\Documents\GitHub\Fight-Knights\Fight Knights 2.0\Library\PackageCache\com.unity.visualscripting@1.6.1\Editor\VisualScripting.Core\Dependencies\YamlDotNet\Unity.VisualScripting.YamlDotNet.dll
Symbol file LoadedFromMemory doesn't match image C:\Users\cocru\Documents\GitHub\Fight-Knights\Fight Knights 2.0\Library\PackageCache\com.unity.visualscripting@1.6.1\Editor\VisualScripting.Core\Dependencies\DotNetZip\Unity.VisualScripting.IonicZip.dll
Native extension for WindowsStandalone target not found
Refreshing native plugins compatible for Editor in 0.47 ms, found 1 plugins.
Preloading 0 native plugins for Editor in 0.00 ms.
Mono: successfully reloaded assembly
- Completed reload, in  0.677 seconds
Platform modules already initialized, skipping
Refreshing native plugins compatible for Editor in 0.49 ms, found 1 plugins.
Preloading 0 native plugins for Editor in 0.00 ms.
Unloading 2716 Unused Serialized files (Serialized files now loaded: 0)
System memory in use before: 106.0 MB.
System memory in use after: 106.2 MB.

Unloading 10 unused Assets to reduce memory usage. Loaded Objects now: 3193.
Total: 1.667900 ms (FindLiveObjects: 0.209500 ms CreateObjectMapping: 0.064400 ms MarkObjects: 1.352300 ms  DeleteObjects: 0.040700 ms)

========================================================================
Received Prepare
Registering precompiled user dll's ...
Registered in 0.001927 seconds.
Begin MonoManager ReloadAssembly
Symbol file LoadedFromMemory doesn't match image C:\Users\cocru\Documents\GitHub\Fight-Knights\Fight Knights 2.0\Library\PackageCache\com.unity.visualscripting@1.6.1\Editor\VisualScripting.Core\Dependencies\YamlDotNet\Unity.VisualScripting.YamlDotNet.dll
Symbol file LoadedFromMemory doesn't match image C:\Users\cocru\Documents\GitHub\Fight-Knights\Fight Knights 2.0\Library\PackageCache\com.unity.visualscripting@1.6.1\Editor\VisualScripting.Core\Dependencies\DotNetZip\Unity.VisualScripting.IonicZip.dll
Native extension for WindowsStandalone target not found
Refreshing native plugins compatible for Editor in 0.46 ms, found 1 plugins.
Preloading 0 native plugins for Editor in 0.00 ms.
Mono: successfully reloaded assembly
- Completed reload, in  0.671 seconds
Platform modules already initialized, skipping
Refreshing native plugins compatible for Editor in 0.47 ms, found 1 plugins.
Preloading 0 native plugins for Editor in 0.00 ms.
Unloading 2664 Unused Serialized files (Serialized files now loaded: 0)
System memory in use before: 105.0 MB.
System memory in use after: 105.2 MB.

Unloading 24 unused Assets to reduce memory usage. Loaded Objects now: 3181.
Total: 1.617600 ms (FindLiveObjects: 0.210100 ms CreateObjectMapping: 0.062200 ms MarkObjects: 1.302000 ms  DeleteObjects: 0.042700 ms)

========================================================================
Received Import Request.
  Time since last request: 19.128939 seconds.
  path: Assets/JJ_Three kingdoms - Macho v1.3/prefaps/macho_humanoid.prefab
  artifactKey: Guid(fcac713b24a5f874fb66f6fb545d847f) Importer(815301076,1909f56bfc062723c751e8b465ee728b)
Start importing Assets/JJ_Three kingdoms - Macho v1.3/prefaps/macho_humanoid.prefab using Guid(fcac713b24a5f874fb66f6fb545d847f) Importer(815301076,1909f56bfc062723c751e8b465ee728b)  -> (artifact id: '91df357f9ba0c6c463178b2214a1e6a3') in 0.066907 seconds 
========================================================================
Received Import Request.
  Time since last request: 7.697357 seconds.
  path: Assets/Foggy Mountains Background
  artifactKey: Guid(c164a3a4280af1b4cbbf4f2455a76745) Importer(815301076,1909f56bfc062723c751e8b465ee728b)
Start importing Assets/Foggy Mountains Background using Guid(c164a3a4280af1b4cbbf4f2455a76745) Importer(815301076,1909f56bfc062723c751e8b465ee728b)  -> (artifact id: '2e9f05e0b72c373277e8deebfa7ea1c8') in 0.005414 seconds 
========================================================================
Received Prepare
Registering precompiled user dll's ...
Registered in 0.001935 seconds.
Begin MonoManager ReloadAssembly
Symbol file LoadedFromMemory doesn't match image C:\Users\cocru\Documents\GitHub\Fight-Knights\Fight Knights 2.0\Library\PackageCache\com.unity.visualscripting@1.6.1\Editor\VisualScripting.Core\Dependencies\YamlDotNet\Unity.VisualScripting.YamlDotNet.dll
Symbol file LoadedFromMemory doesn't match image C:\Users\cocru\Documents\GitHub\Fight-Knights\Fight Knights 2.0\Library\PackageCache\com.unity.visualscripting@1.6.1\Editor\VisualScripting.Core\Dependencies\DotNetZip\Unity.VisualScripting.IonicZip.dll
Native extension for WindowsStandalone target not found
Refreshing native plugins compatible for Editor in 0.47 ms, found 1 plugins.
Preloading 0 native plugins for Editor in 0.00 ms.
Mono: successfully reloaded assembly
- Completed reload, in  0.661 seconds
Platform modules already initialized, skipping
Refreshing native plugins compatible for Editor in 0.52 ms, found 1 plugins.
Preloading 0 native plugins for Editor in 0.00 ms.
Unloading 2663 Unused Serialized files (Serialized files now loaded: 0)
System memory in use before: 118.8 MB.
System memory in use after: 119.0 MB.

Unloading 10 unused Assets to reduce memory usage. Loaded Objects now: 3185.
Total: 1.628500 ms (FindLiveObjects: 0.200500 ms CreateObjectMapping: 0.063100 ms MarkObjects: 1.321100 ms  DeleteObjects: 0.043000 ms)

========================================================================
Received Import Request.
  Time since last request: 30.195925 seconds.
  path: Assets/FabsToExport/Lighting.prefab
  artifactKey: Guid(685b4878480d2b14ebb159a490d425cc) Importer(815301076,1909f56bfc062723c751e8b465ee728b)
Start importing Assets/FabsToExport/Lighting.prefab using Guid(685b4878480d2b14ebb159a490d425cc) Importer(815301076,1909f56bfc062723c751e8b465ee728b)  -> (artifact id: 'b9f69897651382364a37fc4471a58823') in 0.024789 seconds 
========================================================================
Received Prepare
Refreshing native plugins compatible for Editor in 1.53 ms, found 1 plugins.
Preloading 0 native plugins for Editor in 0.00 ms.
Unloading 7 Unused Serialized files (Serialized files now loaded: 0)
System memory in use before: 66.3 MB.
System memory in use after: 66.5 MB.

Unloading 7 unused Assets to reduce memory usage. Loaded Objects now: 3185.
Total: 1.945700 ms (FindLiveObjects: 0.205000 ms CreateObjectMapping: 0.060000 ms MarkObjects: 1.645500 ms  DeleteObjects: 0.034600 ms)

AssetImportParameters requested are different than current active one (requested -> active):
  colorSpace: 1 -> 0
AssetImportWorkerClient::OnTransportError - code=2 error=End of file
